<?xml version="1.0" encoding="UTF-8"?>
<coverage generated="1675784794287" clover="3.2.0">
  <project timestamp="1675784794287" name="All files">
    <metrics statements="336" coveredstatements="295" conditionals="152" coveredconditionals="102" methods="63" coveredmethods="54" elements="551" coveredelements="451" complexity="0" loc="336" ncloc="336" packages="1" files="5" classes="5"/>
    <file name="apiService.js" path="/Users/anupambaranwal/codes/sdk/jsPMClient/apiService.js">
      <metrics statements="45" coveredstatements="32" conditionals="39" coveredconditionals="21" methods="4" coveredmethods="4"/>
      <line num="1" count="1" type="stmt"/>
      <line num="2" count="1" type="stmt"/>
      <line num="3" count="1" type="stmt"/>
      <line num="4" count="1" type="stmt"/>
      <line num="7" count="1" type="cond" truecount="0" falsecount="3"/>
      <line num="8" count="49" type="stmt"/>
      <line num="9" count="49" type="stmt"/>
      <line num="10" count="49" type="stmt"/>
      <line num="11" count="49" type="cond" truecount="2" falsecount="0"/>
      <line num="12" count="9" type="stmt"/>
      <line num="13" count="9" type="stmt"/>
      <line num="16" count="49" type="cond" truecount="2" falsecount="0"/>
      <line num="17" count="11" type="stmt"/>
      <line num="20" count="49" type="stmt"/>
      <line num="27" count="49" type="cond" truecount="2" falsecount="0"/>
      <line num="28" count="29" type="stmt"/>
      <line num="30" count="49" type="stmt"/>
      <line num="32" count="49" type="stmt"/>
      <line num="33" count="49" type="stmt"/>
      <line num="34" count="49" type="cond" truecount="4" falsecount="0"/>
      <line num="35" count="44" type="stmt"/>
      <line num="37" count="49" type="cond" truecount="2" falsecount="2"/>
      <line num="38" count="0" type="stmt"/>
      <line num="40" count="49" type="cond" truecount="2" falsecount="2"/>
      <line num="41" count="0" type="stmt"/>
      <line num="43" count="49" type="cond" truecount="3" falsecount="1"/>
      <line num="44" count="0" type="stmt"/>
      <line num="46" count="49" type="stmt"/>
      <line num="50" count="49" type="stmt"/>
      <line num="51" count="49" type="stmt"/>
      <line num="52" count="1" type="cond" truecount="1" falsecount="1"/>
      <line num="53" count="1" type="cond" truecount="1" falsecount="1"/>
      <line num="54" count="1" type="cond" truecount="1" falsecount="1"/>
      <line num="55" count="0" type="stmt"/>
      <line num="56" count="1" type="cond" truecount="1" falsecount="1"/>
      <line num="57" count="1" type="stmt"/>
      <line num="58" count="0" type="cond" truecount="0" falsecount="2"/>
      <line num="59" count="0" type="stmt"/>
      <line num="60" count="0" type="cond" truecount="0" falsecount="2"/>
      <line num="61" count="0" type="stmt"/>
      <line num="62" count="0" type="cond" truecount="0" falsecount="2"/>
      <line num="63" count="0" type="stmt"/>
      <line num="65" count="0" type="stmt"/>
      <line num="68" count="0" type="stmt"/>
      <line num="70" count="0" type="stmt"/>
    </file>
    <file name="constants.js" path="/Users/anupambaranwal/codes/sdk/jsPMClient/constants.js">
      <metrics statements="2" coveredstatements="2" conditionals="0" coveredconditionals="0" methods="0" coveredmethods="0"/>
      <line num="1" count="2" type="stmt"/>
      <line num="70" count="2" type="stmt"/>
    </file>
    <file name="exception.js" path="/Users/anupambaranwal/codes/sdk/jsPMClient/exception.js">
      <metrics statements="31" coveredstatements="31" conditionals="0" coveredconditionals="0" methods="6" coveredmethods="6"/>
      <line num="2" count="1" type="stmt"/>
      <line num="3" count="1" type="stmt"/>
      <line num="4" count="1" type="stmt"/>
      <line num="6" count="1" type="stmt"/>
      <line num="7" count="1" type="stmt"/>
      <line num="11" count="2" type="stmt"/>
      <line num="12" count="2" type="stmt"/>
      <line num="13" count="2" type="stmt"/>
      <line num="15" count="1" type="stmt"/>
      <line num="16" count="1" type="stmt"/>
      <line num="19" count="1" type="stmt"/>
      <line num="20" count="1" type="stmt"/>
      <line num="21" count="1" type="stmt"/>
      <line num="23" count="1" type="stmt"/>
      <line num="24" count="1" type="stmt"/>
      <line num="27" count="1" type="stmt"/>
      <line num="28" count="1" type="stmt"/>
      <line num="29" count="1" type="stmt"/>
      <line num="31" count="1" type="stmt"/>
      <line num="32" count="1" type="stmt"/>
      <line num="35" count="1" type="stmt"/>
      <line num="36" count="1" type="stmt"/>
      <line num="37" count="1" type="stmt"/>
      <line num="39" count="1" type="stmt"/>
      <line num="40" count="1" type="stmt"/>
      <line num="43" count="1" type="stmt"/>
      <line num="44" count="1" type="stmt"/>
      <line num="45" count="1" type="stmt"/>
      <line num="47" count="1" type="stmt"/>
      <line num="48" count="1" type="stmt"/>
      <line num="50" count="1" type="stmt"/>
    </file>
    <file name="livePriceWebSocket.js" path="/Users/anupambaranwal/codes/sdk/jsPMClient/livePriceWebSocket.js">
      <metrics statements="77" coveredstatements="68" conditionals="12" coveredconditionals="9" methods="17" coveredmethods="13"/>
      <line num="1" count="1" type="stmt"/>
      <line num="2" count="1" type="stmt"/>
      <line num="22" count="14" type="stmt"/>
      <line num="26" count="14" type="stmt"/>
      <line num="30" count="14" type="stmt"/>
      <line num="34" count="14" type="stmt"/>
      <line num="42" count="1" type="stmt"/>
      <line num="44" count="1" type="stmt"/>
      <line num="46" count="1" type="stmt"/>
      <line num="47" count="0" type="stmt"/>
      <line num="48" count="0" type="stmt"/>
      <line num="51" count="1" type="stmt"/>
      <line num="52" count="0" type="stmt"/>
      <line num="55" count="1" type="stmt"/>
      <line num="56" count="0" type="cond" truecount="0" falsecount="2"/>
      <line num="57" count="0" type="stmt"/>
      <line num="59" count="0" type="stmt"/>
      <line num="62" count="1" type="stmt"/>
      <line num="63" count="0" type="stmt"/>
      <line num="72" count="1" type="cond" truecount="3" falsecount="1"/>
      <line num="73" count="1" type="stmt"/>
      <line num="74" count="1" type="stmt"/>
      <line num="76" count="0" type="stmt"/>
      <line num="77" count="0" type="stmt"/>
      <line num="86" count="6" type="stmt"/>
      <line num="87" count="6" type="stmt"/>
      <line num="88" count="6" type="stmt"/>
      <line num="89" count="6" type="stmt"/>
      <line num="90" count="370" type="stmt"/>
      <line num="92" count="6" type="stmt"/>
      <line num="93" count="6" type="stmt"/>
      <line num="94" count="6" type="stmt"/>
      <line num="95" count="6" type="stmt"/>
      <line num="96" count="6" type="stmt"/>
      <line num="97" count="6" type="cond" truecount="6" falsecount="0"/>
      <line num="99" count="1" type="stmt"/>
      <line num="100" count="1" type="stmt"/>
      <line num="102" count="1" type="stmt"/>
      <line num="103" count="1" type="stmt"/>
      <line num="105" count="1" type="stmt"/>
      <line num="106" count="1" type="stmt"/>
      <line num="108" count="1" type="stmt"/>
      <line num="109" count="1" type="stmt"/>
      <line num="111" count="1" type="stmt"/>
      <line num="112" count="1" type="stmt"/>
      <line num="114" count="1" type="stmt"/>
      <line num="115" count="1" type="stmt"/>
      <line num="120" count="1" type="stmt"/>
      <line num="129" count="1" type="stmt"/>
      <line num="133" count="1" type="stmt"/>
      <line num="142" count="1" type="stmt"/>
      <line num="146" count="1" type="stmt"/>
      <line num="166" count="1" type="stmt"/>
      <line num="170" count="1" type="stmt"/>
      <line num="184" count="1" type="stmt"/>
      <line num="188" count="1" type="stmt"/>
      <line num="189" count="1" type="stmt"/>
      <line num="190" count="1" type="stmt"/>
      <line num="191" count="5" type="stmt"/>
      <line num="192" count="5" type="stmt"/>
      <line num="193" count="5" type="stmt"/>
      <line num="194" count="5" type="stmt"/>
      <line num="195" count="5" type="stmt"/>
      <line num="196" count="5" type="stmt"/>
      <line num="197" count="5" type="stmt"/>
      <line num="198" count="5" type="stmt"/>
      <line num="199" count="5" type="stmt"/>
      <line num="201" count="1" type="stmt"/>
      <line num="202" count="1" type="stmt"/>
      <line num="203" count="1" type="stmt"/>
      <line num="205" count="1" type="stmt"/>
      <line num="226" count="1" type="stmt"/>
      <line num="228" count="1" type="stmt"/>
      <line num="232" count="1" type="stmt"/>
      <line num="245" count="1" type="stmt"/>
      <line num="248" count="6" type="stmt"/>
      <line num="252" count="1" type="stmt"/>
    </file>
    <file name="pmClient.js" path="/Users/anupambaranwal/codes/sdk/jsPMClient/pmClient.js">
      <metrics statements="181" coveredstatements="162" conditionals="101" coveredconditionals="72" methods="36" coveredmethods="31"/>
      <line num="1" count="1" type="stmt"/>
      <line num="2" count="1" type="stmt"/>
      <line num="13" count="1" type="cond" truecount="3" falsecount="0"/>
      <line num="14" count="3" type="cond" truecount="4" falsecount="0"/>
      <line num="15" count="1" type="stmt"/>
      <line num="17" count="2" type="stmt"/>
      <line num="19" count="1" type="cond" truecount="2" falsecount="2"/>
      <line num="20" count="1" type="stmt"/>
      <line num="22" count="0" type="stmt"/>
      <line num="24" count="1" type="stmt"/>
      <line num="25" count="1" type="stmt"/>
      <line num="26" count="1" type="stmt"/>
      <line num="27" count="1" type="stmt"/>
      <line num="28" count="1" type="stmt"/>
      <line num="29" count="1" type="stmt"/>
      <line num="35" count="1" type="stmt"/>
      <line num="36" count="54" type="stmt"/>
      <line num="37" count="54" type="stmt"/>
      <line num="38" count="54" type="stmt"/>
      <line num="45" count="1" type="stmt"/>
      <line num="46" count="0" type="stmt"/>
      <line num="47" count="0" type="stmt"/>
      <line num="48" count="0" type="stmt"/>
      <line num="55" count="1" type="stmt"/>
      <line num="56" count="0" type="stmt"/>
      <line num="57" count="0" type="stmt"/>
      <line num="58" count="0" type="stmt"/>
      <line num="65" count="1" type="stmt"/>
      <line num="66" count="2" type="cond" truecount="4" falsecount="0"/>
      <line num="67" count="1" type="stmt"/>
      <line num="69" count="1" type="stmt"/>
      <line num="77" count="1" type="stmt"/>
      <line num="78" count="1" type="stmt"/>
      <line num="83" count="1" type="stmt"/>
      <line num="85" count="0" type="stmt"/>
      <line num="87" count="0" type="cond" truecount="0" falsecount="2"/>
      <line num="88" count="0" type="stmt"/>
      <line num="89" count="0" type="stmt"/>
      <line num="90" count="0" type="stmt"/>
      <line num="92" count="0" type="stmt"/>
      <line num="98" count="1" type="stmt"/>
      <line num="99" count="1" type="stmt"/>
      <line num="105" count="1" type="stmt"/>
      <line num="106" count="2" type="stmt"/>
      <line num="129" count="1" type="cond" truecount="5" falsecount="1"/>
      <line num="130" count="4" type="stmt"/>
      <line num="143" count="4" type="stmt"/>
      <line num="146" count="4" type="cond" truecount="4" falsecount="0"/>
      <line num="147" count="1" type="stmt"/>
      <line num="151" count="4" type="cond" truecount="4" falsecount="0"/>
      <line num="152" count="1" type="stmt"/>
      <line num="153" count="1" type="stmt"/>
      <line num="158" count="4" type="cond" truecount="2" falsecount="0"/>
      <line num="159" count="1" type="stmt"/>
      <line num="160" count="1" type="stmt"/>
      <line num="161" count="1" type="stmt"/>
      <line num="162" count="1" type="stmt"/>
      <line num="166" count="4" type="cond" truecount="2" falsecount="0"/>
      <line num="167" count="1" type="stmt"/>
      <line num="168" count="1" type="stmt"/>
      <line num="169" count="1" type="stmt"/>
      <line num="171" count="4" type="stmt"/>
      <line num="197" count="1" type="cond" truecount="0" falsecount="6"/>
      <line num="198" count="3" type="stmt"/>
      <line num="216" count="3" type="stmt"/>
      <line num="219" count="3" type="cond" truecount="2" falsecount="2"/>
      <line num="220" count="3" type="stmt"/>
      <line num="224" count="3" type="cond" truecount="3" falsecount="1"/>
      <line num="225" count="3" type="stmt"/>
      <line num="226" count="3" type="stmt"/>
      <line num="230" count="3" type="cond" truecount="2" falsecount="0"/>
      <line num="231" count="1" type="stmt"/>
      <line num="232" count="1" type="stmt"/>
      <line num="233" count="1" type="stmt"/>
      <line num="237" count="3" type="cond" truecount="2" falsecount="0"/>
      <line num="238" count="1" type="stmt"/>
      <line num="239" count="1" type="stmt"/>
      <line num="241" count="3" type="stmt"/>
      <line num="266" count="1" type="cond" truecount="3" falsecount="1"/>
      <line num="267" count="3" type="stmt"/>
      <line num="284" count="3" type="stmt"/>
      <line num="287" count="3" type="cond" truecount="2" falsecount="2"/>
      <line num="288" count="3" type="stmt"/>
      <line num="292" count="3" type="cond" truecount="2" falsecount="0"/>
      <line num="293" count="1" type="stmt"/>
      <line num="294" count="1" type="stmt"/>
      <line num="295" count="1" type="stmt"/>
      <line num="299" count="3" type="cond" truecount="2" falsecount="0"/>
      <line num="300" count="1" type="stmt"/>
      <line num="301" count="1" type="stmt"/>
      <line num="303" count="3" type="stmt"/>
      <line num="321" count="1" type="cond" truecount="0" falsecount="2"/>
      <line num="322" count="1" type="stmt"/>
      <line num="335" count="1" type="cond" truecount="3" falsecount="1"/>
      <line num="336" count="1" type="stmt"/>
      <line num="337" count="1" type="stmt"/>
      <line num="339" count="1" type="stmt"/>
      <line num="346" count="1" type="stmt"/>
      <line num="347" count="1" type="stmt"/>
      <line num="356" count="1" type="stmt"/>
      <line num="357" count="1" type="stmt"/>
      <line num="362" count="1" type="stmt"/>
      <line num="368" count="1" type="stmt"/>
      <line num="369" count="1" type="stmt"/>
      <line num="378" count="1" type="stmt"/>
      <line num="379" count="1" type="stmt"/>
      <line num="384" count="1" type="stmt"/>
      <line num="391" count="1" type="cond" truecount="1" falsecount="0"/>
      <line num="392" count="2" type="stmt"/>
      <line num="395" count="2" type="stmt"/>
      <line num="401" count="1" type="stmt"/>
      <line num="402" count="1" type="stmt"/>
      <line num="408" count="1" type="stmt"/>
      <line num="409" count="1" type="stmt"/>
      <line num="425" count="1" type="stmt"/>
      <line num="426" count="1" type="stmt"/>
      <line num="437" count="1" type="stmt"/>
      <line num="446" count="1" type="stmt"/>
      <line num="447" count="2" type="cond" truecount="2" falsecount="0"/>
      <line num="448" count="1" type="stmt"/>
      <line num="450" count="2" type="stmt"/>
      <line num="454" count="2" type="stmt"/>
      <line num="462" count="1" type="stmt"/>
      <line num="463" count="4" type="stmt"/>
      <line num="466" count="4" type="stmt"/>
      <line num="472" count="1" type="stmt"/>
      <line num="473" count="2" type="stmt"/>
      <line num="481" count="1" type="stmt"/>
      <line num="482" count="2" type="stmt"/>
      <line num="486" count="2" type="stmt"/>
      <line num="493" count="1" type="stmt"/>
      <line num="494" count="2" type="stmt"/>
      <line num="497" count="2" type="stmt"/>
      <line num="526" count="1" type="cond" truecount="2" falsecount="0"/>
      <line num="527" count="4" type="cond" truecount="6" falsecount="0"/>
      <line num="528" count="1" type="stmt"/>
      <line num="532" count="1" type="stmt"/>
      <line num="533" count="3" type="cond" truecount="5" falsecount="1"/>
      <line num="534" count="1" type="stmt"/>
      <line num="537" count="1" type="stmt"/>
      <line num="538" count="2" type="cond" truecount="5" falsecount="1"/>
      <line num="539" count="1" type="stmt"/>
      <line num="542" count="1" type="stmt"/>
      <line num="544" count="1" type="stmt"/>
      <line num="569" count="1" type="stmt"/>
      <line num="570" count="2" type="stmt"/>
      <line num="572" count="2" type="stmt"/>
      <line num="577" count="2" type="stmt"/>
      <line num="579" count="2" type="stmt"/>
      <line num="591" count="2" type="stmt"/>
      <line num="598" count="1" type="stmt"/>
      <line num="599" count="1" type="stmt"/>
      <line num="602" count="1" type="stmt"/>
      <line num="615" count="1" type="cond" truecount="0" falsecount="7"/>
      <line num="616" count="2" type="stmt"/>
      <line num="620" count="2" type="stmt"/>
      <line num="622" count="2" type="stmt"/>
      <line num="627" count="2" type="stmt"/>
      <line num="629" count="2" type="stmt"/>
      <line num="636" count="2" type="stmt"/>
      <line num="643" count="1" type="stmt"/>
      <line num="644" count="1" type="stmt"/>
      <line num="647" count="1" type="stmt"/>
      <line num="653" count="1" type="stmt"/>
      <line num="654" count="1" type="stmt"/>
      <line num="661" count="1" type="stmt"/>
      <line num="662" count="1" type="stmt"/>
      <line num="665" count="1" type="stmt"/>
      <line num="672" count="1" type="stmt"/>
      <line num="673" count="1" type="stmt"/>
      <line num="676" count="1" type="stmt"/>
      <line num="686" count="1" type="stmt"/>
      <line num="687" count="0" type="stmt"/>
      <line num="691" count="0" type="stmt"/>
      <line num="700" count="1" type="stmt"/>
      <line num="701" count="0" type="stmt"/>
      <line num="706" count="0" type="stmt"/>
      <line num="713" count="1" type="stmt"/>
      <line num="714" count="0" type="stmt"/>
      <line num="717" count="0" type="stmt"/>
      <line num="722" count="1" type="stmt"/>
    </file>
  </project>
</coverage>
