<?xml version="1.0" encoding="UTF-8"?>
<coverage generated="1679545918747" clover="3.2.0">
  <project timestamp="1679545918747" name="All files">
    <metrics statements="344" coveredstatements="304" conditionals="140" coveredconditionals="92" methods="65" coveredmethods="57" elements="549" coveredelements="453" complexity="0" loc="344" ncloc="344" packages="1" files="6" classes="6"/>
    <file name="apiService.js" path="/Users/sachinyadav/projects/eq-frontoffice/open-api-team/sdk/jsPMClient/apiService.js">
      <metrics statements="45" coveredstatements="24" conditionals="39" coveredconditionals="17" methods="4" coveredmethods="2"/>
      <line num="1" count="2" type="stmt"/>
      <line num="2" count="2" type="stmt"/>
      <line num="3" count="2" type="stmt"/>
      <line num="4" count="2" type="stmt"/>
      <line num="7" count="2" type="cond" truecount="3" falsecount="0"/>
      <line num="8" count="4" type="stmt"/>
      <line num="9" count="4" type="stmt"/>
      <line num="10" count="4" type="stmt"/>
      <line num="11" count="3" type="cond" truecount="2" falsecount="0"/>
      <line num="12" count="1" type="stmt"/>
      <line num="13" count="1" type="stmt"/>
      <line num="16" count="3" type="cond" truecount="2" falsecount="0"/>
      <line num="17" count="1" type="stmt"/>
      <line num="20" count="3" type="stmt"/>
      <line num="27" count="3" type="cond" truecount="1" falsecount="1"/>
      <line num="28" count="3" type="stmt"/>
      <line num="30" count="3" type="stmt"/>
      <line num="32" count="3" type="stmt"/>
      <line num="33" count="3" type="stmt"/>
      <line num="34" count="3" type="cond" truecount="2" falsecount="2"/>
      <line num="35" count="0" type="stmt"/>
      <line num="37" count="3" type="cond" truecount="2" falsecount="2"/>
      <line num="38" count="0" type="stmt"/>
      <line num="40" count="3" type="cond" truecount="2" falsecount="2"/>
      <line num="41" count="0" type="stmt"/>
      <line num="43" count="3" type="cond" truecount="3" falsecount="1"/>
      <line num="44" count="3" type="stmt"/>
      <line num="46" count="0" type="stmt"/>
      <line num="50" count="0" type="stmt"/>
      <line num="51" count="0" type="stmt"/>
      <line num="52" count="0" type="cond" truecount="0" falsecount="2"/>
      <line num="53" count="0" type="cond" truecount="0" falsecount="2"/>
      <line num="54" count="0" type="cond" truecount="0" falsecount="2"/>
      <line num="55" count="0" type="stmt"/>
      <line num="56" count="0" type="cond" truecount="0" falsecount="2"/>
      <line num="57" count="0" type="stmt"/>
      <line num="58" count="0" type="cond" truecount="0" falsecount="2"/>
      <line num="59" count="0" type="stmt"/>
      <line num="60" count="0" type="cond" truecount="0" falsecount="2"/>
      <line num="61" count="0" type="stmt"/>
      <line num="62" count="0" type="cond" truecount="0" falsecount="2"/>
      <line num="63" count="0" type="stmt"/>
      <line num="65" count="0" type="stmt"/>
      <line num="68" count="0" type="stmt"/>
      <line num="70" count="0" type="stmt"/>
    </file>
    <file name="constants.js" path="/Users/sachinyadav/projects/eq-frontoffice/open-api-team/sdk/jsPMClient/constants.js">
      <metrics statements="2" coveredstatements="2" conditionals="0" coveredconditionals="0" methods="0" coveredmethods="0"/>
      <line num="1" count="3" type="stmt"/>
      <line num="70" count="3" type="stmt"/>
    </file>
    <file name="epochConverterUtil.js" path="/Users/sachinyadav/projects/eq-frontoffice/open-api-team/sdk/jsPMClient/epochConverterUtil.js">
      <metrics statements="4" coveredstatements="4" conditionals="0" coveredconditionals="0" methods="1" coveredmethods="1"/>
      <line num="5" count="5" type="stmt"/>
      <line num="6" count="5" type="stmt"/>
      <line num="7" count="5" type="stmt"/>
      <line num="10" count="2" type="stmt"/>
    </file>
    <file name="exception.js" path="/Users/sachinyadav/projects/eq-frontoffice/open-api-team/sdk/jsPMClient/exception.js">
      <metrics statements="31" coveredstatements="31" conditionals="0" coveredconditionals="0" methods="6" coveredmethods="6"/>
      <line num="2" count="1" type="stmt"/>
      <line num="3" count="1" type="stmt"/>
      <line num="4" count="1" type="stmt"/>
      <line num="6" count="2" type="stmt"/>
      <line num="7" count="2" type="stmt"/>
      <line num="11" count="1" type="stmt"/>
      <line num="12" count="1" type="stmt"/>
      <line num="13" count="1" type="stmt"/>
      <line num="15" count="2" type="stmt"/>
      <line num="16" count="2" type="stmt"/>
      <line num="19" count="5" type="stmt"/>
      <line num="20" count="5" type="stmt"/>
      <line num="21" count="5" type="stmt"/>
      <line num="23" count="2" type="stmt"/>
      <line num="24" count="2" type="stmt"/>
      <line num="27" count="1" type="stmt"/>
      <line num="28" count="1" type="stmt"/>
      <line num="29" count="1" type="stmt"/>
      <line num="31" count="2" type="stmt"/>
      <line num="32" count="2" type="stmt"/>
      <line num="35" count="1" type="stmt"/>
      <line num="36" count="1" type="stmt"/>
      <line num="37" count="1" type="stmt"/>
      <line num="39" count="2" type="stmt"/>
      <line num="40" count="2" type="stmt"/>
      <line num="43" count="1" type="stmt"/>
      <line num="44" count="1" type="stmt"/>
      <line num="45" count="1" type="stmt"/>
      <line num="47" count="2" type="stmt"/>
      <line num="48" count="2" type="stmt"/>
      <line num="50" count="2" type="stmt"/>
    </file>
    <file name="livePriceWebSocket.js" path="/Users/sachinyadav/projects/eq-frontoffice/open-api-team/sdk/jsPMClient/livePriceWebSocket.js">
      <metrics statements="78" coveredstatements="69" conditionals="12" coveredconditionals="9" methods="17" coveredmethods="13"/>
      <line num="1" count="1" type="stmt"/>
      <line num="2" count="1" type="stmt"/>
      <line num="3" count="1" type="stmt"/>
      <line num="23" count="14" type="stmt"/>
      <line num="27" count="14" type="stmt"/>
      <line num="31" count="14" type="stmt"/>
      <line num="35" count="14" type="stmt"/>
      <line num="43" count="1" type="stmt"/>
      <line num="45" count="1" type="stmt"/>
      <line num="47" count="1" type="stmt"/>
      <line num="48" count="0" type="stmt"/>
      <line num="49" count="0" type="stmt"/>
      <line num="52" count="1" type="stmt"/>
      <line num="53" count="0" type="stmt"/>
      <line num="56" count="1" type="stmt"/>
      <line num="57" count="0" type="cond" truecount="0" falsecount="2"/>
      <line num="58" count="0" type="stmt"/>
      <line num="60" count="0" type="stmt"/>
      <line num="63" count="1" type="stmt"/>
      <line num="64" count="0" type="stmt"/>
      <line num="73" count="1" type="cond" truecount="3" falsecount="1"/>
      <line num="74" count="1" type="stmt"/>
      <line num="75" count="1" type="stmt"/>
      <line num="77" count="0" type="stmt"/>
      <line num="78" count="0" type="stmt"/>
      <line num="87" count="6" type="stmt"/>
      <line num="88" count="6" type="stmt"/>
      <line num="89" count="6" type="stmt"/>
      <line num="90" count="6" type="stmt"/>
      <line num="91" count="370" type="stmt"/>
      <line num="93" count="6" type="stmt"/>
      <line num="94" count="6" type="stmt"/>
      <line num="95" count="6" type="stmt"/>
      <line num="96" count="6" type="stmt"/>
      <line num="97" count="6" type="stmt"/>
      <line num="98" count="6" type="cond" truecount="6" falsecount="0"/>
      <line num="100" count="1" type="stmt"/>
      <line num="101" count="1" type="stmt"/>
      <line num="103" count="1" type="stmt"/>
      <line num="104" count="1" type="stmt"/>
      <line num="106" count="1" type="stmt"/>
      <line num="107" count="1" type="stmt"/>
      <line num="109" count="1" type="stmt"/>
      <line num="110" count="1" type="stmt"/>
      <line num="112" count="1" type="stmt"/>
      <line num="113" count="1" type="stmt"/>
      <line num="115" count="1" type="stmt"/>
      <line num="116" count="1" type="stmt"/>
      <line num="121" count="1" type="stmt"/>
      <line num="130" count="1" type="stmt"/>
      <line num="134" count="1" type="stmt"/>
      <line num="143" count="1" type="stmt"/>
      <line num="147" count="1" type="stmt"/>
      <line num="167" count="1" type="stmt"/>
      <line num="171" count="1" type="stmt"/>
      <line num="185" count="1" type="stmt"/>
      <line num="189" count="1" type="stmt"/>
      <line num="190" count="1" type="stmt"/>
      <line num="191" count="1" type="stmt"/>
      <line num="192" count="5" type="stmt"/>
      <line num="193" count="5" type="stmt"/>
      <line num="194" count="5" type="stmt"/>
      <line num="195" count="5" type="stmt"/>
      <line num="196" count="5" type="stmt"/>
      <line num="197" count="5" type="stmt"/>
      <line num="198" count="5" type="stmt"/>
      <line num="199" count="5" type="stmt"/>
      <line num="200" count="5" type="stmt"/>
      <line num="202" count="1" type="stmt"/>
      <line num="203" count="1" type="stmt"/>
      <line num="204" count="1" type="stmt"/>
      <line num="206" count="1" type="stmt"/>
      <line num="227" count="1" type="stmt"/>
      <line num="229" count="1" type="stmt"/>
      <line num="233" count="1" type="stmt"/>
      <line num="246" count="1" type="stmt"/>
      <line num="249" count="6" type="stmt"/>
      <line num="253" count="1" type="stmt"/>
    </file>
    <file name="pmClient.js" path="/Users/sachinyadav/projects/eq-frontoffice/open-api-team/sdk/jsPMClient/pmClient.js">
      <metrics statements="184" coveredstatements="174" conditionals="89" coveredconditionals="66" methods="37" coveredmethods="35"/>
      <line num="1" count="1" type="stmt"/>
      <line num="2" count="1" type="stmt"/>
      <line num="3" count="1" type="stmt"/>
      <line num="4" count="1" type="stmt"/>
      <line num="17" count="1" type="cond" truecount="3" falsecount="0"/>
      <line num="18" count="3" type="cond" truecount="4" falsecount="0"/>
      <line num="19" count="2" type="stmt"/>
      <line num="21" count="1" type="stmt"/>
      <line num="23" count="2" type="cond" truecount="4" falsecount="0"/>
      <line num="24" count="1" type="stmt"/>
      <line num="26" count="1" type="stmt"/>
      <line num="28" count="1" type="stmt"/>
      <line num="29" count="1" type="stmt"/>
      <line num="30" count="1" type="stmt"/>
      <line num="31" count="1" type="stmt"/>
      <line num="32" count="1" type="stmt"/>
      <line num="33" count="1" type="stmt"/>
      <line num="39" count="1" type="stmt"/>
      <line num="40" count="5" type="stmt"/>
      <line num="41" count="5" type="stmt"/>
      <line num="42" count="5" type="stmt"/>
      <line num="49" count="1" type="stmt"/>
      <line num="50" count="3" type="stmt"/>
      <line num="51" count="3" type="stmt"/>
      <line num="52" count="3" type="stmt"/>
      <line num="59" count="1" type="stmt"/>
      <line num="60" count="3" type="stmt"/>
      <line num="61" count="3" type="stmt"/>
      <line num="62" count="3" type="stmt"/>
      <line num="69" count="1" type="stmt"/>
      <line num="70" count="2" type="cond" truecount="4" falsecount="0"/>
      <line num="71" count="1" type="stmt"/>
      <line num="73" count="1" type="stmt"/>
      <line num="81" count="1" type="stmt"/>
      <line num="82" count="1" type="stmt"/>
      <line num="87" count="1" type="stmt"/>
      <line num="89" count="1" type="stmt"/>
      <line num="91" count="1" type="cond" truecount="1" falsecount="1"/>
      <line num="92" count="1" type="stmt"/>
      <line num="93" count="1" type="stmt"/>
      <line num="94" count="1" type="stmt"/>
      <line num="96" count="1" type="stmt"/>
      <line num="102" count="1" type="stmt"/>
      <line num="103" count="1" type="stmt"/>
      <line num="109" count="1" type="stmt"/>
      <line num="110" count="2" type="stmt"/>
      <line num="131" count="1" type="cond" truecount="3" falsecount="1"/>
      <line num="132" count="4" type="stmt"/>
      <line num="145" count="4" type="stmt"/>
      <line num="148" count="4" type="cond" truecount="4" falsecount="0"/>
      <line num="149" count="1" type="stmt"/>
      <line num="153" count="4" type="cond" truecount="2" falsecount="0"/>
      <line num="154" count="1" type="stmt"/>
      <line num="155" count="1" type="stmt"/>
      <line num="156" count="1" type="stmt"/>
      <line num="157" count="1" type="stmt"/>
      <line num="161" count="4" type="cond" truecount="2" falsecount="0"/>
      <line num="162" count="1" type="stmt"/>
      <line num="163" count="1" type="stmt"/>
      <line num="164" count="1" type="stmt"/>
      <line num="166" count="4" type="stmt"/>
      <line num="190" count="1" type="cond" truecount="0" falsecount="4"/>
      <line num="191" count="4" type="stmt"/>
      <line num="209" count="4" type="stmt"/>
      <line num="212" count="4" type="cond" truecount="2" falsecount="2"/>
      <line num="213" count="4" type="stmt"/>
      <line num="217" count="4" type="cond" truecount="2" falsecount="0"/>
      <line num="218" count="1" type="stmt"/>
      <line num="219" count="1" type="stmt"/>
      <line num="220" count="1" type="stmt"/>
      <line num="224" count="4" type="cond" truecount="2" falsecount="0"/>
      <line num="225" count="1" type="stmt"/>
      <line num="226" count="1" type="stmt"/>
      <line num="228" count="4" type="stmt"/>
      <line num="253" count="1" type="cond" truecount="3" falsecount="1"/>
      <line num="254" count="4" type="stmt"/>
      <line num="271" count="4" type="stmt"/>
      <line num="274" count="4" type="cond" truecount="3" falsecount="1"/>
      <line num="275" count="4" type="stmt"/>
      <line num="279" count="4" type="cond" truecount="2" falsecount="0"/>
      <line num="280" count="1" type="stmt"/>
      <line num="281" count="1" type="stmt"/>
      <line num="282" count="1" type="stmt"/>
      <line num="286" count="4" type="cond" truecount="2" falsecount="0"/>
      <line num="287" count="1" type="stmt"/>
      <line num="288" count="1" type="stmt"/>
      <line num="290" count="4" type="stmt"/>
      <line num="306" count="1" type="stmt"/>
      <line num="307" count="1" type="stmt"/>
      <line num="318" count="1" type="stmt"/>
      <line num="325" count="1" type="stmt"/>
      <line num="326" count="1" type="stmt"/>
      <line num="335" count="1" type="stmt"/>
      <line num="336" count="1" type="stmt"/>
      <line num="341" count="1" type="stmt"/>
      <line num="347" count="1" type="stmt"/>
      <line num="348" count="1" type="stmt"/>
      <line num="357" count="1" type="stmt"/>
      <line num="358" count="1" type="stmt"/>
      <line num="363" count="1" type="stmt"/>
      <line num="370" count="1" type="cond" truecount="1" falsecount="0"/>
      <line num="371" count="2" type="stmt"/>
      <line num="374" count="2" type="stmt"/>
      <line num="380" count="1" type="stmt"/>
      <line num="381" count="1" type="stmt"/>
      <line num="387" count="1" type="stmt"/>
      <line num="388" count="1" type="stmt"/>
      <line num="404" count="1" type="stmt"/>
      <line num="405" count="1" type="stmt"/>
      <line num="416" count="1" type="stmt"/>
      <line num="425" count="1" type="stmt"/>
      <line num="426" count="2" type="cond" truecount="2" falsecount="0"/>
      <line num="427" count="1" type="stmt"/>
      <line num="429" count="2" type="stmt"/>
      <line num="433" count="2" type="stmt"/>
      <line num="441" count="1" type="stmt"/>
      <line num="442" count="2" type="cond" truecount="2" falsecount="0"/>
      <line num="443" count="1" type="stmt"/>
      <line num="445" count="1" type="stmt"/>
      <line num="448" count="1" type="stmt"/>
      <line num="454" count="1" type="stmt"/>
      <line num="455" count="2" type="stmt"/>
      <line num="463" count="1" type="stmt"/>
      <line num="464" count="2" type="stmt"/>
      <line num="468" count="2" type="stmt"/>
      <line num="475" count="1" type="stmt"/>
      <line num="476" count="2" type="stmt"/>
      <line num="479" count="2" type="stmt"/>
      <line num="508" count="1" type="cond" truecount="2" falsecount="0"/>
      <line num="509" count="4" type="cond" truecount="6" falsecount="0"/>
      <line num="510" count="1" type="stmt"/>
      <line num="514" count="1" type="stmt"/>
      <line num="515" count="3" type="cond" truecount="5" falsecount="1"/>
      <line num="516" count="1" type="stmt"/>
      <line num="519" count="1" type="stmt"/>
      <line num="520" count="2" type="cond" truecount="5" falsecount="1"/>
      <line num="521" count="1" type="stmt"/>
      <line num="524" count="1" type="stmt"/>
      <line num="526" count="1" type="stmt"/>
      <line num="551" count="1" type="stmt"/>
      <line num="552" count="2" type="stmt"/>
      <line num="554" count="2" type="stmt"/>
      <line num="559" count="2" type="stmt"/>
      <line num="561" count="2" type="stmt"/>
      <line num="573" count="2" type="stmt"/>
      <line num="580" count="1" type="stmt"/>
      <line num="581" count="1" type="stmt"/>
      <line num="584" count="1" type="stmt"/>
      <line num="597" count="1" type="cond" truecount="0" falsecount="7"/>
      <line num="598" count="2" type="stmt"/>
      <line num="602" count="2" type="stmt"/>
      <line num="604" count="2" type="stmt"/>
      <line num="609" count="2" type="stmt"/>
      <line num="611" count="2" type="stmt"/>
      <line num="618" count="2" type="stmt"/>
      <line num="625" count="1" type="stmt"/>
      <line num="626" count="1" type="stmt"/>
      <line num="629" count="1" type="stmt"/>
      <line num="635" count="1" type="stmt"/>
      <line num="636" count="1" type="stmt"/>
      <line num="643" count="1" type="stmt"/>
      <line num="644" count="1" type="stmt"/>
      <line num="647" count="1" type="stmt"/>
      <line num="654" count="1" type="stmt"/>
      <line num="655" count="1" type="stmt"/>
      <line num="658" count="1" type="stmt"/>
      <line num="666" count="1" type="stmt"/>
      <line num="668" count="0" type="stmt"/>
      <line num="672" count="0" type="stmt"/>
      <line num="674" count="0" type="stmt"/>
      <line num="675" count="0" type="stmt"/>
      <line num="676" count="0" type="cond" truecount="0" falsecount="2"/>
      <line num="677" count="0" type="stmt"/>
      <line num="679" count="0" type="cond" truecount="0" falsecount="2"/>
      <line num="680" count="0" type="stmt"/>
      <line num="683" count="0" type="stmt"/>
      <line num="686" count="0" type="stmt"/>
      <line num="695" count="1" type="stmt"/>
      <line num="696" count="1" type="stmt"/>
      <line num="701" count="1" type="stmt"/>
      <line num="708" count="1" type="stmt"/>
      <line num="709" count="1" type="stmt"/>
      <line num="712" count="1" type="stmt"/>
      <line num="717" count="1" type="stmt"/>
    </file>
  </project>
</coverage>
