{"/Users/abhishekkumar/Desktop/code/jsPMClient/apiService.js": {"path":"/Users/abhishekkumar/Desktop/code/jsPMClient/apiService.js","statementMap":{"0":{"start":{"line":1,"column":16},"end":{"line":1,"column":34}},"1":{"start":{"line":2,"column":20},"end":{"line":2,"column":42}},"2":{"start":{"line":3,"column":18},"end":{"line":3,"column":50}},"3":{"start":{"line":4,"column":18},"end":{"line":4,"column":40}},"4":{"start":{"line":7,"column":0},"end":{"line":74,"column":1}},"5":{"start":{"line":8,"column":23},"end":{"line":8,"column":46}},"6":{"start":{"line":9,"column":22},"end":{"line":9,"column":51}},"7":{"start":{"line":10,"column":14},"end":{"line":10,"column":49}},"8":{"start":{"line":11,"column":4},"end":{"line":15,"column":5}},"9":{"start":{"line":12,"column":8},"end":{"line":14,"column":9}},"10":{"start":{"line":13,"column":12},"end":{"line":13,"column":59}},"11":{"start":{"line":16,"column":4},"end":{"line":18,"column":5}},"12":{"start":{"line":17,"column":8},"end":{"line":17,"column":34}},"13":{"start":{"line":20,"column":18},"end":{"line":25,"column":5}},"14":{"start":{"line":27,"column":4},"end":{"line":29,"column":5}},"15":{"start":{"line":28,"column":8},"end":{"line":28,"column":31}},"16":{"start":{"line":30,"column":4},"end":{"line":30,"column":126}},"17":{"start":{"line":32,"column":21},"end":{"line":32,"column":38}},"18":{"start":{"line":33,"column":24},"end":{"line":33,"column":28}},"19":{"start":{"line":34,"column":8},"end":{"line":36,"column":9}},"20":{"start":{"line":35,"column":12},"end":{"line":35,"column":36}},"21":{"start":{"line":37,"column":8},"end":{"line":39,"column":9}},"22":{"start":{"line":38,"column":12},"end":{"line":38,"column":43}},"23":{"start":{"line":40,"column":8},"end":{"line":42,"column":9}},"24":{"start":{"line":41,"column":12},"end":{"line":41,"column":41}},"25":{"start":{"line":43,"column":8},"end":{"line":45,"column":9}},"26":{"start":{"line":44,"column":12},"end":{"line":44,"column":65}},"27":{"start":{"line":46,"column":8},"end":{"line":46,"column":24}},"28":{"start":{"line":50,"column":4},"end":{"line":73,"column":7}},"29":{"start":{"line":51,"column":8},"end":{"line":72,"column":11}},"30":{"start":{"line":52,"column":12},"end":{"line":71,"column":13}},"31":{"start":{"line":53,"column":16},"end":{"line":67,"column":17}},"32":{"start":{"line":54,"column":20},"end":{"line":66,"column":21}},"33":{"start":{"line":55,"column":24},"end":{"line":55,"column":66}},"34":{"start":{"line":56,"column":27},"end":{"line":66,"column":21}},"35":{"start":{"line":57,"column":24},"end":{"line":57,"column":65}},"36":{"start":{"line":58,"column":27},"end":{"line":66,"column":21}},"37":{"start":{"line":59,"column":24},"end":{"line":59,"column":64}},"38":{"start":{"line":60,"column":27},"end":{"line":66,"column":21}},"39":{"start":{"line":61,"column":24},"end":{"line":61,"column":65}},"40":{"start":{"line":62,"column":27},"end":{"line":66,"column":21}},"41":{"start":{"line":63,"column":24},"end":{"line":63,"column":62}},"42":{"start":{"line":65,"column":24},"end":{"line":65,"column":61}},"43":{"start":{"line":68,"column":16},"end":{"line":68,"column":30}},"44":{"start":{"line":70,"column":16},"end":{"line":70,"column":30}}},"fnMap":{"0":{"name":"(anonymous_0)","decl":{"start":{"line":7,"column":15},"end":{"line":7,"column":16}},"loc":{"start":{"line":7,"column":81},"end":{"line":74,"column":1}},"line":7},"1":{"name":"validate_token","decl":{"start":{"line":31,"column":13},"end":{"line":31,"column":27}},"loc":{"start":{"line":31,"column":83},"end":{"line":47,"column":5}},"line":31},"2":{"name":"(anonymous_2)","decl":{"start":{"line":50,"column":23},"end":{"line":50,"column":24}},"loc":{"start":{"line":50,"column":47},"end":{"line":73,"column":5}},"line":50},"3":{"name":"(anonymous_3)","decl":{"start":{"line":51,"column":25},"end":{"line":51,"column":26}},"loc":{"start":{"line":51,"column":56},"end":{"line":72,"column":9}},"line":51}},"branchMap":{"0":{"loc":{"start":{"line":7,"column":40},"end":{"line":7,"column":52}},"type":"default-arg","locations":[{"start":{"line":7,"column":48},"end":{"line":7,"column":52}}],"line":7},"1":{"loc":{"start":{"line":7,"column":53},"end":{"line":7,"column":64}},"type":"default-arg","locations":[{"start":{"line":7,"column":60},"end":{"line":7,"column":64}}],"line":7},"2":{"loc":{"start":{"line":7,"column":65},"end":{"line":7,"column":80}},"type":"default-arg","locations":[{"start":{"line":7,"column":76},"end":{"line":7,"column":80}}],"line":7},"3":{"loc":{"start":{"line":11,"column":4},"end":{"line":15,"column":5}},"type":"if","locations":[{"start":{"line":11,"column":4},"end":{"line":15,"column":5}},{"start":{},"end":{}}],"line":11},"4":{"loc":{"start":{"line":16,"column":4},"end":{"line":18,"column":5}},"type":"if","locations":[{"start":{"line":16,"column":4},"end":{"line":18,"column":5}},{"start":{},"end":{}}],"line":16},"5":{"loc":{"start":{"line":27,"column":4},"end":{"line":29,"column":5}},"type":"if","locations":[{"start":{"line":27,"column":4},"end":{"line":29,"column":5}},{"start":{},"end":{}}],"line":27},"6":{"loc":{"start":{"line":34,"column":8},"end":{"line":36,"column":9}},"type":"if","locations":[{"start":{"line":34,"column":8},"end":{"line":36,"column":9}},{"start":{},"end":{}}],"line":34},"7":{"loc":{"start":{"line":34,"column":12},"end":{"line":34,"column":59}},"type":"binary-expr","locations":[{"start":{"line":34,"column":12},"end":{"line":34,"column":24}},{"start":{"line":34,"column":28},"end":{"line":34,"column":59}}],"line":34},"8":{"loc":{"start":{"line":37,"column":8},"end":{"line":39,"column":9}},"type":"if","locations":[{"start":{"line":37,"column":8},"end":{"line":39,"column":9}},{"start":{},"end":{}}],"line":37},"9":{"loc":{"start":{"line":37,"column":12},"end":{"line":37,"column":73}},"type":"binary-expr","locations":[{"start":{"line":37,"column":12},"end":{"line":37,"column":31}},{"start":{"line":37,"column":35},"end":{"line":37,"column":73}}],"line":37},"10":{"loc":{"start":{"line":40,"column":8},"end":{"line":42,"column":9}},"type":"if","locations":[{"start":{"line":40,"column":8},"end":{"line":42,"column":9}},{"start":{},"end":{}}],"line":40},"11":{"loc":{"start":{"line":40,"column":12},"end":{"line":40,"column":69}},"type":"binary-expr","locations":[{"start":{"line":40,"column":12},"end":{"line":40,"column":29}},{"start":{"line":40,"column":33},"end":{"line":40,"column":69}}],"line":40},"12":{"loc":{"start":{"line":43,"column":8},"end":{"line":45,"column":9}},"type":"if","locations":[{"start":{"line":43,"column":8},"end":{"line":45,"column":9}},{"start":{},"end":{}}],"line":43},"13":{"loc":{"start":{"line":43,"column":12},"end":{"line":43,"column":48}},"type":"binary-expr","locations":[{"start":{"line":43,"column":12},"end":{"line":43,"column":27}},{"start":{"line":43,"column":31},"end":{"line":43,"column":48}}],"line":43},"14":{"loc":{"start":{"line":52,"column":12},"end":{"line":71,"column":13}},"type":"if","locations":[{"start":{"line":52,"column":12},"end":{"line":71,"column":13}},{"start":{"line":69,"column":19},"end":{"line":71,"column":13}}],"line":52},"15":{"loc":{"start":{"line":53,"column":16},"end":{"line":67,"column":17}},"type":"if","locations":[{"start":{"line":53,"column":16},"end":{"line":67,"column":17}},{"start":{},"end":{}}],"line":53},"16":{"loc":{"start":{"line":54,"column":20},"end":{"line":66,"column":21}},"type":"if","locations":[{"start":{"line":54,"column":20},"end":{"line":66,"column":21}},{"start":{"line":56,"column":27},"end":{"line":66,"column":21}}],"line":54},"17":{"loc":{"start":{"line":56,"column":27},"end":{"line":66,"column":21}},"type":"if","locations":[{"start":{"line":56,"column":27},"end":{"line":66,"column":21}},{"start":{"line":58,"column":27},"end":{"line":66,"column":21}}],"line":56},"18":{"loc":{"start":{"line":58,"column":27},"end":{"line":66,"column":21}},"type":"if","locations":[{"start":{"line":58,"column":27},"end":{"line":66,"column":21}},{"start":{"line":60,"column":27},"end":{"line":66,"column":21}}],"line":58},"19":{"loc":{"start":{"line":60,"column":27},"end":{"line":66,"column":21}},"type":"if","locations":[{"start":{"line":60,"column":27},"end":{"line":66,"column":21}},{"start":{"line":62,"column":27},"end":{"line":66,"column":21}}],"line":60},"20":{"loc":{"start":{"line":62,"column":27},"end":{"line":66,"column":21}},"type":"if","locations":[{"start":{"line":62,"column":27},"end":{"line":66,"column":21}},{"start":{"line":64,"column":27},"end":{"line":66,"column":21}}],"line":62}},"s":{"0":2,"1":2,"2":2,"3":2,"4":2,"5":4,"6":4,"7":4,"8":3,"9":1,"10":1,"11":3,"12":1,"13":3,"14":3,"15":3,"16":3,"17":3,"18":3,"19":3,"20":0,"21":3,"22":0,"23":3,"24":0,"25":3,"26":3,"27":0,"28":0,"29":0,"30":0,"31":0,"32":0,"33":0,"34":0,"35":0,"36":0,"37":0,"38":0,"39":0,"40":0,"41":0,"42":0,"43":0,"44":0},"f":{"0":4,"1":3,"2":0,"3":0},"b":{"0":[2],"1":[2],"2":[2],"3":[1,2],"4":[1,2],"5":[3,0],"6":[0,3],"7":[3,0],"8":[0,3],"9":[3,0],"10":[0,3],"11":[3,0],"12":[3,0],"13":[3,3],"14":[0,0],"15":[0,0],"16":[0,0],"17":[0,0],"18":[0,0],"19":[0,0],"20":[0,0]},"_coverageSchema":"1a1c01bbd47fc00a2c39e90264f33305004495a9","hash":"b81cf25e3773701cddd289c78f048d5c6fccac5a"}
,"/Users/abhishekkumar/Desktop/code/jsPMClient/constants.js": {"path":"/Users/abhishekkumar/Desktop/code/jsPMClient/constants.js","statementMap":{"0":{"start":{"line":1,"column":18},"end":{"line":69,"column":1}},"1":{"start":{"line":71,"column":0},"end":{"line":71,"column":29}}},"fnMap":{},"branchMap":{},"s":{"0":3,"1":3},"f":{},"b":{},"_coverageSchema":"1a1c01bbd47fc00a2c39e90264f33305004495a9","hash":"d5263e6e9dda758b970e700b279fd702cb346b4c"}
,"/Users/abhishekkumar/Desktop/code/jsPMClient/epochConverterUtil.js": {"path":"/Users/abhishekkumar/Desktop/code/jsPMClient/epochConverterUtil.js","statementMap":{"0":{"start":{"line":5,"column":4},"end":{"line":5,"column":36}},"1":{"start":{"line":6,"column":31},"end":{"line":6,"column":58}},"2":{"start":{"line":7,"column":4},"end":{"line":7,"column":29}},"3":{"start":{"line":10,"column":0},"end":{"line":10,"column":31}}},"fnMap":{"0":{"name":"EpochConverter","decl":{"start":{"line":1,"column":9},"end":{"line":1,"column":23}},"loc":{"start":{"line":1,"column":29},"end":{"line":8,"column":1}},"line":1}},"branchMap":{},"s":{"0":5,"1":5,"2":5,"3":2},"f":{"0":5},"b":{},"_coverageSchema":"1a1c01bbd47fc00a2c39e90264f33305004495a9","hash":"85d9c60fa54802a4ae8cc7c20fb7755b2b314a4c"}
,"/Users/abhishekkumar/Desktop/code/jsPMClient/exception.js": {"path":"/Users/abhishekkumar/Desktop/code/jsPMClient/exception.js","statementMap":{"0":{"start":{"line":2,"column":4},"end":{"line":2,"column":34}},"1":{"start":{"line":3,"column":4},"end":{"line":3,"column":27}},"2":{"start":{"line":4,"column":4},"end":{"line":4,"column":20}},"3":{"start":{"line":6,"column":0},"end":{"line":6,"column":59}},"4":{"start":{"line":7,"column":0},"end":{"line":7,"column":56}},"5":{"start":{"line":11,"column":4},"end":{"line":11,"column":33}},"6":{"start":{"line":12,"column":4},"end":{"line":12,"column":27}},"7":{"start":{"line":13,"column":4},"end":{"line":13,"column":20}},"8":{"start":{"line":15,"column":0},"end":{"line":15,"column":58}},"9":{"start":{"line":16,"column":0},"end":{"line":16,"column":54}},"10":{"start":{"line":19,"column":4},"end":{"line":19,"column":32}},"11":{"start":{"line":20,"column":4},"end":{"line":20,"column":27}},"12":{"start":{"line":21,"column":4},"end":{"line":21,"column":20}},"13":{"start":{"line":23,"column":0},"end":{"line":23,"column":57}},"14":{"start":{"line":24,"column":0},"end":{"line":24,"column":52}},"15":{"start":{"line":27,"column":4},"end":{"line":27,"column":33}},"16":{"start":{"line":28,"column":4},"end":{"line":28,"column":27}},"17":{"start":{"line":29,"column":4},"end":{"line":29,"column":20}},"18":{"start":{"line":31,"column":0},"end":{"line":31,"column":58}},"19":{"start":{"line":32,"column":0},"end":{"line":32,"column":54}},"20":{"start":{"line":35,"column":4},"end":{"line":35,"column":30}},"21":{"start":{"line":36,"column":4},"end":{"line":36,"column":27}},"22":{"start":{"line":37,"column":4},"end":{"line":37,"column":20}},"23":{"start":{"line":39,"column":0},"end":{"line":39,"column":55}},"24":{"start":{"line":40,"column":0},"end":{"line":40,"column":48}},"25":{"start":{"line":43,"column":4},"end":{"line":43,"column":29}},"26":{"start":{"line":44,"column":4},"end":{"line":44,"column":27}},"27":{"start":{"line":45,"column":4},"end":{"line":45,"column":20}},"28":{"start":{"line":47,"column":0},"end":{"line":47,"column":54}},"29":{"start":{"line":48,"column":0},"end":{"line":48,"column":46}},"30":{"start":{"line":50,"column":0},"end":{"line":50,"column":99}}},"fnMap":{"0":{"name":"ConnectionError","decl":{"start":{"line":1,"column":9},"end":{"line":1,"column":24}},"loc":{"start":{"line":1,"column":34},"end":{"line":5,"column":1}},"line":1},"1":{"name":"AttributeError","decl":{"start":{"line":10,"column":9},"end":{"line":10,"column":23}},"loc":{"start":{"line":10,"column":33},"end":{"line":14,"column":1}},"line":10},"2":{"name":"NotFoundError","decl":{"start":{"line":18,"column":9},"end":{"line":18,"column":22}},"loc":{"start":{"line":18,"column":32},"end":{"line":22,"column":1}},"line":18},"3":{"name":"MediaTypeError","decl":{"start":{"line":26,"column":9},"end":{"line":26,"column":23}},"loc":{"start":{"line":26,"column":33},"end":{"line":30,"column":1}},"line":26},"4":{"name":"ServerError","decl":{"start":{"line":34,"column":9},"end":{"line":34,"column":20}},"loc":{"start":{"line":34,"column":30},"end":{"line":38,"column":1}},"line":34},"5":{"name":"OtherError","decl":{"start":{"line":42,"column":9},"end":{"line":42,"column":19}},"loc":{"start":{"line":42,"column":29},"end":{"line":46,"column":1}},"line":42}},"branchMap":{},"s":{"0":1,"1":1,"2":1,"3":2,"4":2,"5":1,"6":1,"7":1,"8":2,"9":2,"10":5,"11":5,"12":5,"13":2,"14":2,"15":1,"16":1,"17":1,"18":2,"19":2,"20":1,"21":1,"22":1,"23":2,"24":2,"25":1,"26":1,"27":1,"28":2,"29":2,"30":2},"f":{"0":1,"1":1,"2":5,"3":1,"4":1,"5":1},"b":{},"_coverageSchema":"1a1c01bbd47fc00a2c39e90264f33305004495a9","hash":"acd059f161a1eca40b13f7eea7219e3c53adb010"}
,"/Users/abhishekkumar/Desktop/code/jsPMClient/livePriceWebSocket.js": {"path":"/Users/abhishekkumar/Desktop/code/jsPMClient/livePriceWebSocket.js","statementMap":{"0":{"start":{"line":1,"column":16},"end":{"line":1,"column":29}},"1":{"start":{"line":2,"column":18},"end":{"line":2,"column":50}},"2":{"start":{"line":3,"column":27},"end":{"line":3,"column":58}},"3":{"start":{"line":22,"column":18},"end":{"line":22,"column":23}},"4":{"start":{"line":24,"column":26},"end":{"line":24,"column":27}},"5":{"start":{"line":26,"column":21},"end":{"line":26,"column":22}},"6":{"start":{"line":28,"column":21},"end":{"line":28,"column":25}},"7":{"start":{"line":30,"column":16},"end":{"line":30,"column":20}},"8":{"start":{"line":33,"column":8},"end":{"line":33,"column":44}},"9":{"start":{"line":37,"column":8},"end":{"line":37,"column":46}},"10":{"start":{"line":41,"column":8},"end":{"line":41,"column":50}},"11":{"start":{"line":45,"column":8},"end":{"line":45,"column":46}},"12":{"start":{"line":49,"column":8},"end":{"line":49,"column":39}},"13":{"start":{"line":50,"column":8},"end":{"line":50,"column":53}},"14":{"start":{"line":58,"column":8},"end":{"line":58,"column":52}},"15":{"start":{"line":60,"column":8},"end":{"line":60,"column":46}},"16":{"start":{"line":62,"column":8},"end":{"line":65,"column":10}},"17":{"start":{"line":63,"column":12},"end":{"line":63,"column":54}},"18":{"start":{"line":64,"column":12},"end":{"line":64,"column":34}},"19":{"start":{"line":67,"column":8},"end":{"line":77,"column":10}},"20":{"start":{"line":68,"column":12},"end":{"line":68,"column":47}},"21":{"start":{"line":73,"column":12},"end":{"line":75,"column":13}},"22":{"start":{"line":74,"column":16},"end":{"line":74,"column":33}},"23":{"start":{"line":76,"column":12},"end":{"line":76,"column":34}},"24":{"start":{"line":79,"column":8},"end":{"line":84,"column":10}},"25":{"start":{"line":80,"column":12},"end":{"line":83,"column":64}},"26":{"start":{"line":81,"column":16},"end":{"line":81,"column":45}},"27":{"start":{"line":83,"column":16},"end":{"line":83,"column":64}},"28":{"start":{"line":86,"column":8},"end":{"line":95,"column":10}},"29":{"start":{"line":87,"column":12},"end":{"line":87,"column":37}},"30":{"start":{"line":89,"column":26},"end":{"line":89,"column":52}},"31":{"start":{"line":90,"column":12},"end":{"line":90,"column":63}},"32":{"start":{"line":92,"column":12},"end":{"line":94,"column":13}},"33":{"start":{"line":93,"column":16},"end":{"line":93,"column":33}},"34":{"start":{"line":103,"column":8},"end":{"line":106,"column":9}},"35":{"start":{"line":104,"column":12},"end":{"line":104,"column":57}},"36":{"start":{"line":105,"column":12},"end":{"line":105,"column":19}},"37":{"start":{"line":107,"column":8},"end":{"line":107,"column":47}},"38":{"start":{"line":108,"column":8},"end":{"line":108,"column":39}},"39":{"start":{"line":116,"column":8},"end":{"line":116,"column":68}},"40":{"start":{"line":116,"column":38},"end":{"line":116,"column":66}},"41":{"start":{"line":123,"column":8},"end":{"line":123,"column":46}},"42":{"start":{"line":124,"column":8},"end":{"line":124,"column":33}},"43":{"start":{"line":125,"column":8},"end":{"line":125,"column":33}},"44":{"start":{"line":126,"column":8},"end":{"line":128,"column":9}},"45":{"start":{"line":127,"column":12},"end":{"line":127,"column":30}},"46":{"start":{"line":129,"column":8},"end":{"line":129,"column":31}},"47":{"start":{"line":130,"column":8},"end":{"line":133,"column":9}},"48":{"start":{"line":131,"column":12},"end":{"line":131,"column":36}},"49":{"start":{"line":132,"column":12},"end":{"line":132,"column":39}},"50":{"start":{"line":140,"column":8},"end":{"line":142,"column":9}},"51":{"start":{"line":141,"column":12},"end":{"line":141,"column":32}},"52":{"start":{"line":151,"column":22},"end":{"line":151,"column":35}},"53":{"start":{"line":151,"column":48},"end":{"line":151,"column":50}},"54":{"start":{"line":152,"column":21},"end":{"line":152,"column":41}},"55":{"start":{"line":153,"column":21},"end":{"line":153,"column":38}},"56":{"start":{"line":154,"column":12},"end":{"line":156,"column":13}},"57":{"start":{"line":154,"column":25},"end":{"line":154,"column":26}},"58":{"start":{"line":155,"column":16},"end":{"line":155,"column":34}},"59":{"start":{"line":157,"column":22},"end":{"line":157,"column":38}},"60":{"start":{"line":158,"column":27},"end":{"line":158,"column":28}},"61":{"start":{"line":159,"column":12},"end":{"line":182,"column":13}},"62":{"start":{"line":160,"column":27},"end":{"line":160,"column":48}},"63":{"start":{"line":161,"column":16},"end":{"line":161,"column":40}},"64":{"start":{"line":162,"column":16},"end":{"line":181,"column":17}},"65":{"start":{"line":164,"column":24},"end":{"line":164,"column":48}},"66":{"start":{"line":165,"column":24},"end":{"line":165,"column":30}},"67":{"start":{"line":167,"column":24},"end":{"line":167,"column":50}},"68":{"start":{"line":168,"column":24},"end":{"line":168,"column":30}},"69":{"start":{"line":170,"column":24},"end":{"line":170,"column":49}},"70":{"start":{"line":171,"column":24},"end":{"line":171,"column":30}},"71":{"start":{"line":173,"column":24},"end":{"line":173,"column":43}},"72":{"start":{"line":174,"column":24},"end":{"line":174,"column":30}},"73":{"start":{"line":176,"column":24},"end":{"line":176,"column":45}},"74":{"start":{"line":177,"column":24},"end":{"line":177,"column":30}},"75":{"start":{"line":179,"column":24},"end":{"line":179,"column":44}},"76":{"start":{"line":180,"column":24},"end":{"line":180,"column":30}},"77":{"start":{"line":185,"column":16},"end":{"line":193,"column":19}},"78":{"start":{"line":194,"column":16},"end":{"line":194,"column":41}},"79":{"start":{"line":198,"column":16},"end":{"line":206,"column":19}},"80":{"start":{"line":207,"column":16},"end":{"line":207,"column":41}},"81":{"start":{"line":211,"column":16},"end":{"line":230,"column":19}},"82":{"start":{"line":231,"column":16},"end":{"line":231,"column":41}},"83":{"start":{"line":235,"column":16},"end":{"line":248,"column":19}},"84":{"start":{"line":249,"column":16},"end":{"line":249,"column":41}},"85":{"start":{"line":253,"column":33},"end":{"line":253,"column":35}},"86":{"start":{"line":254,"column":34},"end":{"line":254,"column":36}},"87":{"start":{"line":255,"column":16},"end":{"line":265,"column":17}},"88":{"start":{"line":255,"column":29},"end":{"line":255,"column":30}},"89":{"start":{"line":256,"column":32},"end":{"line":256,"column":58}},"90":{"start":{"line":257,"column":35},"end":{"line":257,"column":37}},"91":{"start":{"line":258,"column":20},"end":{"line":258,"column":92}},"92":{"start":{"line":259,"column":20},"end":{"line":259,"column":97}},"93":{"start":{"line":260,"column":20},"end":{"line":260,"column":93}},"94":{"start":{"line":261,"column":20},"end":{"line":261,"column":95}},"95":{"start":{"line":262,"column":20},"end":{"line":262,"column":107}},"96":{"start":{"line":263,"column":20},"end":{"line":263,"column":108}},"97":{"start":{"line":264,"column":20},"end":{"line":264,"column":50}},"98":{"start":{"line":266,"column":27},"end":{"line":266,"column":29}},"99":{"start":{"line":267,"column":16},"end":{"line":267,"column":46}},"100":{"start":{"line":268,"column":16},"end":{"line":268,"column":31}},"101":{"start":{"line":270,"column":16},"end":{"line":289,"column":66}},"102":{"start":{"line":291,"column":16},"end":{"line":291,"column":36}},"103":{"start":{"line":293,"column":16},"end":{"line":293,"column":30}},"104":{"start":{"line":297,"column":16},"end":{"line":309,"column":19}},"105":{"start":{"line":310,"column":16},"end":{"line":310,"column":41}},"106":{"start":{"line":313,"column":8},"end":{"line":313,"column":24}},"107":{"start":{"line":317,"column":0},"end":{"line":317,"column":36}}},"fnMap":{"0":{"name":"(anonymous_0)","decl":{"start":{"line":32,"column":4},"end":{"line":32,"column":5}},"loc":{"start":{"line":32,"column":38},"end":{"line":34,"column":5}},"line":32},"1":{"name":"(anonymous_1)","decl":{"start":{"line":36,"column":4},"end":{"line":36,"column":5}},"loc":{"start":{"line":36,"column":40},"end":{"line":38,"column":5}},"line":36},"2":{"name":"(anonymous_2)","decl":{"start":{"line":40,"column":4},"end":{"line":40,"column":5}},"loc":{"start":{"line":40,"column":44},"end":{"line":42,"column":5}},"line":40},"3":{"name":"(anonymous_3)","decl":{"start":{"line":44,"column":4},"end":{"line":44,"column":5}},"loc":{"start":{"line":44,"column":40},"end":{"line":46,"column":5}},"line":44},"4":{"name":"(anonymous_4)","decl":{"start":{"line":48,"column":4},"end":{"line":48,"column":5}},"loc":{"start":{"line":48,"column":56},"end":{"line":51,"column":5}},"line":48},"5":{"name":"(anonymous_5)","decl":{"start":{"line":57,"column":4},"end":{"line":57,"column":5}},"loc":{"start":{"line":57,"column":17},"end":{"line":96,"column":5}},"line":57},"6":{"name":"(anonymous_6)","decl":{"start":{"line":62,"column":31},"end":{"line":62,"column":32}},"loc":{"start":{"line":62,"column":37},"end":{"line":65,"column":9}},"line":62},"7":{"name":"(anonymous_7)","decl":{"start":{"line":67,"column":32},"end":{"line":67,"column":33}},"loc":{"start":{"line":67,"column":50},"end":{"line":77,"column":9}},"line":67},"8":{"name":"(anonymous_8)","decl":{"start":{"line":79,"column":34},"end":{"line":79,"column":35}},"loc":{"start":{"line":79,"column":46},"end":{"line":84,"column":9}},"line":79},"9":{"name":"(anonymous_9)","decl":{"start":{"line":86,"column":32},"end":{"line":86,"column":33}},"loc":{"start":{"line":86,"column":41},"end":{"line":95,"column":9}},"line":86},"10":{"name":"(anonymous_10)","decl":{"start":{"line":102,"column":4},"end":{"line":102,"column":5}},"loc":{"start":{"line":102,"column":20},"end":{"line":109,"column":5}},"line":102},"11":{"name":"(anonymous_11)","decl":{"start":{"line":115,"column":4},"end":{"line":115,"column":5}},"loc":{"start":{"line":115,"column":19},"end":{"line":117,"column":5}},"line":115},"12":{"name":"(anonymous_12)","decl":{"start":{"line":116,"column":27},"end":{"line":116,"column":28}},"loc":{"start":{"line":116,"column":38},"end":{"line":116,"column":66}},"line":116},"13":{"name":"(anonymous_13)","decl":{"start":{"line":122,"column":4},"end":{"line":122,"column":5}},"loc":{"start":{"line":122,"column":22},"end":{"line":134,"column":5}},"line":122},"14":{"name":"(anonymous_14)","decl":{"start":{"line":139,"column":4},"end":{"line":139,"column":5}},"loc":{"start":{"line":139,"column":17},"end":{"line":143,"column":5}},"line":139},"15":{"name":"(anonymous_15)","decl":{"start":{"line":150,"column":4},"end":{"line":150,"column":5}},"loc":{"start":{"line":150,"column":24},"end":{"line":314,"column":5}},"line":150},"16":{"name":"processLtpPacket","decl":{"start":{"line":184,"column":21},"end":{"line":184,"column":37}},"loc":{"start":{"line":184,"column":40},"end":{"line":195,"column":13}},"line":184},"17":{"name":"processIndexLtpPacket","decl":{"start":{"line":197,"column":21},"end":{"line":197,"column":42}},"loc":{"start":{"line":197,"column":45},"end":{"line":208,"column":13}},"line":197},"18":{"name":"processQuotePacket","decl":{"start":{"line":210,"column":21},"end":{"line":210,"column":39}},"loc":{"start":{"line":210,"column":42},"end":{"line":232,"column":13}},"line":210},"19":{"name":"processIndexQuotePacket","decl":{"start":{"line":234,"column":21},"end":{"line":234,"column":44}},"loc":{"start":{"line":234,"column":47},"end":{"line":250,"column":13}},"line":234},"20":{"name":"processFullPacket","decl":{"start":{"line":252,"column":21},"end":{"line":252,"column":38}},"loc":{"start":{"line":252,"column":41},"end":{"line":294,"column":13}},"line":252},"21":{"name":"processIndexFullPacket","decl":{"start":{"line":296,"column":21},"end":{"line":296,"column":43}},"loc":{"start":{"line":296,"column":46},"end":{"line":311,"column":13}},"line":296}},"branchMap":{"0":{"loc":{"start":{"line":73,"column":12},"end":{"line":75,"column":13}},"type":"if","locations":[{"start":{"line":73,"column":12},"end":{"line":75,"column":13}},{"start":{},"end":{}}],"line":73},"1":{"loc":{"start":{"line":73,"column":15},"end":{"line":73,"column":73}},"type":"binary-expr","locations":[{"start":{"line":73,"column":15},"end":{"line":73,"column":31}},{"start":{"line":73,"column":35},"end":{"line":73,"column":47}},{"start":{"line":73,"column":51},"end":{"line":73,"column":73}}],"line":73},"2":{"loc":{"start":{"line":80,"column":12},"end":{"line":83,"column":64}},"type":"if","locations":[{"start":{"line":80,"column":12},"end":{"line":83,"column":64}},{"start":{"line":83,"column":16},"end":{"line":83,"column":64}}],"line":80},"3":{"loc":{"start":{"line":90,"column":29},"end":{"line":90,"column":62}},"type":"cond-expr","locations":[{"start":{"line":90,"column":37},"end":{"line":90,"column":55}},{"start":{"line":90,"column":58},"end":{"line":90,"column":62}}],"line":90},"4":{"loc":{"start":{"line":92,"column":12},"end":{"line":94,"column":13}},"type":"if","locations":[{"start":{"line":92,"column":12},"end":{"line":94,"column":13}},{"start":{},"end":{}}],"line":92},"5":{"loc":{"start":{"line":92,"column":15},"end":{"line":92,"column":142}},"type":"binary-expr","locations":[{"start":{"line":92,"column":15},"end":{"line":92,"column":31}},{"start":{"line":92,"column":37},"end":{"line":92,"column":51}},{"start":{"line":92,"column":55},"end":{"line":92,"column":76}},{"start":{"line":92,"column":80},"end":{"line":92,"column":100}},{"start":{"line":92,"column":105},"end":{"line":92,"column":141}}],"line":92},"6":{"loc":{"start":{"line":103,"column":8},"end":{"line":106,"column":9}},"type":"if","locations":[{"start":{"line":103,"column":8},"end":{"line":106,"column":9}},{"start":{},"end":{}}],"line":103},"7":{"loc":{"start":{"line":103,"column":11},"end":{"line":103,"column":69}},"type":"binary-expr","locations":[{"start":{"line":103,"column":11},"end":{"line":103,"column":23}},{"start":{"line":103,"column":27},"end":{"line":103,"column":69}}],"line":103},"8":{"loc":{"start":{"line":126,"column":8},"end":{"line":128,"column":9}},"type":"if","locations":[{"start":{"line":126,"column":8},"end":{"line":128,"column":9}},{"start":{},"end":{}}],"line":126},"9":{"loc":{"start":{"line":130,"column":8},"end":{"line":133,"column":9}},"type":"if","locations":[{"start":{"line":130,"column":8},"end":{"line":133,"column":9}},{"start":{},"end":{}}],"line":130},"10":{"loc":{"start":{"line":130,"column":11},"end":{"line":130,"column":121}},"type":"binary-expr","locations":[{"start":{"line":130,"column":12},"end":{"line":130,"column":23}},{"start":{"line":130,"column":27},"end":{"line":130,"column":70}},{"start":{"line":130,"column":75},"end":{"line":130,"column":121}}],"line":130},"11":{"loc":{"start":{"line":140,"column":8},"end":{"line":142,"column":9}},"type":"if","locations":[{"start":{"line":140,"column":8},"end":{"line":142,"column":9}},{"start":{},"end":{}}],"line":140},"12":{"loc":{"start":{"line":140,"column":12},"end":{"line":140,"column":120}},"type":"binary-expr","locations":[{"start":{"line":140,"column":12},"end":{"line":140,"column":23}},{"start":{"line":140,"column":27},"end":{"line":140,"column":72}},{"start":{"line":140,"column":76},"end":{"line":140,"column":120}}],"line":140},"13":{"loc":{"start":{"line":162,"column":16},"end":{"line":181,"column":17}},"type":"switch","locations":[{"start":{"line":163,"column":20},"end":{"line":165,"column":30}},{"start":{"line":166,"column":20},"end":{"line":168,"column":30}},{"start":{"line":169,"column":20},"end":{"line":171,"column":30}},{"start":{"line":172,"column":20},"end":{"line":174,"column":30}},{"start":{"line":175,"column":20},"end":{"line":177,"column":30}},{"start":{"line":178,"column":20},"end":{"line":180,"column":30}}],"line":162}},"s":{"0":1,"1":1,"2":1,"3":1,"4":1,"5":1,"6":1,"7":1,"8":18,"9":18,"10":18,"11":18,"12":1,"13":1,"14":1,"15":1,"16":1,"17":0,"18":0,"19":1,"20":0,"21":0,"22":0,"23":0,"24":1,"25":0,"26":0,"27":0,"28":1,"29":1,"30":1,"31":1,"32":1,"33":0,"34":1,"35":1,"36":1,"37":0,"38":0,"39":2,"40":2,"41":1,"42":0,"43":0,"44":0,"45":0,"46":0,"47":0,"48":0,"49":0,"50":1,"51":1,"52":6,"53":6,"54":6,"55":6,"56":6,"57":6,"58":370,"59":6,"60":6,"61":6,"62":6,"63":6,"64":6,"65":1,"66":1,"67":1,"68":1,"69":1,"70":1,"71":1,"72":1,"73":1,"74":1,"75":1,"76":1,"77":1,"78":1,"79":1,"80":1,"81":1,"82":1,"83":1,"84":1,"85":1,"86":1,"87":1,"88":1,"89":5,"90":5,"91":5,"92":5,"93":5,"94":5,"95":5,"96":5,"97":5,"98":1,"99":1,"100":1,"101":1,"102":1,"103":1,"104":1,"105":1,"106":6,"107":1},"f":{"0":18,"1":18,"2":18,"3":18,"4":1,"5":1,"6":0,"7":0,"8":0,"9":1,"10":1,"11":2,"12":2,"13":1,"14":1,"15":6,"16":1,"17":1,"18":1,"19":1,"20":1,"21":1},"b":{"0":[0,0],"1":[0,0,0],"2":[0,0],"3":[0,1],"4":[0,1],"5":[1,0,0,0,0],"6":[1,0],"7":[1,1],"8":[0,0],"9":[0,0],"10":[0,0,0],"11":[1,0],"12":[1,1,1],"13":[1,1,1,1,1,1]},"_coverageSchema":"1a1c01bbd47fc00a2c39e90264f33305004495a9","hash":"e532fbf88f7358da91ec9359b794c80392f1471c"}
,"/Users/abhishekkumar/Desktop/code/jsPMClient/pmClient.js": {"path":"/Users/abhishekkumar/Desktop/code/jsPMClient/pmClient.js","statementMap":{"0":{"start":{"line":1,"column":19},"end":{"line":1,"column":42}},"1":{"start":{"line":2,"column":18},"end":{"line":2,"column":50}},"2":{"start":{"line":3,"column":18},"end":{"line":3,"column":40}},"3":{"start":{"line":4,"column":14},"end":{"line":4,"column":45}},"4":{"start":{"line":17,"column":16},"end":{"line":721,"column":1}},"5":{"start":{"line":18,"column":4},"end":{"line":22,"column":5}},"6":{"start":{"line":19,"column":8},"end":{"line":19,"column":31}},"7":{"start":{"line":21,"column":8},"end":{"line":21,"column":46}},"8":{"start":{"line":23,"column":4},"end":{"line":27,"column":5}},"9":{"start":{"line":24,"column":8},"end":{"line":24,"column":37}},"10":{"start":{"line":26,"column":8},"end":{"line":26,"column":49}},"11":{"start":{"line":28,"column":4},"end":{"line":28,"column":37}},"12":{"start":{"line":29,"column":4},"end":{"line":29,"column":43}},"13":{"start":{"line":30,"column":4},"end":{"line":30,"column":51}},"14":{"start":{"line":31,"column":4},"end":{"line":31,"column":57}},"15":{"start":{"line":32,"column":4},"end":{"line":32,"column":47}},"16":{"start":{"line":33,"column":4},"end":{"line":33,"column":53}},"17":{"start":{"line":39,"column":4},"end":{"line":43,"column":5}},"18":{"start":{"line":40,"column":8},"end":{"line":40,"column":41}},"19":{"start":{"line":41,"column":8},"end":{"line":41,"column":47}},"20":{"start":{"line":42,"column":8},"end":{"line":42,"column":33}},"21":{"start":{"line":49,"column":4},"end":{"line":53,"column":5}},"22":{"start":{"line":50,"column":8},"end":{"line":50,"column":55}},"23":{"start":{"line":51,"column":8},"end":{"line":51,"column":61}},"24":{"start":{"line":52,"column":8},"end":{"line":52,"column":40}},"25":{"start":{"line":59,"column":4},"end":{"line":63,"column":5}},"26":{"start":{"line":60,"column":8},"end":{"line":60,"column":51}},"27":{"start":{"line":61,"column":8},"end":{"line":61,"column":57}},"28":{"start":{"line":62,"column":8},"end":{"line":62,"column":38}},"29":{"start":{"line":69,"column":4},"end":{"line":75,"column":5}},"30":{"start":{"line":70,"column":8},"end":{"line":74,"column":9}},"31":{"start":{"line":71,"column":12},"end":{"line":71,"column":87}},"32":{"start":{"line":73,"column":12},"end":{"line":73,"column":52}},"33":{"start":{"line":81,"column":4},"end":{"line":97,"column":5}},"34":{"start":{"line":82,"column":27},"end":{"line":86,"column":9}},"35":{"start":{"line":87,"column":20},"end":{"line":87,"column":94}},"36":{"start":{"line":89,"column":20},"end":{"line":89,"column":37}},"37":{"start":{"line":91,"column":8},"end":{"line":95,"column":9}},"38":{"start":{"line":92,"column":12},"end":{"line":92,"column":55}},"39":{"start":{"line":93,"column":12},"end":{"line":93,"column":69}},"40":{"start":{"line":94,"column":12},"end":{"line":94,"column":65}},"41":{"start":{"line":96,"column":8},"end":{"line":96,"column":19}},"42":{"start":{"line":102,"column":4},"end":{"line":104,"column":5}},"43":{"start":{"line":103,"column":8},"end":{"line":103,"column":67}},"44":{"start":{"line":109,"column":4},"end":{"line":111,"column":5}},"45":{"start":{"line":110,"column":8},"end":{"line":110,"column":70}},"46":{"start":{"line":131,"column":4},"end":{"line":167,"column":5}},"47":{"start":{"line":132,"column":20},"end":{"line":144,"column":9}},"48":{"start":{"line":145,"column":21},"end":{"line":145,"column":36}},"49":{"start":{"line":148,"column":8},"end":{"line":150,"column":9}},"50":{"start":{"line":149,"column":12},"end":{"line":149,"column":51}},"51":{"start":{"line":153,"column":8},"end":{"line":158,"column":9}},"52":{"start":{"line":154,"column":12},"end":{"line":154,"column":37}},"53":{"start":{"line":155,"column":12},"end":{"line":155,"column":38}},"54":{"start":{"line":156,"column":12},"end":{"line":156,"column":49}},"55":{"start":{"line":157,"column":12},"end":{"line":157,"column":53}},"56":{"start":{"line":161,"column":8},"end":{"line":165,"column":9}},"57":{"start":{"line":162,"column":12},"end":{"line":162,"column":35}},"58":{"start":{"line":163,"column":12},"end":{"line":163,"column":38}},"59":{"start":{"line":164,"column":12},"end":{"line":164,"column":51}},"60":{"start":{"line":166,"column":8},"end":{"line":166,"column":69}},"61":{"start":{"line":190,"column":4},"end":{"line":229,"column":5}},"62":{"start":{"line":191,"column":20},"end":{"line":207,"column":9}},"63":{"start":{"line":209,"column":21},"end":{"line":209,"column":37}},"64":{"start":{"line":212,"column":8},"end":{"line":214,"column":9}},"65":{"start":{"line":213,"column":12},"end":{"line":213,"column":51}},"66":{"start":{"line":217,"column":8},"end":{"line":221,"column":9}},"67":{"start":{"line":218,"column":12},"end":{"line":218,"column":38}},"68":{"start":{"line":219,"column":12},"end":{"line":219,"column":37}},"69":{"start":{"line":220,"column":12},"end":{"line":220,"column":51}},"70":{"start":{"line":224,"column":8},"end":{"line":227,"column":9}},"71":{"start":{"line":225,"column":12},"end":{"line":225,"column":36}},"72":{"start":{"line":226,"column":12},"end":{"line":226,"column":37}},"73":{"start":{"line":228,"column":8},"end":{"line":228,"column":66}},"74":{"start":{"line":253,"column":4},"end":{"line":291,"column":5}},"75":{"start":{"line":254,"column":20},"end":{"line":270,"column":9}},"76":{"start":{"line":271,"column":21},"end":{"line":271,"column":37}},"77":{"start":{"line":274,"column":8},"end":{"line":276,"column":9}},"78":{"start":{"line":275,"column":12},"end":{"line":275,"column":51}},"79":{"start":{"line":279,"column":8},"end":{"line":283,"column":9}},"80":{"start":{"line":280,"column":12},"end":{"line":280,"column":36}},"81":{"start":{"line":281,"column":12},"end":{"line":281,"column":37}},"82":{"start":{"line":282,"column":12},"end":{"line":282,"column":51}},"83":{"start":{"line":286,"column":8},"end":{"line":289,"column":9}},"84":{"start":{"line":287,"column":12},"end":{"line":287,"column":34}},"85":{"start":{"line":288,"column":12},"end":{"line":288,"column":37}},"86":{"start":{"line":290,"column":8},"end":{"line":290,"column":64}},"87":{"start":{"line":306,"column":4},"end":{"line":319,"column":5}},"88":{"start":{"line":307,"column":20},"end":{"line":317,"column":9}},"89":{"start":{"line":318,"column":8},"end":{"line":318,"column":75}},"90":{"start":{"line":325,"column":4},"end":{"line":327,"column":5}},"91":{"start":{"line":326,"column":8},"end":{"line":326,"column":71}},"92":{"start":{"line":332,"column":4},"end":{"line":334,"column":5}},"93":{"start":{"line":333,"column":8},"end":{"line":333,"column":67}},"94":{"start":{"line":342,"column":4},"end":{"line":349,"column":5}},"95":{"start":{"line":343,"column":19},"end":{"line":347,"column":9}},"96":{"start":{"line":348,"column":8},"end":{"line":348,"column":76}},"97":{"start":{"line":354,"column":4},"end":{"line":356,"column":5}},"98":{"start":{"line":355,"column":8},"end":{"line":355,"column":68}},"99":{"start":{"line":364,"column":4},"end":{"line":371,"column":5}},"100":{"start":{"line":365,"column":20},"end":{"line":369,"column":9}},"101":{"start":{"line":370,"column":8},"end":{"line":370,"column":80}},"102":{"start":{"line":377,"column":4},"end":{"line":382,"column":5}},"103":{"start":{"line":378,"column":21},"end":{"line":380,"column":9}},"104":{"start":{"line":381,"column":8},"end":{"line":381,"column":73}},"105":{"start":{"line":387,"column":4},"end":{"line":389,"column":5}},"106":{"start":{"line":388,"column":8},"end":{"line":388,"column":72}},"107":{"start":{"line":394,"column":4},"end":{"line":396,"column":5}},"108":{"start":{"line":395,"column":8},"end":{"line":395,"column":76}},"109":{"start":{"line":411,"column":4},"end":{"line":424,"column":5}},"110":{"start":{"line":412,"column":21},"end":{"line":422,"column":9}},"111":{"start":{"line":423,"column":8},"end":{"line":423,"column":72}},"112":{"start":{"line":432,"column":4},"end":{"line":441,"column":5}},"113":{"start":{"line":433,"column":8},"end":{"line":435,"column":9}},"114":{"start":{"line":434,"column":12},"end":{"line":434,"column":28}},"115":{"start":{"line":436,"column":20},"end":{"line":439,"column":9}},"116":{"start":{"line":440,"column":8},"end":{"line":440,"column":73}},"117":{"start":{"line":448,"column":4},"end":{"line":456,"column":5}},"118":{"start":{"line":449,"column":8},"end":{"line":451,"column":9}},"119":{"start":{"line":450,"column":12},"end":{"line":450,"column":86}},"120":{"start":{"line":452,"column":26},"end":{"line":454,"column":9}},"121":{"start":{"line":455,"column":8},"end":{"line":455,"column":80}},"122":{"start":{"line":461,"column":4},"end":{"line":463,"column":5}},"123":{"start":{"line":462,"column":8},"end":{"line":462,"column":71}},"124":{"start":{"line":470,"column":4},"end":{"line":476,"column":5}},"125":{"start":{"line":471,"column":20},"end":{"line":474,"column":9}},"126":{"start":{"line":475,"column":8},"end":{"line":475,"column":73}},"127":{"start":{"line":482,"column":4},"end":{"line":487,"column":5}},"128":{"start":{"line":483,"column":21},"end":{"line":485,"column":9}},"129":{"start":{"line":486,"column":8},"end":{"line":486,"column":66}},"130":{"start":{"line":515,"column":5},"end":{"line":535,"column":5}},"131":{"start":{"line":516,"column":8},"end":{"line":534,"column":9}},"132":{"start":{"line":517,"column":25},"end":{"line":520,"column":13}},"133":{"start":{"line":521,"column":12},"end":{"line":521,"column":67}},"134":{"start":{"line":522,"column":15},"end":{"line":534,"column":9}},"135":{"start":{"line":523,"column":25},"end":{"line":525,"column":13}},"136":{"start":{"line":526,"column":12},"end":{"line":526,"column":67}},"137":{"start":{"line":527,"column":15},"end":{"line":534,"column":9}},"138":{"start":{"line":528,"column":25},"end":{"line":530,"column":13}},"139":{"start":{"line":531,"column":12},"end":{"line":531,"column":67}},"140":{"start":{"line":533,"column":12},"end":{"line":533,"column":65}},"141":{"start":{"line":558,"column":5},"end":{"line":581,"column":5}},"142":{"start":{"line":559,"column":34},"end":{"line":559,"column":36}},"143":{"start":{"line":561,"column":38},"end":{"line":565,"column":9}},"144":{"start":{"line":566,"column":8},"end":{"line":566,"column":57}},"145":{"start":{"line":568,"column":20},"end":{"line":579,"column":9}},"146":{"start":{"line":580,"column":8},"end":{"line":580,"column":63}},"147":{"start":{"line":587,"column":5},"end":{"line":592,"column":5}},"148":{"start":{"line":588,"column":26},"end":{"line":590,"column":9}},"149":{"start":{"line":591,"column":8},"end":{"line":591,"column":74}},"150":{"start":{"line":604,"column":5},"end":{"line":626,"column":5}},"151":{"start":{"line":605,"column":26},"end":{"line":607,"column":9}},"152":{"start":{"line":609,"column":34},"end":{"line":609,"column":36}},"153":{"start":{"line":611,"column":38},"end":{"line":615,"column":9}},"154":{"start":{"line":616,"column":8},"end":{"line":616,"column":57}},"155":{"start":{"line":618,"column":20},"end":{"line":624,"column":9}},"156":{"start":{"line":625,"column":8},"end":{"line":625,"column":75}},"157":{"start":{"line":632,"column":5},"end":{"line":637,"column":5}},"158":{"start":{"line":633,"column":26},"end":{"line":635,"column":9}},"159":{"start":{"line":636,"column":8},"end":{"line":636,"column":77}},"160":{"start":{"line":642,"column":4},"end":{"line":644,"column":5}},"161":{"start":{"line":643,"column":8},"end":{"line":643,"column":71}},"162":{"start":{"line":650,"column":5},"end":{"line":655,"column":5}},"163":{"start":{"line":651,"column":21},"end":{"line":653,"column":9}},"164":{"start":{"line":654,"column":8},"end":{"line":654,"column":70}},"165":{"start":{"line":661,"column":5},"end":{"line":666,"column":5}},"166":{"start":{"line":662,"column":26},"end":{"line":664,"column":9}},"167":{"start":{"line":665,"column":8},"end":{"line":665,"column":86}},"168":{"start":{"line":673,"column":4},"end":{"line":694,"column":5}},"169":{"start":{"line":675,"column":26},"end":{"line":678,"column":9}},"170":{"start":{"line":679,"column":8},"end":{"line":692,"column":9}},"171":{"start":{"line":681,"column":16},"end":{"line":681,"column":47}},"172":{"start":{"line":682,"column":16},"end":{"line":689,"column":17}},"173":{"start":{"line":683,"column":20},"end":{"line":685,"column":21}},"174":{"start":{"line":684,"column":24},"end":{"line":684,"column":131}},"175":{"start":{"line":686,"column":20},"end":{"line":688,"column":21}},"176":{"start":{"line":687,"column":24},"end":{"line":687,"column":133}},"177":{"start":{"line":690,"column":16},"end":{"line":690,"column":47}},"178":{"start":{"line":693,"column":8},"end":{"line":693,"column":23}},"179":{"start":{"line":702,"column":8},"end":{"line":709,"column":9}},"180":{"start":{"line":703,"column":30},"end":{"line":707,"column":13}},"181":{"start":{"line":708,"column":12},"end":{"line":708,"column":81}},"182":{"start":{"line":715,"column":4},"end":{"line":720,"column":5}},"183":{"start":{"line":716,"column":26},"end":{"line":718,"column":9}},"184":{"start":{"line":719,"column":8},"end":{"line":719,"column":84}},"185":{"start":{"line":724,"column":0},"end":{"line":724,"column":27}}},"fnMap":{"0":{"name":"(anonymous_0)","decl":{"start":{"line":17,"column":16},"end":{"line":17,"column":17}},"loc":{"start":{"line":17,"column":114},"end":{"line":721,"column":1}},"line":17},"1":{"name":"(anonymous_1)","decl":{"start":{"line":39,"column":28},"end":{"line":39,"column":29}},"loc":{"start":{"line":39,"column":52},"end":{"line":43,"column":5}},"line":39},"2":{"name":"(anonymous_2)","decl":{"start":{"line":49,"column":35},"end":{"line":49,"column":36}},"loc":{"start":{"line":49,"column":66},"end":{"line":53,"column":5}},"line":49},"3":{"name":"(anonymous_3)","decl":{"start":{"line":59,"column":33},"end":{"line":59,"column":34}},"loc":{"start":{"line":59,"column":62},"end":{"line":63,"column":5}},"line":59},"4":{"name":"(anonymous_4)","decl":{"start":{"line":69,"column":25},"end":{"line":69,"column":26}},"loc":{"start":{"line":69,"column":46},"end":{"line":75,"column":5}},"line":69},"5":{"name":"(anonymous_5)","decl":{"start":{"line":81,"column":28},"end":{"line":81,"column":29}},"loc":{"start":{"line":81,"column":59},"end":{"line":97,"column":5}},"line":81},"6":{"name":"(anonymous_6)","decl":{"start":{"line":102,"column":18},"end":{"line":102,"column":19}},"loc":{"start":{"line":102,"column":29},"end":{"line":104,"column":5}},"line":102},"7":{"name":"(anonymous_7)","decl":{"start":{"line":109,"column":28},"end":{"line":109,"column":29}},"loc":{"start":{"line":109,"column":39},"end":{"line":111,"column":5}},"line":109},"8":{"name":"(anonymous_8)","decl":{"start":{"line":131,"column":23},"end":{"line":131,"column":24}},"loc":{"start":{"line":131,"column":196},"end":{"line":167,"column":5}},"line":131},"9":{"name":"(anonymous_9)","decl":{"start":{"line":190,"column":24},"end":{"line":190,"column":25}},"loc":{"start":{"line":190,"column":228},"end":{"line":229,"column":5}},"line":190},"10":{"name":"(anonymous_10)","decl":{"start":{"line":253,"column":24},"end":{"line":253,"column":25}},"loc":{"start":{"line":253,"column":228},"end":{"line":291,"column":5}},"line":253},"11":{"name":"(anonymous_11)","decl":{"start":{"line":306,"column":25},"end":{"line":306,"column":26}},"loc":{"start":{"line":306,"column":121},"end":{"line":319,"column":5}},"line":306},"12":{"name":"(anonymous_12)","decl":{"start":{"line":325,"column":22},"end":{"line":325,"column":23}},"loc":{"start":{"line":325,"column":32},"end":{"line":327,"column":5}},"line":325},"13":{"name":"(anonymous_13)","decl":{"start":{"line":332,"column":18},"end":{"line":332,"column":19}},"loc":{"start":{"line":332,"column":28},"end":{"line":334,"column":5}},"line":332},"14":{"name":"(anonymous_14)","decl":{"start":{"line":342,"column":25},"end":{"line":342,"column":26}},"loc":{"start":{"line":342,"column":58},"end":{"line":349,"column":5}},"line":342},"15":{"name":"(anonymous_15)","decl":{"start":{"line":354,"column":20},"end":{"line":354,"column":21}},"loc":{"start":{"line":354,"column":30},"end":{"line":356,"column":5}},"line":354},"16":{"name":"(anonymous_16)","decl":{"start":{"line":364,"column":28},"end":{"line":364,"column":29}},"loc":{"start":{"line":364,"column":68},"end":{"line":371,"column":5}},"line":364},"17":{"name":"(anonymous_17)","decl":{"start":{"line":377,"column":25},"end":{"line":377,"column":26}},"loc":{"start":{"line":377,"column":48},"end":{"line":382,"column":5}},"line":377},"18":{"name":"(anonymous_18)","decl":{"start":{"line":387,"column":26},"end":{"line":387,"column":27}},"loc":{"start":{"line":387,"column":36},"end":{"line":389,"column":5}},"line":387},"19":{"name":"(anonymous_19)","decl":{"start":{"line":394,"column":30},"end":{"line":394,"column":31}},"loc":{"start":{"line":394,"column":40},"end":{"line":396,"column":5}},"line":394},"20":{"name":"(anonymous_20)","decl":{"start":{"line":411,"column":24},"end":{"line":411,"column":25}},"loc":{"start":{"line":411,"column":124},"end":{"line":424,"column":5}},"line":411},"21":{"name":"(anonymous_21)","decl":{"start":{"line":432,"column":25},"end":{"line":432,"column":26}},"loc":{"start":{"line":432,"column":54},"end":{"line":441,"column":5}},"line":432},"22":{"name":"(anonymous_22)","decl":{"start":{"line":448,"column":27},"end":{"line":448,"column":28}},"loc":{"start":{"line":448,"column":46},"end":{"line":456,"column":5}},"line":448},"23":{"name":"(anonymous_23)","decl":{"start":{"line":461,"column":25},"end":{"line":461,"column":26}},"loc":{"start":{"line":461,"column":35},"end":{"line":463,"column":5}},"line":461},"24":{"name":"(anonymous_24)","decl":{"start":{"line":470,"column":25},"end":{"line":470,"column":26}},"loc":{"start":{"line":470,"column":55},"end":{"line":476,"column":5}},"line":470},"25":{"name":"(anonymous_25)","decl":{"start":{"line":482,"column":18},"end":{"line":482,"column":19}},"loc":{"start":{"line":482,"column":43},"end":{"line":487,"column":5}},"line":482},"26":{"name":"(anonymous_26)","decl":{"start":{"line":515,"column":40},"end":{"line":515,"column":41}},"loc":{"start":{"line":515,"column":73},"end":{"line":535,"column":5}},"line":515},"27":{"name":"(anonymous_27)","decl":{"start":{"line":558,"column":23},"end":{"line":558,"column":24}},"loc":{"start":{"line":558,"column":178},"end":{"line":581,"column":5}},"line":558},"28":{"name":"(anonymous_28)","decl":{"start":{"line":587,"column":20},"end":{"line":587,"column":21}},"loc":{"start":{"line":587,"column":32},"end":{"line":592,"column":5}},"line":587},"29":{"name":"(anonymous_29)","decl":{"start":{"line":604,"column":23},"end":{"line":604,"column":24}},"loc":{"start":{"line":604,"column":162},"end":{"line":626,"column":5}},"line":604},"30":{"name":"(anonymous_30)","decl":{"start":{"line":632,"column":23},"end":{"line":632,"column":24}},"loc":{"start":{"line":632,"column":35},"end":{"line":637,"column":5}},"line":632},"31":{"name":"(anonymous_31)","decl":{"start":{"line":642,"column":29},"end":{"line":642,"column":30}},"loc":{"start":{"line":642,"column":39},"end":{"line":644,"column":5}},"line":642},"32":{"name":"(anonymous_32)","decl":{"start":{"line":650,"column":27},"end":{"line":650,"column":28}},"loc":{"start":{"line":650,"column":43},"end":{"line":655,"column":5}},"line":650},"33":{"name":"(anonymous_33)","decl":{"start":{"line":661,"column":38},"end":{"line":661,"column":39}},"loc":{"start":{"line":661,"column":50},"end":{"line":666,"column":5}},"line":661},"34":{"name":"(anonymous_34)","decl":{"start":{"line":673,"column":32},"end":{"line":673,"column":33}},"loc":{"start":{"line":673,"column":64},"end":{"line":694,"column":5}},"line":673},"35":{"name":"(anonymous_35)","decl":{"start":{"line":680,"column":12},"end":{"line":680,"column":13}},"loc":{"start":{"line":680,"column":30},"end":{"line":691,"column":13}},"line":680},"36":{"name":"(anonymous_36)","decl":{"start":{"line":702,"column":32},"end":{"line":702,"column":33}},"loc":{"start":{"line":702,"column":62},"end":{"line":709,"column":9}},"line":702},"37":{"name":"(anonymous_37)","decl":{"start":{"line":715,"column":35},"end":{"line":715,"column":36}},"loc":{"start":{"line":715,"column":51},"end":{"line":720,"column":5}},"line":715}},"branchMap":{"0":{"loc":{"start":{"line":17,"column":46},"end":{"line":17,"column":63}},"type":"default-arg","locations":[{"start":{"line":17,"column":59},"end":{"line":17,"column":63}}],"line":17},"1":{"loc":{"start":{"line":17,"column":65},"end":{"line":17,"column":89}},"type":"default-arg","locations":[{"start":{"line":17,"column":85},"end":{"line":17,"column":89}}],"line":17},"2":{"loc":{"start":{"line":17,"column":91},"end":{"line":17,"column":113}},"type":"default-arg","locations":[{"start":{"line":17,"column":109},"end":{"line":17,"column":113}}],"line":17},"3":{"loc":{"start":{"line":18,"column":4},"end":{"line":22,"column":5}},"type":"if","locations":[{"start":{"line":18,"column":4},"end":{"line":22,"column":5}},{"start":{"line":20,"column":11},"end":{"line":22,"column":5}}],"line":18},"4":{"loc":{"start":{"line":18,"column":8},"end":{"line":18,"column":36}},"type":"binary-expr","locations":[{"start":{"line":18,"column":8},"end":{"line":18,"column":23}},{"start":{"line":18,"column":27},"end":{"line":18,"column":36}}],"line":18},"5":{"loc":{"start":{"line":23,"column":4},"end":{"line":27,"column":5}},"type":"if","locations":[{"start":{"line":23,"column":4},"end":{"line":27,"column":5}},{"start":{"line":25,"column":11},"end":{"line":27,"column":5}}],"line":23},"6":{"loc":{"start":{"line":23,"column":8},"end":{"line":23,"column":39}},"type":"binary-expr","locations":[{"start":{"line":23,"column":8},"end":{"line":23,"column":26}},{"start":{"line":23,"column":30},"end":{"line":23,"column":39}}],"line":23},"7":{"loc":{"start":{"line":70,"column":8},"end":{"line":74,"column":9}},"type":"if","locations":[{"start":{"line":70,"column":8},"end":{"line":74,"column":9}},{"start":{"line":72,"column":15},"end":{"line":74,"column":9}}],"line":70},"8":{"loc":{"start":{"line":70,"column":12},"end":{"line":70,"column":42}},"type":"binary-expr","locations":[{"start":{"line":70,"column":12},"end":{"line":70,"column":29}},{"start":{"line":70,"column":33},"end":{"line":70,"column":42}}],"line":70},"9":{"loc":{"start":{"line":91,"column":8},"end":{"line":95,"column":9}},"type":"if","locations":[{"start":{"line":91,"column":8},"end":{"line":95,"column":9}},{"start":{},"end":{}}],"line":91},"10":{"loc":{"start":{"line":131,"column":120},"end":{"line":131,"column":138}},"type":"default-arg","locations":[{"start":{"line":131,"column":133},"end":{"line":131,"column":138}}],"line":131},"11":{"loc":{"start":{"line":131,"column":139},"end":{"line":131,"column":156}},"type":"default-arg","locations":[{"start":{"line":131,"column":152},"end":{"line":131,"column":156}}],"line":131},"12":{"loc":{"start":{"line":131,"column":157},"end":{"line":131,"column":176}},"type":"default-arg","locations":[{"start":{"line":131,"column":172},"end":{"line":131,"column":176}}],"line":131},"13":{"loc":{"start":{"line":131,"column":177},"end":{"line":131,"column":195}},"type":"default-arg","locations":[{"start":{"line":131,"column":191},"end":{"line":131,"column":195}}],"line":131},"14":{"loc":{"start":{"line":148,"column":8},"end":{"line":150,"column":9}},"type":"if","locations":[{"start":{"line":148,"column":8},"end":{"line":150,"column":9}},{"start":{},"end":{}}],"line":148},"15":{"loc":{"start":{"line":148,"column":12},"end":{"line":148,"column":53}},"type":"binary-expr","locations":[{"start":{"line":148,"column":12},"end":{"line":148,"column":31}},{"start":{"line":148,"column":35},"end":{"line":148,"column":53}}],"line":148},"16":{"loc":{"start":{"line":153,"column":8},"end":{"line":158,"column":9}},"type":"if","locations":[{"start":{"line":153,"column":8},"end":{"line":158,"column":9}},{"start":{},"end":{}}],"line":153},"17":{"loc":{"start":{"line":161,"column":8},"end":{"line":165,"column":9}},"type":"if","locations":[{"start":{"line":161,"column":8},"end":{"line":165,"column":9}},{"start":{},"end":{}}],"line":161},"18":{"loc":{"start":{"line":190,"column":121},"end":{"line":190,"column":139}},"type":"default-arg","locations":[{"start":{"line":190,"column":134},"end":{"line":190,"column":139}}],"line":190},"19":{"loc":{"start":{"line":190,"column":177},"end":{"line":190,"column":195}},"type":"default-arg","locations":[{"start":{"line":190,"column":191},"end":{"line":190,"column":195}}],"line":190},"20":{"loc":{"start":{"line":190,"column":196},"end":{"line":190,"column":207}},"type":"default-arg","locations":[{"start":{"line":190,"column":203},"end":{"line":190,"column":207}}],"line":190},"21":{"loc":{"start":{"line":190,"column":208},"end":{"line":190,"column":226}},"type":"default-arg","locations":[{"start":{"line":190,"column":222},"end":{"line":190,"column":226}}],"line":190},"22":{"loc":{"start":{"line":212,"column":8},"end":{"line":214,"column":9}},"type":"if","locations":[{"start":{"line":212,"column":8},"end":{"line":214,"column":9}},{"start":{},"end":{}}],"line":212},"23":{"loc":{"start":{"line":212,"column":12},"end":{"line":212,"column":53}},"type":"binary-expr","locations":[{"start":{"line":212,"column":12},"end":{"line":212,"column":31}},{"start":{"line":212,"column":35},"end":{"line":212,"column":53}}],"line":212},"24":{"loc":{"start":{"line":217,"column":8},"end":{"line":221,"column":9}},"type":"if","locations":[{"start":{"line":217,"column":8},"end":{"line":221,"column":9}},{"start":{},"end":{}}],"line":217},"25":{"loc":{"start":{"line":224,"column":8},"end":{"line":227,"column":9}},"type":"if","locations":[{"start":{"line":224,"column":8},"end":{"line":227,"column":9}},{"start":{},"end":{}}],"line":224},"26":{"loc":{"start":{"line":253,"column":121},"end":{"line":253,"column":139}},"type":"default-arg","locations":[{"start":{"line":253,"column":134},"end":{"line":253,"column":139}}],"line":253},"27":{"loc":{"start":{"line":253,"column":177},"end":{"line":253,"column":195}},"type":"default-arg","locations":[{"start":{"line":253,"column":191},"end":{"line":253,"column":195}}],"line":253},"28":{"loc":{"start":{"line":253,"column":196},"end":{"line":253,"column":207}},"type":"default-arg","locations":[{"start":{"line":253,"column":203},"end":{"line":253,"column":207}}],"line":253},"29":{"loc":{"start":{"line":253,"column":208},"end":{"line":253,"column":226}},"type":"default-arg","locations":[{"start":{"line":253,"column":222},"end":{"line":253,"column":226}}],"line":253},"30":{"loc":{"start":{"line":274,"column":8},"end":{"line":276,"column":9}},"type":"if","locations":[{"start":{"line":274,"column":8},"end":{"line":276,"column":9}},{"start":{},"end":{}}],"line":274},"31":{"loc":{"start":{"line":274,"column":12},"end":{"line":274,"column":53}},"type":"binary-expr","locations":[{"start":{"line":274,"column":12},"end":{"line":274,"column":31}},{"start":{"line":274,"column":35},"end":{"line":274,"column":53}}],"line":274},"32":{"loc":{"start":{"line":279,"column":8},"end":{"line":283,"column":9}},"type":"if","locations":[{"start":{"line":279,"column":8},"end":{"line":283,"column":9}},{"start":{},"end":{}}],"line":279},"33":{"loc":{"start":{"line":286,"column":8},"end":{"line":289,"column":9}},"type":"if","locations":[{"start":{"line":286,"column":8},"end":{"line":289,"column":9}},{"start":{},"end":{}}],"line":286},"34":{"loc":{"start":{"line":377,"column":34},"end":{"line":377,"column":46}},"type":"default-arg","locations":[{"start":{"line":377,"column":41},"end":{"line":377,"column":46}}],"line":377},"35":{"loc":{"start":{"line":433,"column":8},"end":{"line":435,"column":9}},"type":"if","locations":[{"start":{"line":433,"column":8},"end":{"line":435,"column":9}},{"start":{},"end":{}}],"line":433},"36":{"loc":{"start":{"line":449,"column":8},"end":{"line":451,"column":9}},"type":"if","locations":[{"start":{"line":449,"column":8},"end":{"line":451,"column":9}},{"start":{},"end":{}}],"line":449},"37":{"loc":{"start":{"line":515,"column":49},"end":{"line":515,"column":60}},"type":"default-arg","locations":[{"start":{"line":515,"column":56},"end":{"line":515,"column":60}}],"line":515},"38":{"loc":{"start":{"line":515,"column":61},"end":{"line":515,"column":72}},"type":"default-arg","locations":[{"start":{"line":515,"column":68},"end":{"line":515,"column":72}}],"line":515},"39":{"loc":{"start":{"line":516,"column":8},"end":{"line":534,"column":9}},"type":"if","locations":[{"start":{"line":516,"column":8},"end":{"line":534,"column":9}},{"start":{"line":522,"column":15},"end":{"line":534,"column":9}}],"line":516},"40":{"loc":{"start":{"line":516,"column":12},"end":{"line":516,"column":68}},"type":"binary-expr","locations":[{"start":{"line":516,"column":12},"end":{"line":516,"column":24}},{"start":{"line":516,"column":28},"end":{"line":516,"column":38}},{"start":{"line":516,"column":42},"end":{"line":516,"column":54}},{"start":{"line":516,"column":58},"end":{"line":516,"column":68}}],"line":516},"41":{"loc":{"start":{"line":522,"column":15},"end":{"line":534,"column":9}},"type":"if","locations":[{"start":{"line":522,"column":15},"end":{"line":534,"column":9}},{"start":{"line":527,"column":15},"end":{"line":534,"column":9}}],"line":522},"42":{"loc":{"start":{"line":522,"column":19},"end":{"line":522,"column":80}},"type":"binary-expr","locations":[{"start":{"line":522,"column":20},"end":{"line":522,"column":32}},{"start":{"line":522,"column":36},"end":{"line":522,"column":46}},{"start":{"line":522,"column":53},"end":{"line":522,"column":65}},{"start":{"line":522,"column":69},"end":{"line":522,"column":79}}],"line":522},"43":{"loc":{"start":{"line":527,"column":15},"end":{"line":534,"column":9}},"type":"if","locations":[{"start":{"line":527,"column":15},"end":{"line":534,"column":9}},{"start":{"line":532,"column":15},"end":{"line":534,"column":9}}],"line":527},"44":{"loc":{"start":{"line":527,"column":19},"end":{"line":527,"column":79}},"type":"binary-expr","locations":[{"start":{"line":527,"column":20},"end":{"line":527,"column":32}},{"start":{"line":527,"column":36},"end":{"line":527,"column":46}},{"start":{"line":527,"column":52},"end":{"line":527,"column":64}},{"start":{"line":527,"column":68},"end":{"line":527,"column":78}}],"line":527},"45":{"loc":{"start":{"line":604,"column":35},"end":{"line":604,"column":49}},"type":"default-arg","locations":[{"start":{"line":604,"column":45},"end":{"line":604,"column":49}}],"line":604},"46":{"loc":{"start":{"line":604,"column":51},"end":{"line":604,"column":72}},"type":"default-arg","locations":[{"start":{"line":604,"column":68},"end":{"line":604,"column":72}}],"line":604},"47":{"loc":{"start":{"line":604,"column":74},"end":{"line":604,"column":89}},"type":"default-arg","locations":[{"start":{"line":604,"column":85},"end":{"line":604,"column":89}}],"line":604},"48":{"loc":{"start":{"line":604,"column":91},"end":{"line":604,"column":108}},"type":"default-arg","locations":[{"start":{"line":604,"column":104},"end":{"line":604,"column":108}}],"line":604},"49":{"loc":{"start":{"line":604,"column":110},"end":{"line":604,"column":123}},"type":"default-arg","locations":[{"start":{"line":604,"column":119},"end":{"line":604,"column":123}}],"line":604},"50":{"loc":{"start":{"line":604,"column":125},"end":{"line":604,"column":143}},"type":"default-arg","locations":[{"start":{"line":604,"column":139},"end":{"line":604,"column":143}}],"line":604},"51":{"loc":{"start":{"line":604,"column":145},"end":{"line":604,"column":161}},"type":"default-arg","locations":[{"start":{"line":604,"column":157},"end":{"line":604,"column":161}}],"line":604},"52":{"loc":{"start":{"line":683,"column":20},"end":{"line":685,"column":21}},"type":"if","locations":[{"start":{"line":683,"column":20},"end":{"line":685,"column":21}},{"start":{},"end":{}}],"line":683},"53":{"loc":{"start":{"line":686,"column":20},"end":{"line":688,"column":21}},"type":"if","locations":[{"start":{"line":686,"column":20},"end":{"line":688,"column":21}},{"start":{},"end":{}}],"line":686}},"s":{"0":1,"1":1,"2":1,"3":1,"4":1,"5":3,"6":2,"7":1,"8":2,"9":1,"10":1,"11":1,"12":1,"13":1,"14":1,"15":1,"16":1,"17":1,"18":5,"19":5,"20":5,"21":1,"22":3,"23":3,"24":3,"25":1,"26":3,"27":3,"28":3,"29":1,"30":2,"31":1,"32":1,"33":1,"34":1,"35":1,"36":1,"37":1,"38":1,"39":1,"40":1,"41":1,"42":1,"43":1,"44":1,"45":2,"46":1,"47":4,"48":4,"49":4,"50":1,"51":4,"52":1,"53":1,"54":1,"55":1,"56":4,"57":1,"58":1,"59":1,"60":4,"61":1,"62":4,"63":4,"64":4,"65":4,"66":4,"67":1,"68":1,"69":1,"70":4,"71":1,"72":1,"73":4,"74":1,"75":4,"76":4,"77":4,"78":4,"79":4,"80":1,"81":1,"82":1,"83":4,"84":1,"85":1,"86":4,"87":1,"88":1,"89":1,"90":1,"91":1,"92":1,"93":1,"94":1,"95":1,"96":1,"97":1,"98":1,"99":1,"100":1,"101":1,"102":1,"103":2,"104":2,"105":1,"106":1,"107":1,"108":1,"109":1,"110":1,"111":1,"112":1,"113":2,"114":1,"115":2,"116":2,"117":1,"118":2,"119":1,"120":1,"121":1,"122":1,"123":2,"124":1,"125":2,"126":2,"127":1,"128":2,"129":2,"130":1,"131":4,"132":1,"133":1,"134":3,"135":1,"136":1,"137":2,"138":1,"139":1,"140":1,"141":1,"142":2,"143":2,"144":2,"145":2,"146":2,"147":1,"148":1,"149":1,"150":1,"151":2,"152":2,"153":2,"154":2,"155":2,"156":2,"157":1,"158":1,"159":1,"160":1,"161":1,"162":1,"163":1,"164":1,"165":1,"166":1,"167":1,"168":1,"169":0,"170":0,"171":0,"172":0,"173":0,"174":0,"175":0,"176":0,"177":0,"178":0,"179":1,"180":1,"181":1,"182":1,"183":1,"184":1,"185":1},"f":{"0":3,"1":5,"2":3,"3":3,"4":2,"5":1,"6":1,"7":2,"8":4,"9":4,"10":4,"11":1,"12":1,"13":1,"14":1,"15":1,"16":1,"17":2,"18":1,"19":1,"20":1,"21":2,"22":2,"23":2,"24":2,"25":2,"26":4,"27":2,"28":1,"29":2,"30":1,"31":1,"32":1,"33":1,"34":0,"35":0,"36":1,"37":1},"b":{"0":[3],"1":[3],"2":[3],"3":[2,1],"4":[3,1],"5":[1,1],"6":[2,1],"7":[1,1],"8":[2,1],"9":[1,0],"10":[0],"11":[1],"12":[1],"13":[2],"14":[1,3],"15":[4,4],"16":[1,3],"17":[1,3],"18":[0],"19":[0],"20":[0],"21":[0],"22":[4,0],"23":[4,0],"24":[1,3],"25":[1,3],"26":[0],"27":[1],"28":[3],"29":[4],"30":[4,0],"31":[4,1],"32":[1,3],"33":[1,3],"34":[2],"35":[1,1],"36":[1,1],"37":[1],"38":[1],"39":[1,3],"40":[4,2,2,1],"41":[1,2],"42":[3,1,1,0],"43":[1,1],"44":[2,0,2,1],"45":[0],"46":[0],"47":[0],"48":[0],"49":[0],"50":[0],"51":[0],"52":[0,0],"53":[0,0]},"_coverageSchema":"1a1c01bbd47fc00a2c39e90264f33305004495a9","hash":"3ad49e1523f9e6cc5cd81ab2edae89121000a9bd"}
}
