{"/Users/anupambaranwal/codes/sdk/jsPMClient/apiService.js": {"path":"/Users/anupambaranwal/codes/sdk/jsPMClient/apiService.js","statementMap":{"0":{"start":{"line":1,"column":16},"end":{"line":1,"column":34}},"1":{"start":{"line":2,"column":20},"end":{"line":2,"column":42}},"2":{"start":{"line":3,"column":18},"end":{"line":3,"column":50}},"3":{"start":{"line":4,"column":18},"end":{"line":4,"column":40}},"4":{"start":{"line":7,"column":0},"end":{"line":74,"column":1}},"5":{"start":{"line":8,"column":23},"end":{"line":8,"column":46}},"6":{"start":{"line":9,"column":22},"end":{"line":9,"column":51}},"7":{"start":{"line":10,"column":14},"end":{"line":10,"column":49}},"8":{"start":{"line":11,"column":4},"end":{"line":15,"column":5}},"9":{"start":{"line":12,"column":8},"end":{"line":14,"column":9}},"10":{"start":{"line":13,"column":12},"end":{"line":13,"column":59}},"11":{"start":{"line":16,"column":4},"end":{"line":18,"column":5}},"12":{"start":{"line":17,"column":8},"end":{"line":17,"column":34}},"13":{"start":{"line":20,"column":18},"end":{"line":25,"column":5}},"14":{"start":{"line":27,"column":4},"end":{"line":29,"column":5}},"15":{"start":{"line":28,"column":8},"end":{"line":28,"column":31}},"16":{"start":{"line":30,"column":4},"end":{"line":30,"column":126}},"17":{"start":{"line":32,"column":21},"end":{"line":32,"column":38}},"18":{"start":{"line":33,"column":24},"end":{"line":33,"column":28}},"19":{"start":{"line":34,"column":8},"end":{"line":36,"column":9}},"20":{"start":{"line":35,"column":12},"end":{"line":35,"column":36}},"21":{"start":{"line":37,"column":8},"end":{"line":39,"column":9}},"22":{"start":{"line":38,"column":12},"end":{"line":38,"column":43}},"23":{"start":{"line":40,"column":8},"end":{"line":42,"column":9}},"24":{"start":{"line":41,"column":12},"end":{"line":41,"column":41}},"25":{"start":{"line":43,"column":8},"end":{"line":45,"column":9}},"26":{"start":{"line":44,"column":12},"end":{"line":44,"column":65}},"27":{"start":{"line":46,"column":8},"end":{"line":46,"column":24}},"28":{"start":{"line":50,"column":4},"end":{"line":73,"column":7}},"29":{"start":{"line":51,"column":8},"end":{"line":72,"column":11}},"30":{"start":{"line":52,"column":12},"end":{"line":71,"column":13}},"31":{"start":{"line":53,"column":16},"end":{"line":67,"column":17}},"32":{"start":{"line":54,"column":20},"end":{"line":66,"column":21}},"33":{"start":{"line":55,"column":24},"end":{"line":55,"column":66}},"34":{"start":{"line":56,"column":27},"end":{"line":66,"column":21}},"35":{"start":{"line":57,"column":24},"end":{"line":57,"column":65}},"36":{"start":{"line":58,"column":27},"end":{"line":66,"column":21}},"37":{"start":{"line":59,"column":24},"end":{"line":59,"column":64}},"38":{"start":{"line":60,"column":27},"end":{"line":66,"column":21}},"39":{"start":{"line":61,"column":24},"end":{"line":61,"column":65}},"40":{"start":{"line":62,"column":27},"end":{"line":66,"column":21}},"41":{"start":{"line":63,"column":24},"end":{"line":63,"column":62}},"42":{"start":{"line":65,"column":24},"end":{"line":65,"column":61}},"43":{"start":{"line":68,"column":16},"end":{"line":68,"column":30}},"44":{"start":{"line":70,"column":16},"end":{"line":70,"column":30}}},"fnMap":{"0":{"name":"(anonymous_0)","decl":{"start":{"line":7,"column":15},"end":{"line":7,"column":16}},"loc":{"start":{"line":7,"column":81},"end":{"line":74,"column":1}},"line":7},"1":{"name":"validate_token","decl":{"start":{"line":31,"column":13},"end":{"line":31,"column":27}},"loc":{"start":{"line":31,"column":83},"end":{"line":47,"column":5}},"line":31},"2":{"name":"(anonymous_2)","decl":{"start":{"line":50,"column":23},"end":{"line":50,"column":24}},"loc":{"start":{"line":50,"column":47},"end":{"line":73,"column":5}},"line":50},"3":{"name":"(anonymous_3)","decl":{"start":{"line":51,"column":25},"end":{"line":51,"column":26}},"loc":{"start":{"line":51,"column":56},"end":{"line":72,"column":9}},"line":51}},"branchMap":{"0":{"loc":{"start":{"line":7,"column":40},"end":{"line":7,"column":52}},"type":"default-arg","locations":[{"start":{"line":7,"column":48},"end":{"line":7,"column":52}}],"line":7},"1":{"loc":{"start":{"line":7,"column":53},"end":{"line":7,"column":64}},"type":"default-arg","locations":[{"start":{"line":7,"column":60},"end":{"line":7,"column":64}}],"line":7},"2":{"loc":{"start":{"line":7,"column":65},"end":{"line":7,"column":80}},"type":"default-arg","locations":[{"start":{"line":7,"column":76},"end":{"line":7,"column":80}}],"line":7},"3":{"loc":{"start":{"line":11,"column":4},"end":{"line":15,"column":5}},"type":"if","locations":[{"start":{"line":11,"column":4},"end":{"line":15,"column":5}},{"start":{},"end":{}}],"line":11},"4":{"loc":{"start":{"line":16,"column":4},"end":{"line":18,"column":5}},"type":"if","locations":[{"start":{"line":16,"column":4},"end":{"line":18,"column":5}},{"start":{},"end":{}}],"line":16},"5":{"loc":{"start":{"line":27,"column":4},"end":{"line":29,"column":5}},"type":"if","locations":[{"start":{"line":27,"column":4},"end":{"line":29,"column":5}},{"start":{},"end":{}}],"line":27},"6":{"loc":{"start":{"line":34,"column":8},"end":{"line":36,"column":9}},"type":"if","locations":[{"start":{"line":34,"column":8},"end":{"line":36,"column":9}},{"start":{},"end":{}}],"line":34},"7":{"loc":{"start":{"line":34,"column":12},"end":{"line":34,"column":59}},"type":"binary-expr","locations":[{"start":{"line":34,"column":12},"end":{"line":34,"column":24}},{"start":{"line":34,"column":28},"end":{"line":34,"column":59}}],"line":34},"8":{"loc":{"start":{"line":37,"column":8},"end":{"line":39,"column":9}},"type":"if","locations":[{"start":{"line":37,"column":8},"end":{"line":39,"column":9}},{"start":{},"end":{}}],"line":37},"9":{"loc":{"start":{"line":37,"column":12},"end":{"line":37,"column":73}},"type":"binary-expr","locations":[{"start":{"line":37,"column":12},"end":{"line":37,"column":31}},{"start":{"line":37,"column":35},"end":{"line":37,"column":73}}],"line":37},"10":{"loc":{"start":{"line":40,"column":8},"end":{"line":42,"column":9}},"type":"if","locations":[{"start":{"line":40,"column":8},"end":{"line":42,"column":9}},{"start":{},"end":{}}],"line":40},"11":{"loc":{"start":{"line":40,"column":12},"end":{"line":40,"column":69}},"type":"binary-expr","locations":[{"start":{"line":40,"column":12},"end":{"line":40,"column":29}},{"start":{"line":40,"column":33},"end":{"line":40,"column":69}}],"line":40},"12":{"loc":{"start":{"line":43,"column":8},"end":{"line":45,"column":9}},"type":"if","locations":[{"start":{"line":43,"column":8},"end":{"line":45,"column":9}},{"start":{},"end":{}}],"line":43},"13":{"loc":{"start":{"line":43,"column":12},"end":{"line":43,"column":48}},"type":"binary-expr","locations":[{"start":{"line":43,"column":12},"end":{"line":43,"column":27}},{"start":{"line":43,"column":31},"end":{"line":43,"column":48}}],"line":43},"14":{"loc":{"start":{"line":52,"column":12},"end":{"line":71,"column":13}},"type":"if","locations":[{"start":{"line":52,"column":12},"end":{"line":71,"column":13}},{"start":{"line":69,"column":19},"end":{"line":71,"column":13}}],"line":52},"15":{"loc":{"start":{"line":53,"column":16},"end":{"line":67,"column":17}},"type":"if","locations":[{"start":{"line":53,"column":16},"end":{"line":67,"column":17}},{"start":{},"end":{}}],"line":53},"16":{"loc":{"start":{"line":54,"column":20},"end":{"line":66,"column":21}},"type":"if","locations":[{"start":{"line":54,"column":20},"end":{"line":66,"column":21}},{"start":{"line":56,"column":27},"end":{"line":66,"column":21}}],"line":54},"17":{"loc":{"start":{"line":56,"column":27},"end":{"line":66,"column":21}},"type":"if","locations":[{"start":{"line":56,"column":27},"end":{"line":66,"column":21}},{"start":{"line":58,"column":27},"end":{"line":66,"column":21}}],"line":56},"18":{"loc":{"start":{"line":58,"column":27},"end":{"line":66,"column":21}},"type":"if","locations":[{"start":{"line":58,"column":27},"end":{"line":66,"column":21}},{"start":{"line":60,"column":27},"end":{"line":66,"column":21}}],"line":58},"19":{"loc":{"start":{"line":60,"column":27},"end":{"line":66,"column":21}},"type":"if","locations":[{"start":{"line":60,"column":27},"end":{"line":66,"column":21}},{"start":{"line":62,"column":27},"end":{"line":66,"column":21}}],"line":60},"20":{"loc":{"start":{"line":62,"column":27},"end":{"line":66,"column":21}},"type":"if","locations":[{"start":{"line":62,"column":27},"end":{"line":66,"column":21}},{"start":{"line":64,"column":27},"end":{"line":66,"column":21}}],"line":62}},"s":{"0":1,"1":1,"2":1,"3":1,"4":1,"5":49,"6":49,"7":49,"8":49,"9":9,"10":9,"11":49,"12":11,"13":49,"14":49,"15":29,"16":49,"17":49,"18":49,"19":49,"20":44,"21":49,"22":0,"23":49,"24":0,"25":49,"26":0,"27":49,"28":49,"29":49,"30":1,"31":1,"32":1,"33":0,"34":1,"35":1,"36":0,"37":0,"38":0,"39":0,"40":0,"41":0,"42":0,"43":0,"44":0},"f":{"0":49,"1":49,"2":49,"3":1},"b":{"0":[0],"1":[0],"2":[0],"3":[9,40],"4":[11,38],"5":[29,20],"6":[44,5],"7":[49,49],"8":[0,49],"9":[49,0],"10":[0,49],"11":[49,0],"12":[0,49],"13":[49,44],"14":[1,0],"15":[1,0],"16":[0,1],"17":[1,0],"18":[0,0],"19":[0,0],"20":[0,0]},"_coverageSchema":"1a1c01bbd47fc00a2c39e90264f33305004495a9","hash":"919190f517125dc50d7079d6ea59bb67962c4d79"}
,"/Users/anupambaranwal/codes/sdk/jsPMClient/constants.js": {"path":"/Users/anupambaranwal/codes/sdk/jsPMClient/constants.js","statementMap":{"0":{"start":{"line":1,"column":18},"end":{"line":68,"column":1}},"1":{"start":{"line":70,"column":0},"end":{"line":70,"column":29}}},"fnMap":{},"branchMap":{},"s":{"0":2,"1":2},"f":{},"b":{},"_coverageSchema":"1a1c01bbd47fc00a2c39e90264f33305004495a9","hash":"9c5684b00d6fed089621f9b9bd49950e03f4252d"}
,"/Users/anupambaranwal/codes/sdk/jsPMClient/exception.js": {"path":"/Users/anupambaranwal/codes/sdk/jsPMClient/exception.js","statementMap":{"0":{"start":{"line":2,"column":4},"end":{"line":2,"column":34}},"1":{"start":{"line":3,"column":4},"end":{"line":3,"column":27}},"2":{"start":{"line":4,"column":4},"end":{"line":4,"column":20}},"3":{"start":{"line":6,"column":0},"end":{"line":6,"column":59}},"4":{"start":{"line":7,"column":0},"end":{"line":7,"column":56}},"5":{"start":{"line":11,"column":4},"end":{"line":11,"column":33}},"6":{"start":{"line":12,"column":4},"end":{"line":12,"column":27}},"7":{"start":{"line":13,"column":4},"end":{"line":13,"column":20}},"8":{"start":{"line":15,"column":0},"end":{"line":15,"column":58}},"9":{"start":{"line":16,"column":0},"end":{"line":16,"column":54}},"10":{"start":{"line":19,"column":4},"end":{"line":19,"column":32}},"11":{"start":{"line":20,"column":4},"end":{"line":20,"column":27}},"12":{"start":{"line":21,"column":4},"end":{"line":21,"column":20}},"13":{"start":{"line":23,"column":0},"end":{"line":23,"column":57}},"14":{"start":{"line":24,"column":0},"end":{"line":24,"column":52}},"15":{"start":{"line":27,"column":4},"end":{"line":27,"column":33}},"16":{"start":{"line":28,"column":4},"end":{"line":28,"column":27}},"17":{"start":{"line":29,"column":4},"end":{"line":29,"column":20}},"18":{"start":{"line":31,"column":0},"end":{"line":31,"column":58}},"19":{"start":{"line":32,"column":0},"end":{"line":32,"column":54}},"20":{"start":{"line":35,"column":4},"end":{"line":35,"column":30}},"21":{"start":{"line":36,"column":4},"end":{"line":36,"column":27}},"22":{"start":{"line":37,"column":4},"end":{"line":37,"column":20}},"23":{"start":{"line":39,"column":0},"end":{"line":39,"column":55}},"24":{"start":{"line":40,"column":0},"end":{"line":40,"column":48}},"25":{"start":{"line":43,"column":4},"end":{"line":43,"column":29}},"26":{"start":{"line":44,"column":4},"end":{"line":44,"column":27}},"27":{"start":{"line":45,"column":4},"end":{"line":45,"column":20}},"28":{"start":{"line":47,"column":0},"end":{"line":47,"column":54}},"29":{"start":{"line":48,"column":0},"end":{"line":48,"column":46}},"30":{"start":{"line":50,"column":0},"end":{"line":50,"column":99}}},"fnMap":{"0":{"name":"ConnectionError","decl":{"start":{"line":1,"column":9},"end":{"line":1,"column":24}},"loc":{"start":{"line":1,"column":34},"end":{"line":5,"column":1}},"line":1},"1":{"name":"AttributeError","decl":{"start":{"line":10,"column":9},"end":{"line":10,"column":23}},"loc":{"start":{"line":10,"column":33},"end":{"line":14,"column":1}},"line":10},"2":{"name":"NotFoundError","decl":{"start":{"line":18,"column":9},"end":{"line":18,"column":22}},"loc":{"start":{"line":18,"column":32},"end":{"line":22,"column":1}},"line":18},"3":{"name":"MediaTypeError","decl":{"start":{"line":26,"column":9},"end":{"line":26,"column":23}},"loc":{"start":{"line":26,"column":33},"end":{"line":30,"column":1}},"line":26},"4":{"name":"ServerError","decl":{"start":{"line":34,"column":9},"end":{"line":34,"column":20}},"loc":{"start":{"line":34,"column":30},"end":{"line":38,"column":1}},"line":34},"5":{"name":"OtherError","decl":{"start":{"line":42,"column":9},"end":{"line":42,"column":19}},"loc":{"start":{"line":42,"column":29},"end":{"line":46,"column":1}},"line":42}},"branchMap":{},"s":{"0":1,"1":1,"2":1,"3":1,"4":1,"5":2,"6":2,"7":2,"8":1,"9":1,"10":1,"11":1,"12":1,"13":1,"14":1,"15":1,"16":1,"17":1,"18":1,"19":1,"20":1,"21":1,"22":1,"23":1,"24":1,"25":1,"26":1,"27":1,"28":1,"29":1,"30":1},"f":{"0":1,"1":2,"2":1,"3":1,"4":1,"5":1},"b":{},"_coverageSchema":"1a1c01bbd47fc00a2c39e90264f33305004495a9","hash":"ae6bc8606b4c422c227ac45c552deb11d81f2884"}
,"/Users/anupambaranwal/codes/sdk/jsPMClient/livePriceWebSocket.js": {"path":"/Users/anupambaranwal/codes/sdk/jsPMClient/livePriceWebSocket.js","statementMap":{"0":{"start":{"line":1,"column":16},"end":{"line":1,"column":29}},"1":{"start":{"line":2,"column":18},"end":{"line":2,"column":50}},"2":{"start":{"line":22,"column":8},"end":{"line":22,"column":44}},"3":{"start":{"line":26,"column":8},"end":{"line":26,"column":46}},"4":{"start":{"line":30,"column":8},"end":{"line":30,"column":50}},"5":{"start":{"line":34,"column":8},"end":{"line":34,"column":46}},"6":{"start":{"line":42,"column":8},"end":{"line":42,"column":52}},"7":{"start":{"line":44,"column":8},"end":{"line":44,"column":46}},"8":{"start":{"line":46,"column":8},"end":{"line":49,"column":10}},"9":{"start":{"line":47,"column":12},"end":{"line":47,"column":54}},"10":{"start":{"line":48,"column":12},"end":{"line":48,"column":34}},"11":{"start":{"line":51,"column":8},"end":{"line":53,"column":10}},"12":{"start":{"line":52,"column":12},"end":{"line":52,"column":47}},"13":{"start":{"line":55,"column":8},"end":{"line":60,"column":10}},"14":{"start":{"line":56,"column":12},"end":{"line":59,"column":64}},"15":{"start":{"line":57,"column":16},"end":{"line":57,"column":45}},"16":{"start":{"line":59,"column":16},"end":{"line":59,"column":64}},"17":{"start":{"line":62,"column":8},"end":{"line":64,"column":10}},"18":{"start":{"line":63,"column":12},"end":{"line":63,"column":37}},"19":{"start":{"line":72,"column":8},"end":{"line":75,"column":9}},"20":{"start":{"line":73,"column":12},"end":{"line":73,"column":57}},"21":{"start":{"line":74,"column":12},"end":{"line":74,"column":19}},"22":{"start":{"line":76,"column":8},"end":{"line":76,"column":47}},"23":{"start":{"line":77,"column":8},"end":{"line":77,"column":39}},"24":{"start":{"line":86,"column":22},"end":{"line":86,"column":35}},"25":{"start":{"line":86,"column":48},"end":{"line":86,"column":50}},"26":{"start":{"line":87,"column":21},"end":{"line":87,"column":41}},"27":{"start":{"line":88,"column":21},"end":{"line":88,"column":38}},"28":{"start":{"line":89,"column":12},"end":{"line":91,"column":13}},"29":{"start":{"line":89,"column":25},"end":{"line":89,"column":26}},"30":{"start":{"line":90,"column":16},"end":{"line":90,"column":34}},"31":{"start":{"line":92,"column":22},"end":{"line":92,"column":38}},"32":{"start":{"line":93,"column":27},"end":{"line":93,"column":28}},"33":{"start":{"line":94,"column":12},"end":{"line":117,"column":13}},"34":{"start":{"line":95,"column":27},"end":{"line":95,"column":48}},"35":{"start":{"line":96,"column":16},"end":{"line":96,"column":40}},"36":{"start":{"line":97,"column":16},"end":{"line":116,"column":17}},"37":{"start":{"line":99,"column":24},"end":{"line":99,"column":48}},"38":{"start":{"line":100,"column":24},"end":{"line":100,"column":30}},"39":{"start":{"line":102,"column":24},"end":{"line":102,"column":50}},"40":{"start":{"line":103,"column":24},"end":{"line":103,"column":30}},"41":{"start":{"line":105,"column":24},"end":{"line":105,"column":49}},"42":{"start":{"line":106,"column":24},"end":{"line":106,"column":30}},"43":{"start":{"line":108,"column":24},"end":{"line":108,"column":43}},"44":{"start":{"line":109,"column":24},"end":{"line":109,"column":30}},"45":{"start":{"line":111,"column":24},"end":{"line":111,"column":45}},"46":{"start":{"line":112,"column":24},"end":{"line":112,"column":30}},"47":{"start":{"line":114,"column":24},"end":{"line":114,"column":44}},"48":{"start":{"line":115,"column":24},"end":{"line":115,"column":30}},"49":{"start":{"line":120,"column":16},"end":{"line":128,"column":19}},"50":{"start":{"line":129,"column":16},"end":{"line":129,"column":41}},"51":{"start":{"line":133,"column":16},"end":{"line":141,"column":19}},"52":{"start":{"line":142,"column":16},"end":{"line":142,"column":41}},"53":{"start":{"line":146,"column":16},"end":{"line":165,"column":19}},"54":{"start":{"line":166,"column":16},"end":{"line":166,"column":41}},"55":{"start":{"line":170,"column":16},"end":{"line":183,"column":19}},"56":{"start":{"line":184,"column":16},"end":{"line":184,"column":41}},"57":{"start":{"line":188,"column":33},"end":{"line":188,"column":35}},"58":{"start":{"line":189,"column":34},"end":{"line":189,"column":36}},"59":{"start":{"line":190,"column":16},"end":{"line":200,"column":17}},"60":{"start":{"line":190,"column":29},"end":{"line":190,"column":30}},"61":{"start":{"line":191,"column":32},"end":{"line":191,"column":58}},"62":{"start":{"line":192,"column":35},"end":{"line":192,"column":37}},"63":{"start":{"line":193,"column":20},"end":{"line":193,"column":85}},"64":{"start":{"line":194,"column":20},"end":{"line":194,"column":86}},"65":{"start":{"line":195,"column":20},"end":{"line":195,"column":82}},"66":{"start":{"line":196,"column":20},"end":{"line":196,"column":84}},"67":{"start":{"line":197,"column":20},"end":{"line":197,"column":96}},"68":{"start":{"line":198,"column":20},"end":{"line":198,"column":97}},"69":{"start":{"line":199,"column":20},"end":{"line":199,"column":50}},"70":{"start":{"line":201,"column":27},"end":{"line":201,"column":29}},"71":{"start":{"line":202,"column":16},"end":{"line":202,"column":46}},"72":{"start":{"line":203,"column":16},"end":{"line":203,"column":31}},"73":{"start":{"line":205,"column":16},"end":{"line":224,"column":66}},"74":{"start":{"line":226,"column":16},"end":{"line":226,"column":36}},"75":{"start":{"line":228,"column":16},"end":{"line":228,"column":30}},"76":{"start":{"line":232,"column":16},"end":{"line":244,"column":19}},"77":{"start":{"line":245,"column":16},"end":{"line":245,"column":41}},"78":{"start":{"line":248,"column":8},"end":{"line":248,"column":24}},"79":{"start":{"line":252,"column":0},"end":{"line":252,"column":36}}},"fnMap":{"0":{"name":"(anonymous_0)","decl":{"start":{"line":21,"column":4},"end":{"line":21,"column":5}},"loc":{"start":{"line":21,"column":38},"end":{"line":23,"column":5}},"line":21},"1":{"name":"(anonymous_1)","decl":{"start":{"line":25,"column":4},"end":{"line":25,"column":5}},"loc":{"start":{"line":25,"column":40},"end":{"line":27,"column":5}},"line":25},"2":{"name":"(anonymous_2)","decl":{"start":{"line":29,"column":4},"end":{"line":29,"column":5}},"loc":{"start":{"line":29,"column":44},"end":{"line":31,"column":5}},"line":29},"3":{"name":"(anonymous_3)","decl":{"start":{"line":33,"column":4},"end":{"line":33,"column":5}},"loc":{"start":{"line":33,"column":40},"end":{"line":35,"column":5}},"line":33},"4":{"name":"(anonymous_4)","decl":{"start":{"line":41,"column":4},"end":{"line":41,"column":5}},"loc":{"start":{"line":41,"column":17},"end":{"line":65,"column":5}},"line":41},"5":{"name":"(anonymous_5)","decl":{"start":{"line":46,"column":31},"end":{"line":46,"column":32}},"loc":{"start":{"line":46,"column":37},"end":{"line":49,"column":9}},"line":46},"6":{"name":"(anonymous_6)","decl":{"start":{"line":51,"column":32},"end":{"line":51,"column":33}},"loc":{"start":{"line":51,"column":50},"end":{"line":53,"column":9}},"line":51},"7":{"name":"(anonymous_7)","decl":{"start":{"line":55,"column":34},"end":{"line":55,"column":35}},"loc":{"start":{"line":55,"column":46},"end":{"line":60,"column":9}},"line":55},"8":{"name":"(anonymous_8)","decl":{"start":{"line":62,"column":32},"end":{"line":62,"column":33}},"loc":{"start":{"line":62,"column":41},"end":{"line":64,"column":9}},"line":62},"9":{"name":"(anonymous_9)","decl":{"start":{"line":71,"column":4},"end":{"line":71,"column":5}},"loc":{"start":{"line":71,"column":20},"end":{"line":78,"column":5}},"line":71},"10":{"name":"(anonymous_10)","decl":{"start":{"line":85,"column":4},"end":{"line":85,"column":5}},"loc":{"start":{"line":85,"column":24},"end":{"line":249,"column":5}},"line":85},"11":{"name":"processLtpPacket","decl":{"start":{"line":119,"column":21},"end":{"line":119,"column":37}},"loc":{"start":{"line":119,"column":40},"end":{"line":130,"column":13}},"line":119},"12":{"name":"processIndexLtpPacket","decl":{"start":{"line":132,"column":21},"end":{"line":132,"column":42}},"loc":{"start":{"line":132,"column":45},"end":{"line":143,"column":13}},"line":132},"13":{"name":"processQuotePacket","decl":{"start":{"line":145,"column":21},"end":{"line":145,"column":39}},"loc":{"start":{"line":145,"column":42},"end":{"line":167,"column":13}},"line":145},"14":{"name":"processIndexQuotePacket","decl":{"start":{"line":169,"column":21},"end":{"line":169,"column":44}},"loc":{"start":{"line":169,"column":47},"end":{"line":185,"column":13}},"line":169},"15":{"name":"processFullPacket","decl":{"start":{"line":187,"column":21},"end":{"line":187,"column":38}},"loc":{"start":{"line":187,"column":41},"end":{"line":229,"column":13}},"line":187},"16":{"name":"processIndexFullPacket","decl":{"start":{"line":231,"column":21},"end":{"line":231,"column":43}},"loc":{"start":{"line":231,"column":46},"end":{"line":246,"column":13}},"line":231}},"branchMap":{"0":{"loc":{"start":{"line":56,"column":12},"end":{"line":59,"column":64}},"type":"if","locations":[{"start":{"line":56,"column":12},"end":{"line":59,"column":64}},{"start":{"line":59,"column":16},"end":{"line":59,"column":64}}],"line":56},"1":{"loc":{"start":{"line":72,"column":8},"end":{"line":75,"column":9}},"type":"if","locations":[{"start":{"line":72,"column":8},"end":{"line":75,"column":9}},{"start":{},"end":{}}],"line":72},"2":{"loc":{"start":{"line":72,"column":11},"end":{"line":72,"column":69}},"type":"binary-expr","locations":[{"start":{"line":72,"column":11},"end":{"line":72,"column":23}},{"start":{"line":72,"column":27},"end":{"line":72,"column":69}}],"line":72},"3":{"loc":{"start":{"line":97,"column":16},"end":{"line":116,"column":17}},"type":"switch","locations":[{"start":{"line":98,"column":20},"end":{"line":100,"column":30}},{"start":{"line":101,"column":20},"end":{"line":103,"column":30}},{"start":{"line":104,"column":20},"end":{"line":106,"column":30}},{"start":{"line":107,"column":20},"end":{"line":109,"column":30}},{"start":{"line":110,"column":20},"end":{"line":112,"column":30}},{"start":{"line":113,"column":20},"end":{"line":115,"column":30}}],"line":97}},"s":{"0":1,"1":1,"2":14,"3":14,"4":14,"5":14,"6":1,"7":1,"8":1,"9":0,"10":0,"11":1,"12":0,"13":1,"14":0,"15":0,"16":0,"17":1,"18":0,"19":1,"20":1,"21":1,"22":0,"23":0,"24":6,"25":6,"26":6,"27":6,"28":6,"29":6,"30":370,"31":6,"32":6,"33":6,"34":6,"35":6,"36":6,"37":1,"38":1,"39":1,"40":1,"41":1,"42":1,"43":1,"44":1,"45":1,"46":1,"47":1,"48":1,"49":1,"50":1,"51":1,"52":1,"53":1,"54":1,"55":1,"56":1,"57":1,"58":1,"59":1,"60":1,"61":5,"62":5,"63":5,"64":5,"65":5,"66":5,"67":5,"68":5,"69":5,"70":1,"71":1,"72":1,"73":1,"74":1,"75":1,"76":1,"77":1,"78":6,"79":1},"f":{"0":14,"1":14,"2":14,"3":14,"4":1,"5":0,"6":0,"7":0,"8":0,"9":1,"10":6,"11":1,"12":1,"13":1,"14":1,"15":1,"16":1},"b":{"0":[0,0],"1":[1,0],"2":[1,1],"3":[1,1,1,1,1,1]},"_coverageSchema":"1a1c01bbd47fc00a2c39e90264f33305004495a9","hash":"0c98b2d9642c2907a6d0edb3bb0f64aa2bf14999"}
,"/Users/anupambaranwal/codes/sdk/jsPMClient/pmClient.js": {"path":"/Users/anupambaranwal/codes/sdk/jsPMClient/pmClient.js","statementMap":{"0":{"start":{"line":1,"column":19},"end":{"line":1,"column":42}},"1":{"start":{"line":2,"column":18},"end":{"line":2,"column":50}},"2":{"start":{"line":13,"column":16},"end":{"line":719,"column":1}},"3":{"start":{"line":14,"column":4},"end":{"line":18,"column":5}},"4":{"start":{"line":15,"column":8},"end":{"line":15,"column":31}},"5":{"start":{"line":17,"column":8},"end":{"line":17,"column":46}},"6":{"start":{"line":19,"column":4},"end":{"line":23,"column":5}},"7":{"start":{"line":20,"column":8},"end":{"line":20,"column":37}},"8":{"start":{"line":22,"column":8},"end":{"line":22,"column":49}},"9":{"start":{"line":24,"column":4},"end":{"line":24,"column":37}},"10":{"start":{"line":25,"column":4},"end":{"line":25,"column":43}},"11":{"start":{"line":26,"column":4},"end":{"line":26,"column":51}},"12":{"start":{"line":27,"column":4},"end":{"line":27,"column":57}},"13":{"start":{"line":28,"column":4},"end":{"line":28,"column":47}},"14":{"start":{"line":29,"column":4},"end":{"line":29,"column":53}},"15":{"start":{"line":35,"column":4},"end":{"line":39,"column":5}},"16":{"start":{"line":36,"column":8},"end":{"line":36,"column":41}},"17":{"start":{"line":37,"column":8},"end":{"line":37,"column":47}},"18":{"start":{"line":38,"column":8},"end":{"line":38,"column":33}},"19":{"start":{"line":45,"column":4},"end":{"line":49,"column":5}},"20":{"start":{"line":46,"column":8},"end":{"line":46,"column":55}},"21":{"start":{"line":47,"column":8},"end":{"line":47,"column":61}},"22":{"start":{"line":48,"column":8},"end":{"line":48,"column":40}},"23":{"start":{"line":55,"column":4},"end":{"line":59,"column":5}},"24":{"start":{"line":56,"column":8},"end":{"line":56,"column":51}},"25":{"start":{"line":57,"column":8},"end":{"line":57,"column":57}},"26":{"start":{"line":58,"column":8},"end":{"line":58,"column":38}},"27":{"start":{"line":65,"column":4},"end":{"line":71,"column":5}},"28":{"start":{"line":66,"column":8},"end":{"line":70,"column":9}},"29":{"start":{"line":67,"column":12},"end":{"line":67,"column":87}},"30":{"start":{"line":69,"column":12},"end":{"line":69,"column":52}},"31":{"start":{"line":77,"column":4},"end":{"line":93,"column":5}},"32":{"start":{"line":78,"column":27},"end":{"line":82,"column":9}},"33":{"start":{"line":83,"column":20},"end":{"line":83,"column":94}},"34":{"start":{"line":85,"column":20},"end":{"line":85,"column":37}},"35":{"start":{"line":87,"column":8},"end":{"line":91,"column":9}},"36":{"start":{"line":88,"column":12},"end":{"line":88,"column":55}},"37":{"start":{"line":89,"column":12},"end":{"line":89,"column":69}},"38":{"start":{"line":90,"column":12},"end":{"line":90,"column":65}},"39":{"start":{"line":92,"column":8},"end":{"line":92,"column":19}},"40":{"start":{"line":98,"column":4},"end":{"line":100,"column":5}},"41":{"start":{"line":99,"column":8},"end":{"line":99,"column":67}},"42":{"start":{"line":105,"column":4},"end":{"line":107,"column":5}},"43":{"start":{"line":106,"column":8},"end":{"line":106,"column":70}},"44":{"start":{"line":129,"column":4},"end":{"line":172,"column":5}},"45":{"start":{"line":130,"column":20},"end":{"line":142,"column":9}},"46":{"start":{"line":143,"column":21},"end":{"line":143,"column":36}},"47":{"start":{"line":146,"column":8},"end":{"line":148,"column":9}},"48":{"start":{"line":147,"column":12},"end":{"line":147,"column":51}},"49":{"start":{"line":151,"column":8},"end":{"line":154,"column":9}},"50":{"start":{"line":152,"column":12},"end":{"line":152,"column":47}},"51":{"start":{"line":153,"column":12},"end":{"line":153,"column":53}},"52":{"start":{"line":158,"column":8},"end":{"line":163,"column":9}},"53":{"start":{"line":159,"column":12},"end":{"line":159,"column":37}},"54":{"start":{"line":160,"column":12},"end":{"line":160,"column":38}},"55":{"start":{"line":161,"column":12},"end":{"line":161,"column":49}},"56":{"start":{"line":162,"column":12},"end":{"line":162,"column":53}},"57":{"start":{"line":166,"column":8},"end":{"line":170,"column":9}},"58":{"start":{"line":167,"column":12},"end":{"line":167,"column":35}},"59":{"start":{"line":168,"column":12},"end":{"line":168,"column":38}},"60":{"start":{"line":169,"column":12},"end":{"line":169,"column":51}},"61":{"start":{"line":171,"column":8},"end":{"line":171,"column":69}},"62":{"start":{"line":197,"column":4},"end":{"line":242,"column":5}},"63":{"start":{"line":198,"column":20},"end":{"line":214,"column":9}},"64":{"start":{"line":216,"column":21},"end":{"line":216,"column":37}},"65":{"start":{"line":219,"column":8},"end":{"line":221,"column":9}},"66":{"start":{"line":220,"column":12},"end":{"line":220,"column":51}},"67":{"start":{"line":224,"column":8},"end":{"line":227,"column":9}},"68":{"start":{"line":225,"column":12},"end":{"line":225,"column":47}},"69":{"start":{"line":226,"column":12},"end":{"line":226,"column":53}},"70":{"start":{"line":230,"column":8},"end":{"line":234,"column":9}},"71":{"start":{"line":231,"column":12},"end":{"line":231,"column":38}},"72":{"start":{"line":232,"column":12},"end":{"line":232,"column":37}},"73":{"start":{"line":233,"column":12},"end":{"line":233,"column":51}},"74":{"start":{"line":237,"column":8},"end":{"line":240,"column":9}},"75":{"start":{"line":238,"column":12},"end":{"line":238,"column":36}},"76":{"start":{"line":239,"column":12},"end":{"line":239,"column":37}},"77":{"start":{"line":241,"column":8},"end":{"line":241,"column":66}},"78":{"start":{"line":266,"column":4},"end":{"line":304,"column":5}},"79":{"start":{"line":267,"column":20},"end":{"line":283,"column":9}},"80":{"start":{"line":284,"column":21},"end":{"line":284,"column":37}},"81":{"start":{"line":287,"column":8},"end":{"line":289,"column":9}},"82":{"start":{"line":288,"column":12},"end":{"line":288,"column":51}},"83":{"start":{"line":292,"column":8},"end":{"line":296,"column":9}},"84":{"start":{"line":293,"column":12},"end":{"line":293,"column":36}},"85":{"start":{"line":294,"column":12},"end":{"line":294,"column":37}},"86":{"start":{"line":295,"column":12},"end":{"line":295,"column":51}},"87":{"start":{"line":299,"column":8},"end":{"line":302,"column":9}},"88":{"start":{"line":300,"column":12},"end":{"line":300,"column":34}},"89":{"start":{"line":301,"column":12},"end":{"line":301,"column":37}},"90":{"start":{"line":303,"column":8},"end":{"line":303,"column":64}},"91":{"start":{"line":321,"column":4},"end":{"line":340,"column":5}},"92":{"start":{"line":322,"column":20},"end":{"line":332,"column":9}},"93":{"start":{"line":335,"column":8},"end":{"line":338,"column":9}},"94":{"start":{"line":336,"column":12},"end":{"line":336,"column":47}},"95":{"start":{"line":337,"column":12},"end":{"line":337,"column":53}},"96":{"start":{"line":339,"column":8},"end":{"line":339,"column":75}},"97":{"start":{"line":346,"column":4},"end":{"line":348,"column":5}},"98":{"start":{"line":347,"column":8},"end":{"line":347,"column":71}},"99":{"start":{"line":356,"column":4},"end":{"line":363,"column":5}},"100":{"start":{"line":357,"column":19},"end":{"line":361,"column":9}},"101":{"start":{"line":362,"column":8},"end":{"line":362,"column":76}},"102":{"start":{"line":368,"column":4},"end":{"line":370,"column":5}},"103":{"start":{"line":369,"column":8},"end":{"line":369,"column":68}},"104":{"start":{"line":378,"column":4},"end":{"line":385,"column":5}},"105":{"start":{"line":379,"column":20},"end":{"line":383,"column":9}},"106":{"start":{"line":384,"column":8},"end":{"line":384,"column":80}},"107":{"start":{"line":391,"column":4},"end":{"line":396,"column":5}},"108":{"start":{"line":392,"column":21},"end":{"line":394,"column":9}},"109":{"start":{"line":395,"column":8},"end":{"line":395,"column":73}},"110":{"start":{"line":401,"column":4},"end":{"line":403,"column":5}},"111":{"start":{"line":402,"column":8},"end":{"line":402,"column":72}},"112":{"start":{"line":408,"column":4},"end":{"line":410,"column":5}},"113":{"start":{"line":409,"column":8},"end":{"line":409,"column":76}},"114":{"start":{"line":425,"column":4},"end":{"line":438,"column":5}},"115":{"start":{"line":426,"column":21},"end":{"line":436,"column":9}},"116":{"start":{"line":437,"column":8},"end":{"line":437,"column":72}},"117":{"start":{"line":446,"column":4},"end":{"line":455,"column":5}},"118":{"start":{"line":447,"column":8},"end":{"line":449,"column":9}},"119":{"start":{"line":448,"column":12},"end":{"line":448,"column":28}},"120":{"start":{"line":450,"column":20},"end":{"line":453,"column":9}},"121":{"start":{"line":454,"column":8},"end":{"line":454,"column":73}},"122":{"start":{"line":462,"column":4},"end":{"line":467,"column":5}},"123":{"start":{"line":463,"column":26},"end":{"line":465,"column":9}},"124":{"start":{"line":466,"column":8},"end":{"line":466,"column":80}},"125":{"start":{"line":472,"column":4},"end":{"line":474,"column":5}},"126":{"start":{"line":473,"column":8},"end":{"line":473,"column":71}},"127":{"start":{"line":481,"column":4},"end":{"line":487,"column":5}},"128":{"start":{"line":482,"column":20},"end":{"line":485,"column":9}},"129":{"start":{"line":486,"column":8},"end":{"line":486,"column":73}},"130":{"start":{"line":493,"column":4},"end":{"line":498,"column":5}},"131":{"start":{"line":494,"column":21},"end":{"line":496,"column":9}},"132":{"start":{"line":497,"column":8},"end":{"line":497,"column":66}},"133":{"start":{"line":526,"column":5},"end":{"line":546,"column":5}},"134":{"start":{"line":527,"column":8},"end":{"line":545,"column":9}},"135":{"start":{"line":528,"column":25},"end":{"line":531,"column":13}},"136":{"start":{"line":532,"column":12},"end":{"line":532,"column":67}},"137":{"start":{"line":533,"column":15},"end":{"line":545,"column":9}},"138":{"start":{"line":534,"column":25},"end":{"line":536,"column":13}},"139":{"start":{"line":537,"column":12},"end":{"line":537,"column":67}},"140":{"start":{"line":538,"column":15},"end":{"line":545,"column":9}},"141":{"start":{"line":539,"column":25},"end":{"line":541,"column":13}},"142":{"start":{"line":542,"column":12},"end":{"line":542,"column":67}},"143":{"start":{"line":544,"column":12},"end":{"line":544,"column":65}},"144":{"start":{"line":569,"column":5},"end":{"line":592,"column":5}},"145":{"start":{"line":570,"column":34},"end":{"line":570,"column":36}},"146":{"start":{"line":572,"column":38},"end":{"line":576,"column":9}},"147":{"start":{"line":577,"column":8},"end":{"line":577,"column":57}},"148":{"start":{"line":579,"column":20},"end":{"line":590,"column":9}},"149":{"start":{"line":591,"column":8},"end":{"line":591,"column":63}},"150":{"start":{"line":598,"column":5},"end":{"line":603,"column":5}},"151":{"start":{"line":599,"column":26},"end":{"line":601,"column":9}},"152":{"start":{"line":602,"column":8},"end":{"line":602,"column":74}},"153":{"start":{"line":615,"column":5},"end":{"line":637,"column":5}},"154":{"start":{"line":616,"column":26},"end":{"line":618,"column":9}},"155":{"start":{"line":620,"column":34},"end":{"line":620,"column":36}},"156":{"start":{"line":622,"column":38},"end":{"line":626,"column":9}},"157":{"start":{"line":627,"column":8},"end":{"line":627,"column":57}},"158":{"start":{"line":629,"column":20},"end":{"line":635,"column":9}},"159":{"start":{"line":636,"column":8},"end":{"line":636,"column":75}},"160":{"start":{"line":643,"column":5},"end":{"line":648,"column":5}},"161":{"start":{"line":644,"column":26},"end":{"line":646,"column":9}},"162":{"start":{"line":647,"column":8},"end":{"line":647,"column":77}},"163":{"start":{"line":653,"column":4},"end":{"line":655,"column":5}},"164":{"start":{"line":654,"column":8},"end":{"line":654,"column":71}},"165":{"start":{"line":661,"column":5},"end":{"line":666,"column":5}},"166":{"start":{"line":662,"column":21},"end":{"line":664,"column":9}},"167":{"start":{"line":665,"column":8},"end":{"line":665,"column":70}},"168":{"start":{"line":672,"column":5},"end":{"line":677,"column":5}},"169":{"start":{"line":673,"column":26},"end":{"line":675,"column":9}},"170":{"start":{"line":676,"column":8},"end":{"line":676,"column":86}},"171":{"start":{"line":686,"column":4},"end":{"line":692,"column":5}},"172":{"start":{"line":687,"column":26},"end":{"line":690,"column":9}},"173":{"start":{"line":691,"column":8},"end":{"line":691,"column":81}},"174":{"start":{"line":700,"column":8},"end":{"line":707,"column":9}},"175":{"start":{"line":701,"column":30},"end":{"line":705,"column":13}},"176":{"start":{"line":706,"column":12},"end":{"line":706,"column":81}},"177":{"start":{"line":713,"column":4},"end":{"line":718,"column":5}},"178":{"start":{"line":714,"column":26},"end":{"line":716,"column":9}},"179":{"start":{"line":717,"column":8},"end":{"line":717,"column":84}},"180":{"start":{"line":722,"column":0},"end":{"line":722,"column":27}}},"fnMap":{"0":{"name":"(anonymous_0)","decl":{"start":{"line":13,"column":16},"end":{"line":13,"column":17}},"loc":{"start":{"line":13,"column":114},"end":{"line":719,"column":1}},"line":13},"1":{"name":"(anonymous_1)","decl":{"start":{"line":35,"column":28},"end":{"line":35,"column":29}},"loc":{"start":{"line":35,"column":52},"end":{"line":39,"column":5}},"line":35},"2":{"name":"(anonymous_2)","decl":{"start":{"line":45,"column":35},"end":{"line":45,"column":36}},"loc":{"start":{"line":45,"column":66},"end":{"line":49,"column":5}},"line":45},"3":{"name":"(anonymous_3)","decl":{"start":{"line":55,"column":33},"end":{"line":55,"column":34}},"loc":{"start":{"line":55,"column":62},"end":{"line":59,"column":5}},"line":55},"4":{"name":"(anonymous_4)","decl":{"start":{"line":65,"column":25},"end":{"line":65,"column":26}},"loc":{"start":{"line":65,"column":46},"end":{"line":71,"column":5}},"line":65},"5":{"name":"(anonymous_5)","decl":{"start":{"line":77,"column":28},"end":{"line":77,"column":29}},"loc":{"start":{"line":77,"column":59},"end":{"line":93,"column":5}},"line":77},"6":{"name":"(anonymous_6)","decl":{"start":{"line":98,"column":18},"end":{"line":98,"column":19}},"loc":{"start":{"line":98,"column":29},"end":{"line":100,"column":5}},"line":98},"7":{"name":"(anonymous_7)","decl":{"start":{"line":105,"column":28},"end":{"line":105,"column":29}},"loc":{"start":{"line":105,"column":39},"end":{"line":107,"column":5}},"line":105},"8":{"name":"(anonymous_8)","decl":{"start":{"line":129,"column":23},"end":{"line":129,"column":24}},"loc":{"start":{"line":129,"column":235},"end":{"line":172,"column":5}},"line":129},"9":{"name":"(anonymous_9)","decl":{"start":{"line":197,"column":24},"end":{"line":197,"column":25}},"loc":{"start":{"line":197,"column":267},"end":{"line":242,"column":5}},"line":197},"10":{"name":"(anonymous_10)","decl":{"start":{"line":266,"column":24},"end":{"line":266,"column":25}},"loc":{"start":{"line":266,"column":228},"end":{"line":304,"column":5}},"line":266},"11":{"name":"(anonymous_11)","decl":{"start":{"line":321,"column":25},"end":{"line":321,"column":26}},"loc":{"start":{"line":321,"column":160},"end":{"line":340,"column":5}},"line":321},"12":{"name":"(anonymous_12)","decl":{"start":{"line":346,"column":22},"end":{"line":346,"column":23}},"loc":{"start":{"line":346,"column":32},"end":{"line":348,"column":5}},"line":346},"13":{"name":"(anonymous_13)","decl":{"start":{"line":356,"column":25},"end":{"line":356,"column":26}},"loc":{"start":{"line":356,"column":58},"end":{"line":363,"column":5}},"line":356},"14":{"name":"(anonymous_14)","decl":{"start":{"line":368,"column":20},"end":{"line":368,"column":21}},"loc":{"start":{"line":368,"column":30},"end":{"line":370,"column":5}},"line":368},"15":{"name":"(anonymous_15)","decl":{"start":{"line":378,"column":28},"end":{"line":378,"column":29}},"loc":{"start":{"line":378,"column":68},"end":{"line":385,"column":5}},"line":378},"16":{"name":"(anonymous_16)","decl":{"start":{"line":391,"column":25},"end":{"line":391,"column":26}},"loc":{"start":{"line":391,"column":48},"end":{"line":396,"column":5}},"line":391},"17":{"name":"(anonymous_17)","decl":{"start":{"line":401,"column":26},"end":{"line":401,"column":27}},"loc":{"start":{"line":401,"column":36},"end":{"line":403,"column":5}},"line":401},"18":{"name":"(anonymous_18)","decl":{"start":{"line":408,"column":30},"end":{"line":408,"column":31}},"loc":{"start":{"line":408,"column":40},"end":{"line":410,"column":5}},"line":408},"19":{"name":"(anonymous_19)","decl":{"start":{"line":425,"column":24},"end":{"line":425,"column":25}},"loc":{"start":{"line":425,"column":124},"end":{"line":438,"column":5}},"line":425},"20":{"name":"(anonymous_20)","decl":{"start":{"line":446,"column":25},"end":{"line":446,"column":26}},"loc":{"start":{"line":446,"column":54},"end":{"line":455,"column":5}},"line":446},"21":{"name":"(anonymous_21)","decl":{"start":{"line":462,"column":27},"end":{"line":462,"column":28}},"loc":{"start":{"line":462,"column":46},"end":{"line":467,"column":5}},"line":462},"22":{"name":"(anonymous_22)","decl":{"start":{"line":472,"column":25},"end":{"line":472,"column":26}},"loc":{"start":{"line":472,"column":35},"end":{"line":474,"column":5}},"line":472},"23":{"name":"(anonymous_23)","decl":{"start":{"line":481,"column":25},"end":{"line":481,"column":26}},"loc":{"start":{"line":481,"column":55},"end":{"line":487,"column":5}},"line":481},"24":{"name":"(anonymous_24)","decl":{"start":{"line":493,"column":18},"end":{"line":493,"column":19}},"loc":{"start":{"line":493,"column":43},"end":{"line":498,"column":5}},"line":493},"25":{"name":"(anonymous_25)","decl":{"start":{"line":526,"column":40},"end":{"line":526,"column":41}},"loc":{"start":{"line":526,"column":73},"end":{"line":546,"column":5}},"line":526},"26":{"name":"(anonymous_26)","decl":{"start":{"line":569,"column":23},"end":{"line":569,"column":24}},"loc":{"start":{"line":569,"column":178},"end":{"line":592,"column":5}},"line":569},"27":{"name":"(anonymous_27)","decl":{"start":{"line":598,"column":20},"end":{"line":598,"column":21}},"loc":{"start":{"line":598,"column":32},"end":{"line":603,"column":5}},"line":598},"28":{"name":"(anonymous_28)","decl":{"start":{"line":615,"column":23},"end":{"line":615,"column":24}},"loc":{"start":{"line":615,"column":162},"end":{"line":637,"column":5}},"line":615},"29":{"name":"(anonymous_29)","decl":{"start":{"line":643,"column":23},"end":{"line":643,"column":24}},"loc":{"start":{"line":643,"column":35},"end":{"line":648,"column":5}},"line":643},"30":{"name":"(anonymous_30)","decl":{"start":{"line":653,"column":29},"end":{"line":653,"column":30}},"loc":{"start":{"line":653,"column":39},"end":{"line":655,"column":5}},"line":653},"31":{"name":"(anonymous_31)","decl":{"start":{"line":661,"column":27},"end":{"line":661,"column":28}},"loc":{"start":{"line":661,"column":43},"end":{"line":666,"column":5}},"line":661},"32":{"name":"(anonymous_32)","decl":{"start":{"line":672,"column":38},"end":{"line":672,"column":39}},"loc":{"start":{"line":672,"column":50},"end":{"line":677,"column":5}},"line":672},"33":{"name":"(anonymous_33)","decl":{"start":{"line":686,"column":32},"end":{"line":686,"column":33}},"loc":{"start":{"line":686,"column":83},"end":{"line":692,"column":5}},"line":686},"34":{"name":"(anonymous_34)","decl":{"start":{"line":700,"column":32},"end":{"line":700,"column":33}},"loc":{"start":{"line":700,"column":62},"end":{"line":707,"column":9}},"line":700},"35":{"name":"(anonymous_35)","decl":{"start":{"line":713,"column":35},"end":{"line":713,"column":36}},"loc":{"start":{"line":713,"column":51},"end":{"line":718,"column":5}},"line":713}},"branchMap":{"0":{"loc":{"start":{"line":13,"column":46},"end":{"line":13,"column":63}},"type":"default-arg","locations":[{"start":{"line":13,"column":59},"end":{"line":13,"column":63}}],"line":13},"1":{"loc":{"start":{"line":13,"column":65},"end":{"line":13,"column":89}},"type":"default-arg","locations":[{"start":{"line":13,"column":85},"end":{"line":13,"column":89}}],"line":13},"2":{"loc":{"start":{"line":13,"column":91},"end":{"line":13,"column":113}},"type":"default-arg","locations":[{"start":{"line":13,"column":109},"end":{"line":13,"column":113}}],"line":13},"3":{"loc":{"start":{"line":14,"column":4},"end":{"line":18,"column":5}},"type":"if","locations":[{"start":{"line":14,"column":4},"end":{"line":18,"column":5}},{"start":{"line":16,"column":11},"end":{"line":18,"column":5}}],"line":14},"4":{"loc":{"start":{"line":14,"column":8},"end":{"line":14,"column":36}},"type":"binary-expr","locations":[{"start":{"line":14,"column":8},"end":{"line":14,"column":23}},{"start":{"line":14,"column":27},"end":{"line":14,"column":36}}],"line":14},"5":{"loc":{"start":{"line":19,"column":4},"end":{"line":23,"column":5}},"type":"if","locations":[{"start":{"line":19,"column":4},"end":{"line":23,"column":5}},{"start":{"line":21,"column":11},"end":{"line":23,"column":5}}],"line":19},"6":{"loc":{"start":{"line":19,"column":8},"end":{"line":19,"column":39}},"type":"binary-expr","locations":[{"start":{"line":19,"column":8},"end":{"line":19,"column":26}},{"start":{"line":19,"column":30},"end":{"line":19,"column":39}}],"line":19},"7":{"loc":{"start":{"line":66,"column":8},"end":{"line":70,"column":9}},"type":"if","locations":[{"start":{"line":66,"column":8},"end":{"line":70,"column":9}},{"start":{"line":68,"column":15},"end":{"line":70,"column":9}}],"line":66},"8":{"loc":{"start":{"line":66,"column":12},"end":{"line":66,"column":42}},"type":"binary-expr","locations":[{"start":{"line":66,"column":12},"end":{"line":66,"column":29}},{"start":{"line":66,"column":33},"end":{"line":66,"column":42}}],"line":66},"9":{"loc":{"start":{"line":87,"column":8},"end":{"line":91,"column":9}},"type":"if","locations":[{"start":{"line":87,"column":8},"end":{"line":91,"column":9}},{"start":{},"end":{}}],"line":87},"10":{"loc":{"start":{"line":129,"column":120},"end":{"line":129,"column":138}},"type":"default-arg","locations":[{"start":{"line":129,"column":133},"end":{"line":129,"column":138}}],"line":129},"11":{"loc":{"start":{"line":129,"column":139},"end":{"line":129,"column":156}},"type":"default-arg","locations":[{"start":{"line":129,"column":152},"end":{"line":129,"column":156}}],"line":129},"12":{"loc":{"start":{"line":129,"column":157},"end":{"line":129,"column":176}},"type":"default-arg","locations":[{"start":{"line":129,"column":172},"end":{"line":129,"column":176}}],"line":129},"13":{"loc":{"start":{"line":129,"column":177},"end":{"line":129,"column":195}},"type":"default-arg","locations":[{"start":{"line":129,"column":191},"end":{"line":129,"column":195}}],"line":129},"14":{"loc":{"start":{"line":129,"column":197},"end":{"line":129,"column":213}},"type":"default-arg","locations":[{"start":{"line":129,"column":209},"end":{"line":129,"column":213}}],"line":129},"15":{"loc":{"start":{"line":129,"column":215},"end":{"line":129,"column":234}},"type":"default-arg","locations":[{"start":{"line":129,"column":230},"end":{"line":129,"column":234}}],"line":129},"16":{"loc":{"start":{"line":146,"column":8},"end":{"line":148,"column":9}},"type":"if","locations":[{"start":{"line":146,"column":8},"end":{"line":148,"column":9}},{"start":{},"end":{}}],"line":146},"17":{"loc":{"start":{"line":146,"column":12},"end":{"line":146,"column":53}},"type":"binary-expr","locations":[{"start":{"line":146,"column":12},"end":{"line":146,"column":31}},{"start":{"line":146,"column":35},"end":{"line":146,"column":53}}],"line":146},"18":{"loc":{"start":{"line":151,"column":8},"end":{"line":154,"column":9}},"type":"if","locations":[{"start":{"line":151,"column":8},"end":{"line":154,"column":9}},{"start":{},"end":{}}],"line":151},"19":{"loc":{"start":{"line":151,"column":12},"end":{"line":151,"column":57}},"type":"binary-expr","locations":[{"start":{"line":151,"column":12},"end":{"line":151,"column":31}},{"start":{"line":151,"column":35},"end":{"line":151,"column":57}}],"line":151},"20":{"loc":{"start":{"line":158,"column":8},"end":{"line":163,"column":9}},"type":"if","locations":[{"start":{"line":158,"column":8},"end":{"line":163,"column":9}},{"start":{},"end":{}}],"line":158},"21":{"loc":{"start":{"line":166,"column":8},"end":{"line":170,"column":9}},"type":"if","locations":[{"start":{"line":166,"column":8},"end":{"line":170,"column":9}},{"start":{},"end":{}}],"line":166},"22":{"loc":{"start":{"line":197,"column":121},"end":{"line":197,"column":139}},"type":"default-arg","locations":[{"start":{"line":197,"column":134},"end":{"line":197,"column":139}}],"line":197},"23":{"loc":{"start":{"line":197,"column":177},"end":{"line":197,"column":195}},"type":"default-arg","locations":[{"start":{"line":197,"column":191},"end":{"line":197,"column":195}}],"line":197},"24":{"loc":{"start":{"line":197,"column":196},"end":{"line":197,"column":207}},"type":"default-arg","locations":[{"start":{"line":197,"column":203},"end":{"line":197,"column":207}}],"line":197},"25":{"loc":{"start":{"line":197,"column":208},"end":{"line":197,"column":226}},"type":"default-arg","locations":[{"start":{"line":197,"column":222},"end":{"line":197,"column":226}}],"line":197},"26":{"loc":{"start":{"line":197,"column":228},"end":{"line":197,"column":244}},"type":"default-arg","locations":[{"start":{"line":197,"column":240},"end":{"line":197,"column":244}}],"line":197},"27":{"loc":{"start":{"line":197,"column":246},"end":{"line":197,"column":265}},"type":"default-arg","locations":[{"start":{"line":197,"column":261},"end":{"line":197,"column":265}}],"line":197},"28":{"loc":{"start":{"line":219,"column":8},"end":{"line":221,"column":9}},"type":"if","locations":[{"start":{"line":219,"column":8},"end":{"line":221,"column":9}},{"start":{},"end":{}}],"line":219},"29":{"loc":{"start":{"line":219,"column":12},"end":{"line":219,"column":53}},"type":"binary-expr","locations":[{"start":{"line":219,"column":12},"end":{"line":219,"column":31}},{"start":{"line":219,"column":35},"end":{"line":219,"column":53}}],"line":219},"30":{"loc":{"start":{"line":224,"column":8},"end":{"line":227,"column":9}},"type":"if","locations":[{"start":{"line":224,"column":8},"end":{"line":227,"column":9}},{"start":{},"end":{}}],"line":224},"31":{"loc":{"start":{"line":224,"column":12},"end":{"line":224,"column":57}},"type":"binary-expr","locations":[{"start":{"line":224,"column":12},"end":{"line":224,"column":31}},{"start":{"line":224,"column":35},"end":{"line":224,"column":57}}],"line":224},"32":{"loc":{"start":{"line":230,"column":8},"end":{"line":234,"column":9}},"type":"if","locations":[{"start":{"line":230,"column":8},"end":{"line":234,"column":9}},{"start":{},"end":{}}],"line":230},"33":{"loc":{"start":{"line":237,"column":8},"end":{"line":240,"column":9}},"type":"if","locations":[{"start":{"line":237,"column":8},"end":{"line":240,"column":9}},{"start":{},"end":{}}],"line":237},"34":{"loc":{"start":{"line":266,"column":121},"end":{"line":266,"column":139}},"type":"default-arg","locations":[{"start":{"line":266,"column":134},"end":{"line":266,"column":139}}],"line":266},"35":{"loc":{"start":{"line":266,"column":177},"end":{"line":266,"column":195}},"type":"default-arg","locations":[{"start":{"line":266,"column":191},"end":{"line":266,"column":195}}],"line":266},"36":{"loc":{"start":{"line":266,"column":196},"end":{"line":266,"column":207}},"type":"default-arg","locations":[{"start":{"line":266,"column":203},"end":{"line":266,"column":207}}],"line":266},"37":{"loc":{"start":{"line":266,"column":208},"end":{"line":266,"column":226}},"type":"default-arg","locations":[{"start":{"line":266,"column":222},"end":{"line":266,"column":226}}],"line":266},"38":{"loc":{"start":{"line":287,"column":8},"end":{"line":289,"column":9}},"type":"if","locations":[{"start":{"line":287,"column":8},"end":{"line":289,"column":9}},{"start":{},"end":{}}],"line":287},"39":{"loc":{"start":{"line":287,"column":12},"end":{"line":287,"column":53}},"type":"binary-expr","locations":[{"start":{"line":287,"column":12},"end":{"line":287,"column":31}},{"start":{"line":287,"column":35},"end":{"line":287,"column":53}}],"line":287},"40":{"loc":{"start":{"line":292,"column":8},"end":{"line":296,"column":9}},"type":"if","locations":[{"start":{"line":292,"column":8},"end":{"line":296,"column":9}},{"start":{},"end":{}}],"line":292},"41":{"loc":{"start":{"line":299,"column":8},"end":{"line":302,"column":9}},"type":"if","locations":[{"start":{"line":299,"column":8},"end":{"line":302,"column":9}},{"start":{},"end":{}}],"line":299},"42":{"loc":{"start":{"line":321,"column":122},"end":{"line":321,"column":138}},"type":"default-arg","locations":[{"start":{"line":321,"column":134},"end":{"line":321,"column":138}}],"line":321},"43":{"loc":{"start":{"line":321,"column":140},"end":{"line":321,"column":159}},"type":"default-arg","locations":[{"start":{"line":321,"column":155},"end":{"line":321,"column":159}}],"line":321},"44":{"loc":{"start":{"line":335,"column":8},"end":{"line":338,"column":9}},"type":"if","locations":[{"start":{"line":335,"column":8},"end":{"line":338,"column":9}},{"start":{},"end":{}}],"line":335},"45":{"loc":{"start":{"line":335,"column":12},"end":{"line":335,"column":57}},"type":"binary-expr","locations":[{"start":{"line":335,"column":12},"end":{"line":335,"column":31}},{"start":{"line":335,"column":35},"end":{"line":335,"column":57}}],"line":335},"46":{"loc":{"start":{"line":391,"column":34},"end":{"line":391,"column":46}},"type":"default-arg","locations":[{"start":{"line":391,"column":41},"end":{"line":391,"column":46}}],"line":391},"47":{"loc":{"start":{"line":447,"column":8},"end":{"line":449,"column":9}},"type":"if","locations":[{"start":{"line":447,"column":8},"end":{"line":449,"column":9}},{"start":{},"end":{}}],"line":447},"48":{"loc":{"start":{"line":526,"column":49},"end":{"line":526,"column":60}},"type":"default-arg","locations":[{"start":{"line":526,"column":56},"end":{"line":526,"column":60}}],"line":526},"49":{"loc":{"start":{"line":526,"column":61},"end":{"line":526,"column":72}},"type":"default-arg","locations":[{"start":{"line":526,"column":68},"end":{"line":526,"column":72}}],"line":526},"50":{"loc":{"start":{"line":527,"column":8},"end":{"line":545,"column":9}},"type":"if","locations":[{"start":{"line":527,"column":8},"end":{"line":545,"column":9}},{"start":{"line":533,"column":15},"end":{"line":545,"column":9}}],"line":527},"51":{"loc":{"start":{"line":527,"column":12},"end":{"line":527,"column":68}},"type":"binary-expr","locations":[{"start":{"line":527,"column":12},"end":{"line":527,"column":24}},{"start":{"line":527,"column":28},"end":{"line":527,"column":38}},{"start":{"line":527,"column":42},"end":{"line":527,"column":54}},{"start":{"line":527,"column":58},"end":{"line":527,"column":68}}],"line":527},"52":{"loc":{"start":{"line":533,"column":15},"end":{"line":545,"column":9}},"type":"if","locations":[{"start":{"line":533,"column":15},"end":{"line":545,"column":9}},{"start":{"line":538,"column":15},"end":{"line":545,"column":9}}],"line":533},"53":{"loc":{"start":{"line":533,"column":19},"end":{"line":533,"column":80}},"type":"binary-expr","locations":[{"start":{"line":533,"column":20},"end":{"line":533,"column":32}},{"start":{"line":533,"column":36},"end":{"line":533,"column":46}},{"start":{"line":533,"column":53},"end":{"line":533,"column":65}},{"start":{"line":533,"column":69},"end":{"line":533,"column":79}}],"line":533},"54":{"loc":{"start":{"line":538,"column":15},"end":{"line":545,"column":9}},"type":"if","locations":[{"start":{"line":538,"column":15},"end":{"line":545,"column":9}},{"start":{"line":543,"column":15},"end":{"line":545,"column":9}}],"line":538},"55":{"loc":{"start":{"line":538,"column":19},"end":{"line":538,"column":79}},"type":"binary-expr","locations":[{"start":{"line":538,"column":20},"end":{"line":538,"column":32}},{"start":{"line":538,"column":36},"end":{"line":538,"column":46}},{"start":{"line":538,"column":52},"end":{"line":538,"column":64}},{"start":{"line":538,"column":68},"end":{"line":538,"column":78}}],"line":538},"56":{"loc":{"start":{"line":615,"column":35},"end":{"line":615,"column":49}},"type":"default-arg","locations":[{"start":{"line":615,"column":45},"end":{"line":615,"column":49}}],"line":615},"57":{"loc":{"start":{"line":615,"column":51},"end":{"line":615,"column":72}},"type":"default-arg","locations":[{"start":{"line":615,"column":68},"end":{"line":615,"column":72}}],"line":615},"58":{"loc":{"start":{"line":615,"column":74},"end":{"line":615,"column":89}},"type":"default-arg","locations":[{"start":{"line":615,"column":85},"end":{"line":615,"column":89}}],"line":615},"59":{"loc":{"start":{"line":615,"column":91},"end":{"line":615,"column":108}},"type":"default-arg","locations":[{"start":{"line":615,"column":104},"end":{"line":615,"column":108}}],"line":615},"60":{"loc":{"start":{"line":615,"column":110},"end":{"line":615,"column":123}},"type":"default-arg","locations":[{"start":{"line":615,"column":119},"end":{"line":615,"column":123}}],"line":615},"61":{"loc":{"start":{"line":615,"column":125},"end":{"line":615,"column":143}},"type":"default-arg","locations":[{"start":{"line":615,"column":139},"end":{"line":615,"column":143}}],"line":615},"62":{"loc":{"start":{"line":615,"column":145},"end":{"line":615,"column":161}},"type":"default-arg","locations":[{"start":{"line":615,"column":157},"end":{"line":615,"column":161}}],"line":615}},"s":{"0":1,"1":1,"2":1,"3":3,"4":1,"5":2,"6":1,"7":1,"8":0,"9":1,"10":1,"11":1,"12":1,"13":1,"14":1,"15":1,"16":54,"17":54,"18":54,"19":1,"20":0,"21":0,"22":0,"23":1,"24":0,"25":0,"26":0,"27":1,"28":2,"29":1,"30":1,"31":1,"32":1,"33":1,"34":0,"35":0,"36":0,"37":0,"38":0,"39":0,"40":1,"41":1,"42":1,"43":2,"44":1,"45":4,"46":4,"47":4,"48":1,"49":4,"50":1,"51":1,"52":4,"53":1,"54":1,"55":1,"56":1,"57":4,"58":1,"59":1,"60":1,"61":4,"62":1,"63":3,"64":3,"65":3,"66":3,"67":3,"68":3,"69":3,"70":3,"71":1,"72":1,"73":1,"74":3,"75":1,"76":1,"77":3,"78":1,"79":3,"80":3,"81":3,"82":3,"83":3,"84":1,"85":1,"86":1,"87":3,"88":1,"89":1,"90":3,"91":1,"92":1,"93":1,"94":1,"95":1,"96":1,"97":1,"98":1,"99":1,"100":1,"101":1,"102":1,"103":1,"104":1,"105":1,"106":1,"107":1,"108":2,"109":2,"110":1,"111":1,"112":1,"113":1,"114":1,"115":1,"116":1,"117":1,"118":2,"119":1,"120":2,"121":2,"122":1,"123":4,"124":4,"125":1,"126":2,"127":1,"128":2,"129":2,"130":1,"131":2,"132":2,"133":1,"134":4,"135":1,"136":1,"137":3,"138":1,"139":1,"140":2,"141":1,"142":1,"143":1,"144":1,"145":2,"146":2,"147":2,"148":2,"149":2,"150":1,"151":1,"152":1,"153":1,"154":2,"155":2,"156":2,"157":2,"158":2,"159":2,"160":1,"161":1,"162":1,"163":1,"164":1,"165":1,"166":1,"167":1,"168":1,"169":1,"170":1,"171":1,"172":0,"173":0,"174":1,"175":0,"176":0,"177":1,"178":0,"179":0,"180":1},"f":{"0":3,"1":54,"2":0,"3":0,"4":2,"5":1,"6":1,"7":2,"8":4,"9":3,"10":3,"11":1,"12":1,"13":1,"14":1,"15":1,"16":2,"17":1,"18":1,"19":1,"20":2,"21":4,"22":2,"23":2,"24":2,"25":4,"26":2,"27":1,"28":2,"29":1,"30":1,"31":1,"32":1,"33":0,"34":0,"35":0},"b":{"0":[3],"1":[3],"2":[3],"3":[1,2],"4":[3,2],"5":[1,0],"6":[1,0],"7":[1,1],"8":[2,1],"9":[0,0],"10":[0],"11":[1],"12":[1],"13":[2],"14":[3],"15":[3],"16":[1,3],"17":[4,4],"18":[1,3],"19":[4,1],"20":[1,3],"21":[1,3],"22":[0],"23":[0],"24":[0],"25":[0],"26":[0],"27":[0],"28":[3,0],"29":[3,0],"30":[3,0],"31":[3,3],"32":[1,2],"33":[1,2],"34":[0],"35":[1],"36":[2],"37":[3],"38":[3,0],"39":[3,0],"40":[1,2],"41":[1,2],"42":[0],"43":[0],"44":[1,0],"45":[1,1],"46":[2],"47":[1,1],"48":[1],"49":[1],"50":[1,3],"51":[4,2,2,1],"52":[1,2],"53":[3,1,1,0],"54":[1,1],"55":[2,0,2,1],"56":[0],"57":[0],"58":[0],"59":[0],"60":[0],"61":[0],"62":[0]},"_coverageSchema":"1a1c01bbd47fc00a2c39e90264f33305004495a9","hash":"fc321f5dce3ba36916c578270a4ac5993149b48b"}
}
