TN:
SF:apiService.js
FN:7,(anonymous_0)
FN:31,validate_token
FN:50,(anonymous_2)
FN:51,(anonymous_3)
FNF:4
FNH:2
FNDA:2,(anonymous_0)
FNDA:1,validate_token
FNDA:0,(anonymous_2)
FNDA:0,(anonymous_3)
DA:1,2
DA:2,2
DA:3,2
DA:4,2
DA:7,2
DA:8,2
DA:9,2
DA:10,2
DA:11,1
DA:12,0
DA:13,0
DA:16,1
DA:17,0
DA:20,1
DA:27,1
DA:28,1
DA:30,1
DA:32,1
DA:33,1
DA:34,1
DA:35,0
DA:37,1
DA:38,0
DA:40,1
DA:41,0
DA:43,1
DA:44,1
DA:46,0
DA:50,0
DA:51,0
DA:52,0
DA:53,0
DA:54,0
DA:55,0
DA:56,0
DA:57,0
DA:58,0
DA:59,0
DA:60,0
DA:61,0
DA:62,0
DA:63,0
DA:65,0
DA:68,0
DA:70,0
LF:45
LH:21
BRDA:7,0,0,2
BRDA:7,1,0,2
BRDA:7,2,0,2
BRDA:11,3,0,0
BRDA:11,3,1,1
BRDA:16,4,0,0
BRDA:16,4,1,1
BRDA:27,5,0,1
BRDA:27,5,1,0
BRDA:34,6,0,0
BRDA:34,6,1,1
BRDA:34,7,0,1
BRDA:34,7,1,0
BRDA:37,8,0,0
BRDA:37,8,1,1
BRDA:37,9,0,1
BRDA:37,9,1,0
BRDA:40,10,0,0
BRDA:40,10,1,1
BRDA:40,11,0,1
BRDA:40,11,1,0
BRDA:43,12,0,1
BRDA:43,12,1,0
BRDA:43,13,0,1
BRDA:43,13,1,1
BRDA:52,14,0,0
BRDA:52,14,1,0
BRDA:53,15,0,0
BRDA:53,15,1,0
BRDA:54,16,0,0
BRDA:54,16,1,0
BRDA:56,17,0,0
BRDA:56,17,1,0
BRDA:58,18,0,0
BRDA:58,18,1,0
BRDA:60,19,0,0
BRDA:60,19,1,0
BRDA:62,20,0,0
BRDA:62,20,1,0
BRF:39
BRH:15
end_of_record
TN:
SF:constants.js
FNF:0
FNH:0
DA:1,3
DA:70,3
LF:2
LH:2
BRF:0
BRH:0
end_of_record
TN:
SF:epochConverterUtil.js
FN:1,EpochConverter
FNF:1
FNH:1
FNDA:5,EpochConverter
DA:5,5
DA:6,5
DA:7,5
DA:10,2
LF:4
LH:4
BRF:0
BRH:0
end_of_record
TN:
SF:exception.js
FN:1,ConnectionError
FN:10,AttributeError
FN:18,NotFoundError
FN:26,MediaTypeError
FN:34,ServerError
FN:42,OtherError
FNF:6
FNH:6
FNDA:1,ConnectionError
FNDA:1,AttributeError
FNDA:2,NotFoundError
FNDA:1,MediaTypeError
FNDA:1,ServerError
FNDA:1,OtherError
DA:2,1
DA:3,1
DA:4,1
DA:6,2
DA:7,2
DA:11,1
DA:12,1
DA:13,1
DA:15,2
DA:16,2
DA:19,2
DA:20,2
DA:21,2
DA:23,2
DA:24,2
DA:27,1
DA:28,1
DA:29,1
DA:31,2
DA:32,2
DA:35,1
DA:36,1
DA:37,1
DA:39,2
DA:40,2
DA:43,1
DA:44,1
DA:45,1
DA:47,2
DA:48,2
DA:50,2
LF:31
LH:31
BRF:0
BRH:0
end_of_record
TN:
SF:livePriceWebSocket.js
FN:22,(anonymous_0)
FN:26,(anonymous_1)
FN:30,(anonymous_2)
FN:34,(anonymous_3)
FN:42,(anonymous_4)
FN:47,(anonymous_5)
FN:52,(anonymous_6)
FN:56,(anonymous_7)
FN:63,(anonymous_8)
FN:72,(anonymous_9)
FN:86,(anonymous_10)
FN:120,processLtpPacket
FN:133,processIndexLtpPacket
FN:146,processQuotePacket
FN:170,processIndexQuotePacket
FN:188,processFullPacket
FN:232,processIndexFullPacket
FNF:17
FNH:13
FNDA:14,(anonymous_0)
FNDA:14,(anonymous_1)
FNDA:14,(anonymous_2)
FNDA:14,(anonymous_3)
FNDA:1,(anonymous_4)
FNDA:0,(anonymous_5)
FNDA:0,(anonymous_6)
FNDA:0,(anonymous_7)
FNDA:0,(anonymous_8)
FNDA:1,(anonymous_9)
FNDA:6,(anonymous_10)
FNDA:1,processLtpPacket
FNDA:1,processIndexLtpPacket
FNDA:1,processQuotePacket
FNDA:1,processIndexQuotePacket
FNDA:1,processFullPacket
FNDA:1,processIndexFullPacket
DA:1,1
DA:2,1
DA:3,1
DA:23,14
DA:27,14
DA:31,14
DA:35,14
DA:43,1
DA:45,1
DA:47,1
DA:48,0
DA:49,0
DA:52,1
DA:53,0
DA:56,1
DA:57,0
DA:58,0
DA:60,0
DA:63,1
DA:64,0
DA:73,1
DA:74,1
DA:75,1
DA:77,0
DA:78,0
DA:87,6
DA:88,6
DA:89,6
DA:90,6
DA:91,370
DA:93,6
DA:94,6
DA:95,6
DA:96,6
DA:97,6
DA:98,6
DA:100,1
DA:101,1
DA:103,1
DA:104,1
DA:106,1
DA:107,1
DA:109,1
DA:110,1
DA:112,1
DA:113,1
DA:115,1
DA:116,1
DA:121,1
DA:130,1
DA:134,1
DA:143,1
DA:147,1
DA:167,1
DA:171,1
DA:185,1
DA:189,1
DA:190,1
DA:191,1
DA:192,5
DA:193,5
DA:194,5
DA:195,5
DA:196,5
DA:197,5
DA:198,5
DA:199,5
DA:200,5
DA:202,1
DA:203,1
DA:204,1
DA:206,1
DA:227,1
DA:229,1
DA:233,1
DA:246,1
DA:249,6
DA:253,1
LF:78
LH:69
BRDA:57,0,0,0
BRDA:57,0,1,0
BRDA:73,1,0,1
BRDA:73,1,1,0
BRDA:73,2,0,1
BRDA:73,2,1,1
BRDA:98,3,0,1
BRDA:98,3,1,1
BRDA:98,3,2,1
BRDA:98,3,3,1
BRDA:98,3,4,1
BRDA:98,3,5,1
BRF:12
BRH:9
end_of_record
TN:
SF:pmClient.js
FN:17,(anonymous_0)
FN:39,(anonymous_1)
FN:49,(anonymous_2)
FN:59,(anonymous_3)
FN:69,(anonymous_4)
FN:81,(anonymous_5)
FN:102,(anonymous_6)
FN:109,(anonymous_7)
FN:131,(anonymous_8)
FN:190,(anonymous_9)
FN:253,(anonymous_10)
FN:306,(anonymous_11)
FN:325,(anonymous_12)
FN:335,(anonymous_13)
FN:347,(anonymous_14)
FN:357,(anonymous_15)
FN:370,(anonymous_16)
FN:380,(anonymous_17)
FN:387,(anonymous_18)
FN:404,(anonymous_19)
FN:425,(anonymous_20)
FN:441,(anonymous_21)
FN:454,(anonymous_22)
FN:463,(anonymous_23)
FN:475,(anonymous_24)
FN:508,(anonymous_25)
FN:551,(anonymous_26)
FN:580,(anonymous_27)
FN:597,(anonymous_28)
FN:625,(anonymous_29)
FN:635,(anonymous_30)
FN:643,(anonymous_31)
FN:654,(anonymous_32)
FN:666,(anonymous_33)
FN:673,(anonymous_34)
FN:695,(anonymous_35)
FN:708,(anonymous_36)
FNF:37
FNH:34
FNDA:3,(anonymous_0)
FNDA:4,(anonymous_1)
FNDA:2,(anonymous_2)
FNDA:2,(anonymous_3)
FNDA:2,(anonymous_4)
FNDA:0,(anonymous_5)
FNDA:1,(anonymous_6)
FNDA:2,(anonymous_7)
FNDA:4,(anonymous_8)
FNDA:4,(anonymous_9)
FNDA:4,(anonymous_10)
FNDA:1,(anonymous_11)
FNDA:1,(anonymous_12)
FNDA:1,(anonymous_13)
FNDA:1,(anonymous_14)
FNDA:1,(anonymous_15)
FNDA:2,(anonymous_16)
FNDA:1,(anonymous_17)
FNDA:1,(anonymous_18)
FNDA:1,(anonymous_19)
FNDA:2,(anonymous_20)
FNDA:1,(anonymous_21)
FNDA:2,(anonymous_22)
FNDA:2,(anonymous_23)
FNDA:2,(anonymous_24)
FNDA:4,(anonymous_25)
FNDA:2,(anonymous_26)
FNDA:1,(anonymous_27)
FNDA:2,(anonymous_28)
FNDA:1,(anonymous_29)
FNDA:1,(anonymous_30)
FNDA:1,(anonymous_31)
FNDA:1,(anonymous_32)
FNDA:0,(anonymous_33)
FNDA:0,(anonymous_34)
FNDA:1,(anonymous_35)
FNDA:1,(anonymous_36)
DA:1,1
DA:2,1
DA:3,1
DA:4,1
DA:17,1
DA:18,3
DA:19,2
DA:21,1
DA:23,2
DA:24,1
DA:26,1
DA:28,1
DA:29,1
DA:30,1
DA:31,1
DA:32,1
DA:33,1
DA:39,1
DA:40,4
DA:41,4
DA:42,4
DA:49,1
DA:50,2
DA:51,2
DA:52,2
DA:59,1
DA:60,2
DA:61,2
DA:62,2
DA:69,1
DA:70,2
DA:71,1
DA:73,1
DA:81,1
DA:82,0
DA:87,0
DA:89,0
DA:91,0
DA:92,0
DA:93,0
DA:94,0
DA:96,0
DA:102,1
DA:103,1
DA:109,1
DA:110,2
DA:131,1
DA:132,4
DA:145,4
DA:148,4
DA:149,1
DA:153,4
DA:154,1
DA:155,1
DA:156,1
DA:157,1
DA:161,4
DA:162,1
DA:163,1
DA:164,1
DA:166,4
DA:190,1
DA:191,4
DA:209,4
DA:212,4
DA:213,4
DA:217,4
DA:218,1
DA:219,1
DA:220,1
DA:224,4
DA:225,1
DA:226,1
DA:228,4
DA:253,1
DA:254,4
DA:271,4
DA:274,4
DA:275,4
DA:279,4
DA:280,1
DA:281,1
DA:282,1
DA:286,4
DA:287,1
DA:288,1
DA:290,4
DA:306,1
DA:307,1
DA:318,1
DA:325,1
DA:326,1
DA:335,1
DA:336,1
DA:341,1
DA:347,1
DA:348,1
DA:357,1
DA:358,1
DA:363,1
DA:370,1
DA:371,2
DA:374,2
DA:380,1
DA:381,1
DA:387,1
DA:388,1
DA:404,1
DA:405,1
DA:416,1
DA:425,1
DA:426,2
DA:427,1
DA:429,2
DA:433,2
DA:441,1
DA:442,1
DA:443,0
DA:445,1
DA:448,1
DA:454,1
DA:455,2
DA:463,1
DA:464,2
DA:468,2
DA:475,1
DA:476,2
DA:479,2
DA:508,1
DA:509,4
DA:510,1
DA:514,1
DA:515,3
DA:516,1
DA:519,1
DA:520,2
DA:521,1
DA:524,1
DA:526,1
DA:551,1
DA:552,2
DA:554,2
DA:559,2
DA:561,2
DA:573,2
DA:580,1
DA:581,1
DA:584,1
DA:597,1
DA:598,2
DA:602,2
DA:604,2
DA:609,2
DA:611,2
DA:618,2
DA:625,1
DA:626,1
DA:629,1
DA:635,1
DA:636,1
DA:643,1
DA:644,1
DA:647,1
DA:654,1
DA:655,1
DA:658,1
DA:666,1
DA:668,0
DA:672,0
DA:674,0
DA:675,0
DA:676,0
DA:677,0
DA:679,0
DA:680,0
DA:683,0
DA:686,0
DA:695,1
DA:696,1
DA:701,1
DA:708,1
DA:709,1
DA:712,1
DA:717,1
LF:184
LH:165
BRDA:17,0,0,3
BRDA:17,1,0,3
BRDA:17,2,0,3
BRDA:18,3,0,2
BRDA:18,3,1,1
BRDA:18,4,0,3
BRDA:18,4,1,1
BRDA:23,5,0,1
BRDA:23,5,1,1
BRDA:23,6,0,2
BRDA:23,6,1,1
BRDA:70,7,0,1
BRDA:70,7,1,1
BRDA:70,8,0,2
BRDA:70,8,1,1
BRDA:91,9,0,0
BRDA:91,9,1,0
BRDA:131,10,0,0
BRDA:131,11,0,1
BRDA:131,12,0,1
BRDA:131,13,0,2
BRDA:148,14,0,1
BRDA:148,14,1,3
BRDA:148,15,0,4
BRDA:148,15,1,4
BRDA:153,16,0,1
BRDA:153,16,1,3
BRDA:161,17,0,1
BRDA:161,17,1,3
BRDA:190,18,0,0
BRDA:190,19,0,0
BRDA:190,20,0,0
BRDA:190,21,0,0
BRDA:212,22,0,4
BRDA:212,22,1,0
BRDA:212,23,0,4
BRDA:212,23,1,0
BRDA:217,24,0,1
BRDA:217,24,1,3
BRDA:224,25,0,1
BRDA:224,25,1,3
BRDA:253,26,0,0
BRDA:253,27,0,1
BRDA:253,28,0,3
BRDA:253,29,0,4
BRDA:274,30,0,4
BRDA:274,30,1,0
BRDA:274,31,0,4
BRDA:274,31,1,1
BRDA:279,32,0,1
BRDA:279,32,1,3
BRDA:286,33,0,1
BRDA:286,33,1,3
BRDA:370,34,0,2
BRDA:426,35,0,1
BRDA:426,35,1,1
BRDA:442,36,0,0
BRDA:442,36,1,1
BRDA:508,37,0,1
BRDA:508,38,0,1
BRDA:509,39,0,1
BRDA:509,39,1,3
BRDA:509,40,0,4
BRDA:509,40,1,2
BRDA:509,40,2,2
BRDA:509,40,3,1
BRDA:515,41,0,1
BRDA:515,41,1,2
BRDA:515,42,0,3
BRDA:515,42,1,1
BRDA:515,42,2,1
BRDA:515,42,3,0
BRDA:520,43,0,1
BRDA:520,43,1,1
BRDA:520,44,0,2
BRDA:520,44,1,0
BRDA:520,44,2,2
BRDA:520,44,3,1
BRDA:597,45,0,0
BRDA:597,46,0,0
BRDA:597,47,0,0
BRDA:597,48,0,0
BRDA:597,49,0,0
BRDA:597,50,0,0
BRDA:597,51,0,0
BRDA:676,52,0,0
BRDA:676,52,1,0
BRDA:679,53,0,0
BRDA:679,53,1,0
BRF:89
BRH:64
end_of_record
