TN:
SF:apiService.js
FN:7,(anonymous_0)
FN:39,(anonymous_1)
FN:40,(anonymous_2)
FNF:3
FNH:3
FNDA:51,(anonymous_0)
FNDA:51,(anonymous_1)
FNDA:1,(anonymous_2)
DA:1,1
DA:2,1
DA:3,1
DA:4,1
DA:7,1
DA:8,51
DA:9,51
DA:10,51
DA:11,51
DA:12,5
DA:13,5
DA:17,51
DA:18,15
DA:21,51
DA:28,51
DA:29,29
DA:32,51
DA:34,51
DA:35,0
DA:39,51
DA:40,51
DA:41,1
DA:42,1
DA:43,1
DA:44,0
DA:45,1
DA:46,1
DA:47,0
DA:48,0
DA:49,0
DA:50,0
DA:51,0
DA:52,0
DA:54,0
DA:57,0
DA:59,0
LF:36
LH:25
BRDA:7,0,0,0
BRDA:7,1,0,0
BRDA:7,2,0,0
BRDA:11,3,0,5
BRDA:11,3,1,46
BRDA:17,4,0,15
BRDA:17,4,1,36
BRDA:28,5,0,29
BRDA:28,5,1,22
BRDA:34,6,0,0
BRDA:34,6,1,51
BRDA:41,7,0,1
BRDA:41,7,1,0
BRDA:42,8,0,1
BRDA:42,8,1,0
BRDA:43,9,0,0
BRDA:43,9,1,1
BRDA:45,10,0,1
BRDA:45,10,1,0
BRDA:47,11,0,0
BRDA:47,11,1,0
BRDA:49,12,0,0
BRDA:49,12,1,0
BRDA:51,13,0,0
BRDA:51,13,1,0
BRF:25
BRH:11
end_of_record
TN:
SF:constants.js
FNF:0
FNH:0
DA:1,2
DA:50,2
LF:2
LH:2
BRF:0
BRH:0
end_of_record
TN:
SF:exception.js
FN:1,ConnectionError
FN:10,AttributeError
FN:18,NotFoundError
FN:26,MediaTypeError
FN:34,ServerError
FN:42,OtherError
FNF:6
FNH:6
FNDA:1,ConnectionError
FNDA:2,AttributeError
FNDA:1,NotFoundError
FNDA:1,MediaTypeError
FNDA:1,ServerError
FNDA:1,OtherError
DA:2,1
DA:3,1
DA:4,1
DA:6,1
DA:7,1
DA:11,2
DA:12,2
DA:13,2
DA:15,1
DA:16,1
DA:19,1
DA:20,1
DA:21,1
DA:23,1
DA:24,1
DA:27,1
DA:28,1
DA:29,1
DA:31,1
DA:32,1
DA:35,1
DA:36,1
DA:37,1
DA:39,1
DA:40,1
DA:43,1
DA:44,1
DA:45,1
DA:47,1
DA:48,1
DA:50,1
LF:31
LH:31
BRF:0
BRH:0
end_of_record
TN:
SF:livePriceWebSocket.js
FN:21,(anonymous_0)
FN:25,(anonymous_1)
FN:29,(anonymous_2)
FN:33,(anonymous_3)
FN:41,(anonymous_4)
FN:46,(anonymous_5)
FN:51,(anonymous_6)
FN:55,(anonymous_7)
FN:62,(anonymous_8)
FN:71,(anonymous_9)
FN:85,(anonymous_10)
FN:119,processLtpPacket
FN:132,processIndexLtpPacket
FN:145,processQuotePacket
FN:169,processIndexQuotePacket
FN:187,processFullPacket
FN:231,processIndexFullPacket
FNF:17
FNH:13
FNDA:14,(anonymous_0)
FNDA:14,(anonymous_1)
FNDA:14,(anonymous_2)
FNDA:14,(anonymous_3)
FNDA:1,(anonymous_4)
FNDA:0,(anonymous_5)
FNDA:0,(anonymous_6)
FNDA:0,(anonymous_7)
FNDA:0,(anonymous_8)
FNDA:1,(anonymous_9)
FNDA:6,(anonymous_10)
FNDA:1,processLtpPacket
FNDA:1,processIndexLtpPacket
FNDA:1,processQuotePacket
FNDA:1,processIndexQuotePacket
FNDA:1,processFullPacket
FNDA:1,processIndexFullPacket
DA:1,1
DA:2,1
DA:22,14
DA:26,14
DA:30,14
DA:34,14
DA:42,1
DA:44,1
DA:46,1
DA:47,0
DA:48,0
DA:51,1
DA:52,0
DA:55,1
DA:56,0
DA:57,0
DA:59,0
DA:62,1
DA:63,0
DA:72,1
DA:73,1
DA:74,1
DA:76,0
DA:77,0
DA:86,6
DA:87,6
DA:88,6
DA:89,6
DA:90,370
DA:92,6
DA:93,6
DA:94,6
DA:95,6
DA:96,6
DA:97,6
DA:99,1
DA:100,1
DA:102,1
DA:103,1
DA:105,1
DA:106,1
DA:108,1
DA:109,1
DA:111,1
DA:112,1
DA:114,1
DA:115,1
DA:120,1
DA:129,1
DA:133,1
DA:142,1
DA:146,1
DA:166,1
DA:170,1
DA:184,1
DA:188,1
DA:189,1
DA:190,1
DA:191,5
DA:192,5
DA:193,5
DA:194,5
DA:195,5
DA:196,5
DA:197,5
DA:198,5
DA:199,5
DA:201,1
DA:202,1
DA:203,1
DA:205,1
DA:226,1
DA:228,1
DA:232,1
DA:245,1
DA:248,6
DA:252,1
LF:77
LH:68
BRDA:56,0,0,0
BRDA:56,0,1,0
BRDA:72,1,0,1
BRDA:72,1,1,0
BRDA:72,2,0,1
BRDA:72,2,1,1
BRDA:97,3,0,1
BRDA:97,3,1,1
BRDA:97,3,2,1
BRDA:97,3,3,1
BRDA:97,3,4,1
BRDA:97,3,5,1
BRF:12
BRH:9
end_of_record
TN:
SF:pmClient.js
FN:13,(anonymous_0)
FN:30,(anonymous_1)
FN:40,(anonymous_2)
FN:52,(anonymous_3)
FN:74,(anonymous_4)
FN:81,(anonymous_5)
FN:105,(anonymous_6)
FN:173,(anonymous_7)
FN:242,(anonymous_8)
FN:297,(anonymous_9)
FN:322,(anonymous_10)
FN:332,(anonymous_11)
FN:344,(anonymous_12)
FN:354,(anonymous_13)
FN:367,(anonymous_14)
FN:377,(anonymous_15)
FN:384,(anonymous_16)
FN:401,(anonymous_17)
FN:422,(anonymous_18)
FN:438,(anonymous_19)
FN:463,(anonymous_20)
FN:472,(anonymous_21)
FN:484,(anonymous_22)
FN:495,(anonymous_23)
FN:517,(anonymous_24)
FN:560,(anonymous_25)
FN:589,(anonymous_26)
FN:606,(anonymous_27)
FN:634,(anonymous_28)
FN:644,(anonymous_29)
FN:652,(anonymous_30)
FN:663,(anonymous_31)
FNF:32
FNH:32
FNDA:1,(anonymous_0)
FNDA:54,(anonymous_1)
FNDA:2,(anonymous_2)
FNDA:1,(anonymous_3)
FNDA:1,(anonymous_4)
FNDA:2,(anonymous_5)
FNDA:4,(anonymous_6)
FNDA:3,(anonymous_7)
FNDA:3,(anonymous_8)
FNDA:1,(anonymous_9)
FNDA:1,(anonymous_10)
FNDA:1,(anonymous_11)
FNDA:1,(anonymous_12)
FNDA:1,(anonymous_13)
FNDA:2,(anonymous_14)
FNDA:1,(anonymous_15)
FNDA:1,(anonymous_16)
FNDA:1,(anonymous_17)
FNDA:2,(anonymous_18)
FNDA:4,(anonymous_19)
FNDA:2,(anonymous_20)
FNDA:2,(anonymous_21)
FNDA:2,(anonymous_22)
FNDA:2,(anonymous_23)
FNDA:4,(anonymous_24)
FNDA:2,(anonymous_25)
FNDA:1,(anonymous_26)
FNDA:2,(anonymous_27)
FNDA:1,(anonymous_28)
FNDA:1,(anonymous_29)
FNDA:1,(anonymous_30)
FNDA:1,(anonymous_31)
DA:1,1
DA:2,1
DA:13,1
DA:14,1
DA:15,1
DA:17,0
DA:19,1
DA:20,1
DA:22,0
DA:24,1
DA:30,1
DA:31,54
DA:32,54
DA:33,54
DA:40,1
DA:41,2
DA:42,1
DA:44,1
DA:52,1
DA:53,1
DA:56,1
DA:60,1
DA:62,0
DA:64,0
DA:65,0
DA:68,0
DA:74,1
DA:75,1
DA:81,1
DA:82,2
DA:105,1
DA:106,4
DA:119,4
DA:122,4
DA:123,1
DA:127,4
DA:128,1
DA:129,1
DA:134,4
DA:135,1
DA:136,1
DA:137,1
DA:138,1
DA:142,4
DA:143,1
DA:144,1
DA:145,1
DA:147,4
DA:173,1
DA:174,3
DA:192,3
DA:195,3
DA:196,3
DA:200,3
DA:201,3
DA:202,3
DA:206,3
DA:207,1
DA:208,1
DA:209,1
DA:213,3
DA:214,1
DA:215,1
DA:217,3
DA:242,1
DA:243,3
DA:260,3
DA:263,3
DA:264,3
DA:268,3
DA:269,1
DA:270,1
DA:271,1
DA:275,3
DA:276,1
DA:277,1
DA:279,3
DA:297,1
DA:298,1
DA:311,1
DA:312,1
DA:313,1
DA:315,1
DA:322,1
DA:323,1
DA:332,1
DA:333,1
DA:338,1
DA:344,1
DA:345,1
DA:354,1
DA:355,1
DA:360,1
DA:367,1
DA:368,2
DA:371,2
DA:377,1
DA:378,1
DA:384,1
DA:385,1
DA:401,1
DA:402,1
DA:413,1
DA:422,1
DA:423,2
DA:424,1
DA:426,2
DA:430,2
DA:438,1
DA:439,4
DA:440,1
DA:444,1
DA:445,3
DA:446,1
DA:449,1
DA:450,2
DA:451,1
DA:454,1
DA:456,1
DA:463,1
DA:464,2
DA:472,1
DA:473,2
DA:477,2
DA:484,1
DA:485,2
DA:488,2
DA:495,1
DA:496,2
DA:509,2
DA:517,1
DA:518,4
DA:519,1
DA:523,1
DA:524,3
DA:525,1
DA:528,1
DA:529,2
DA:530,1
DA:533,1
DA:535,1
DA:560,1
DA:561,2
DA:563,2
DA:568,2
DA:570,2
DA:582,2
DA:589,1
DA:590,1
DA:593,1
DA:606,1
DA:607,2
DA:611,2
DA:613,2
DA:618,2
DA:620,2
DA:627,2
DA:634,1
DA:635,1
DA:638,1
DA:644,1
DA:645,1
DA:652,1
DA:653,1
DA:656,1
DA:663,1
DA:664,1
DA:667,1
DA:672,1
LF:169
LH:163
BRDA:13,0,0,1
BRDA:14,1,0,1
BRDA:14,1,1,0
BRDA:14,2,0,1
BRDA:14,2,1,0
BRDA:19,3,0,1
BRDA:19,3,1,0
BRDA:19,4,0,1
BRDA:19,4,1,0
BRDA:41,5,0,1
BRDA:41,5,1,1
BRDA:41,6,0,2
BRDA:41,6,1,1
BRDA:64,7,0,0
BRDA:64,7,1,0
BRDA:105,8,0,0
BRDA:105,9,0,1
BRDA:105,10,0,1
BRDA:105,11,0,2
BRDA:105,12,0,3
BRDA:105,13,0,3
BRDA:122,14,0,1
BRDA:122,14,1,3
BRDA:122,15,0,4
BRDA:122,15,1,4
BRDA:127,16,0,1
BRDA:127,16,1,3
BRDA:127,17,0,4
BRDA:127,17,1,1
BRDA:134,18,0,1
BRDA:134,18,1,3
BRDA:142,19,0,1
BRDA:142,19,1,3
BRDA:173,20,0,0
BRDA:173,21,0,0
BRDA:173,22,0,0
BRDA:173,23,0,0
BRDA:173,24,0,0
BRDA:173,25,0,0
BRDA:195,26,0,3
BRDA:195,26,1,0
BRDA:195,27,0,3
BRDA:195,27,1,0
BRDA:200,28,0,3
BRDA:200,28,1,0
BRDA:200,29,0,3
BRDA:200,29,1,3
BRDA:206,30,0,1
BRDA:206,30,1,2
BRDA:213,31,0,1
BRDA:213,31,1,2
BRDA:242,32,0,0
BRDA:242,33,0,1
BRDA:242,34,0,2
BRDA:242,35,0,3
BRDA:263,36,0,3
BRDA:263,36,1,0
BRDA:263,37,0,3
BRDA:263,37,1,0
BRDA:268,38,0,1
BRDA:268,38,1,2
BRDA:275,39,0,1
BRDA:275,39,1,2
BRDA:297,40,0,0
BRDA:297,41,0,0
BRDA:311,42,0,1
BRDA:311,42,1,0
BRDA:311,43,0,1
BRDA:311,43,1,1
BRDA:367,44,0,2
BRDA:423,45,0,1
BRDA:423,45,1,1
BRDA:438,46,0,1
BRDA:438,47,0,1
BRDA:439,48,0,1
BRDA:439,48,1,3
BRDA:439,49,0,4
BRDA:439,49,1,2
BRDA:439,49,2,2
BRDA:439,49,3,1
BRDA:445,50,0,1
BRDA:445,50,1,2
BRDA:445,51,0,3
BRDA:445,51,1,1
BRDA:445,51,2,1
BRDA:445,51,3,0
BRDA:450,52,0,1
BRDA:450,52,1,1
BRDA:450,53,0,2
BRDA:450,53,1,0
BRDA:450,53,2,2
BRDA:450,53,3,1
BRDA:495,54,0,2
BRDA:495,55,0,2
BRDA:495,56,0,2
BRDA:517,57,0,1
BRDA:517,58,0,1
BRDA:518,59,0,1
BRDA:518,59,1,3
BRDA:518,60,0,4
BRDA:518,60,1,2
BRDA:518,60,2,2
BRDA:518,60,3,1
BRDA:524,61,0,1
BRDA:524,61,1,2
BRDA:524,62,0,3
BRDA:524,62,1,1
BRDA:524,62,2,1
BRDA:524,62,3,0
BRDA:529,63,0,1
BRDA:529,63,1,1
BRDA:529,64,0,2
BRDA:529,64,1,0
BRDA:529,64,2,2
BRDA:529,64,3,1
BRDA:606,65,0,0
BRDA:606,66,0,0
BRDA:606,67,0,0
BRDA:606,68,0,0
BRDA:606,69,0,0
BRDA:606,70,0,0
BRDA:606,71,0,0
BRF:122
BRH:89
end_of_record
